{"/root/websites/events-stepperslife/app/layout.tsx": {"path":"/root/websites/events-stepperslife/app/layout.tsx","statementMap":{"0":{"start":{"line":62,"column":24},"end":{"line":62,"column":35}},"1":{"start":{"line":5,"column":13},"end":{"line":5,"column":21}},"2":{"start":{"line":52,"column":13},"end":{"line":52,"column":21}},"3":{"start":{"line":2,"column":7},"end":{"line":2,"column":null}},"4":{"start":{"line":3,"column":26},"end":{"line":3,"column":null}},"5":{"start":{"line":5,"column":34},"end":{"line":50,"column":null}},"6":{"start":{"line":52,"column":34},"end":{"line":60,"column":null}}},"fnMap":{"0":{"name":"RootLayout","decl":{"start":{"line":62,"column":24},"end":{"line":62,"column":35}},"loc":{"start":{"line":66,"column":1},"end":{"line":76,"column":1}}}},"branchMap":{},"s":{"0":0,"1":0,"2":0,"3":0,"4":0,"5":0,"6":0},"f":{"0":0},"b":{}}
,"/root/websites/events-stepperslife/app/providers.tsx": {"path":"/root/websites/events-stepperslife/app/providers.tsx","statementMap":{"0":{"start":{"line":8,"column":16},"end":{"line":8,"column":26}},"1":{"start":{"line":3,"column":32},"end":{"line":3,"column":null}},"2":{"start":{"line":4,"column":30},"end":{"line":4,"column":null}},"3":{"start":{"line":5,"column":49},"end":{"line":5,"column":null}},"4":{"start":{"line":6,"column":25},"end":{"line":6,"column":null}},"5":{"start":{"line":9,"column":24},"end":{"line":18,"column":null}},"6":{"start":{"line":11,"column":6},"end":{"line":18,"column":null}}},"fnMap":{"0":{"name":"Providers","decl":{"start":{"line":8,"column":16},"end":{"line":8,"column":26}},"loc":{"start":{"line":8,"column":69},"end":{"line":35,"column":null}}},"1":{"name":"(anonymous_2)","decl":{"start":{"line":10,"column":4},"end":{"line":10,"column":null}},"loc":{"start":{"line":11,"column":6},"end":{"line":18,"column":null}}}},"branchMap":{},"s":{"0":0,"1":0,"2":0,"3":0,"4":0,"5":0,"6":0},"f":{"0":0,"1":0},"b":{}}
,"/root/websites/events-stepperslife/app/(public)/layout.tsx": {"path":"/root/websites/events-stepperslife/app/(public)/layout.tsx","statementMap":{"0":{"start":{"line":4,"column":24},"end":{"line":4,"column":37}},"1":{"start":{"line":1,"column":23},"end":{"line":1,"column":null}},"2":{"start":{"line":2,"column":23},"end":{"line":2,"column":null}}},"fnMap":{"0":{"name":"PublicLayout","decl":{"start":{"line":4,"column":24},"end":{"line":4,"column":37}},"loc":{"start":{"line":8,"column":1},"end":{"line":16,"column":null}}}},"branchMap":{},"s":{"0":0,"1":0,"2":0},"f":{"0":0},"b":{}}
,"/root/websites/events-stepperslife/app/(public)/page.tsx": {"path":"/root/websites/events-stepperslife/app/(public)/page.tsx","statementMap":{"0":{"start":{"line":24,"column":24},"end":{"line":24,"column":null}},"1":{"start":{"line":3,"column":17},"end":{"line":3,"column":null}},"2":{"start":{"line":4,"column":23},"end":{"line":4,"column":null}},"3":{"start":{"line":5,"column":23},"end":{"line":5,"column":null}},"4":{"start":{"line":6,"column":34},"end":{"line":6,"column":null}},"5":{"start":{"line":7,"column":22},"end":{"line":7,"column":null}},"6":{"start":{"line":22,"column":7},"end":{"line":22,"column":null}},"7":{"start":{"line":25,"column":19},"end":{"line":29,"column":null}},"8":{"start":{"line":31,"column":27},"end":{"line":37,"column":null}},"9":{"start":{"line":39,"column":19},"end":{"line":76,"column":null}},"10":{"start":{"line":78,"column":16},"end":{"line":83,"column":null}},"11":{"start":{"line":85,"column":25},"end":{"line":116,"column":null}},"12":{"start":{"line":208,"column":14},"end":{"line":209,"column":null}},"13":{"start":{"line":259,"column":14},"end":{"line":259,"column":38}},"14":{"start":{"line":310,"column":14},"end":{"line":310,"column":41}}},"fnMap":{"0":{"name":"HomePage","decl":{"start":{"line":24,"column":24},"end":{"line":24,"column":null}},"loc":{"start":{"line":24,"column":24},"end":{"line":410,"column":null}}},"1":{"name":"(anonymous_3)","decl":{"start":{"line":207,"column":23},"end":{"line":207,"column":24}},"loc":{"start":{"line":208,"column":14},"end":{"line":209,"column":null}}},"2":{"name":"(anonymous_4)","decl":{"start":{"line":258,"column":26},"end":{"line":258,"column":27}},"loc":{"start":{"line":259,"column":14},"end":{"line":259,"column":38}}},"3":{"name":"(anonymous_5)","decl":{"start":{"line":309,"column":32},"end":{"line":309,"column":33}},"loc":{"start":{"line":310,"column":14},"end":{"line":310,"column":41}}}},"branchMap":{},"s":{"0":0,"1":0,"2":0,"3":0,"4":0,"5":0,"6":0,"7":0,"8":0,"9":0,"10":0,"11":0,"12":0,"13":0,"14":0},"f":{"0":0,"1":0,"2":0,"3":0},"b":{}}
,"/root/websites/events-stepperslife/app/(public)/events/page.tsx": {"path":"/root/websites/events-stepperslife/app/(public)/events/page.tsx","statementMap":{"0":{"start":{"line":47,"column":24},"end":{"line":47,"column":null}},"1":{"start":{"line":3,"column":36},"end":{"line":3,"column":null}},"2":{"start":{"line":4,"column":17},"end":{"line":4,"column":null}},"3":{"start":{"line":5,"column":23},"end":{"line":5,"column":null}},"4":{"start":{"line":6,"column":74},"end":{"line":6,"column":null}},"5":{"start":{"line":7,"column":22},"end":{"line":7,"column":null}},"6":{"start":{"line":8,"column":26},"end":{"line":8,"column":null}},"7":{"start":{"line":9,"column":27},"end":{"line":9,"column":null}},"8":{"start":{"line":15,"column":7},"end":{"line":15,"column":null}},"9":{"start":{"line":48,"column":30},"end":{"line":48,"column":null}},"10":{"start":{"line":49,"column":32},"end":{"line":49,"column":null}},"11":{"start":{"line":50,"column":38},"end":{"line":50,"column":null}},"12":{"start":{"line":51,"column":46},"end":{"line":51,"column":null}},"13":{"start":{"line":52,"column":34},"end":{"line":52,"column":null}},"14":{"start":{"line":55,"column":2},"end":{"line":60,"column":null}},"15":{"start":{"line":56,"column":22},"end":{"line":56,"column":null}},"16":{"start":{"line":57,"column":4},"end":{"line":59,"column":null}},"17":{"start":{"line":58,"column":6},"end":{"line":58,"column":null}},"18":{"start":{"line":62,"column":2},"end":{"line":64,"column":null}},"19":{"start":{"line":63,"column":4},"end":{"line":63,"column":null}},"20":{"start":{"line":66,"column":27},"end":{"line":69,"column":null}},"21":{"start":{"line":67,"column":4},"end":{"line":67,"column":null}},"22":{"start":{"line":68,"column":4},"end":{"line":68,"column":null}},"23":{"start":{"line":71,"column":22},"end":{"line":91,"column":null}},"24":{"start":{"line":72,"column":4},"end":{"line":90,"column":null}},"25":{"start":{"line":73,"column":21},"end":{"line":73,"column":null}},"26":{"start":{"line":74,"column":6},"end":{"line":74,"column":44}},"27":{"start":{"line":75,"column":6},"end":{"line":75,"column":null}},"28":{"start":{"line":75,"column":22},"end":{"line":75,"column":null}},"29":{"start":{"line":76,"column":6},"end":{"line":76,"column":null}},"30":{"start":{"line":76,"column":26},"end":{"line":76,"column":null}},"31":{"start":{"line":78,"column":23},"end":{"line":78,"column":null}},"32":{"start":{"line":79,"column":21},"end":{"line":79,"column":null}},"33":{"start":{"line":81,"column":6},"end":{"line":83,"column":null}},"34":{"start":{"line":82,"column":8},"end":{"line":82,"column":null}},"35":{"start":{"line":85,"column":6},"end":{"line":85,"column":null}},"36":{"start":{"line":87,"column":6},"end":{"line":87,"column":null}},"37":{"start":{"line":89,"column":6},"end":{"line":89,"column":null}},"38":{"start":{"line":119,"column":35},"end":{"line":119,"column":null}},"39":{"start":{"line":126,"column":33},"end":{"line":126,"column":null}},"40":{"start":{"line":167,"column":39},"end":{"line":167,"column":58}},"41":{"start":{"line":167,"column":58},"end":{"line":167,"column":81}},"42":{"start":{"line":176,"column":14},"end":{"line":176,"column":40}},"43":{"start":{"line":182,"column":39},"end":{"line":182,"column":52}},"44":{"start":{"line":183,"column":16},"end":{"line":183,"column":42}},"45":{"start":{"line":187,"column":39},"end":{"line":187,"column":52}},"46":{"start":{"line":188,"column":16},"end":{"line":188,"column":42}},"47":{"start":{"line":192,"column":39},"end":{"line":192,"column":52}},"48":{"start":{"line":193,"column":16},"end":{"line":193,"column":42}},"49":{"start":{"line":197,"column":39},"end":{"line":197,"column":52}},"50":{"start":{"line":198,"column":16},"end":{"line":198,"column":42}},"51":{"start":{"line":205,"column":14},"end":{"line":205,"column":40}}},"fnMap":{"0":{"name":"PublicEventsPage","decl":{"start":{"line":47,"column":24},"end":{"line":47,"column":null}},"loc":{"start":{"line":47,"column":24},"end":{"line":230,"column":null}}},"1":{"name":"(anonymous_3)","decl":{"start":{"line":55,"column":12},"end":{"line":55,"column":null}},"loc":{"start":{"line":55,"column":12},"end":{"line":60,"column":5}}},"2":{"name":"(anonymous_4)","decl":{"start":{"line":62,"column":12},"end":{"line":62,"column":null}},"loc":{"start":{"line":62,"column":12},"end":{"line":64,"column":5}}},"3":{"name":"(anonymous_5)","decl":{"start":{"line":66,"column":27},"end":{"line":66,"column":28}},"loc":{"start":{"line":66,"column":28},"end":{"line":69,"column":null}}},"4":{"name":"(anonymous_6)","decl":{"start":{"line":71,"column":22},"end":{"line":71,"column":null}},"loc":{"start":{"line":71,"column":22},"end":{"line":91,"column":null}}},"5":{"name":"(anonymous_7)","decl":{"start":{"line":119,"column":28},"end":{"line":119,"column":29}},"loc":{"start":{"line":119,"column":35},"end":{"line":119,"column":null}}},"6":{"name":"(anonymous_8)","decl":{"start":{"line":126,"column":26},"end":{"line":126,"column":27}},"loc":{"start":{"line":126,"column":33},"end":{"line":126,"column":null}}},"7":{"name":"(anonymous_9)","decl":{"start":{"line":167,"column":31},"end":{"line":167,"column":39}},"loc":{"start":{"line":167,"column":31},"end":{"line":167,"column":null}}},"8":{"name":"(anonymous_10)","decl":{"start":{"line":175,"column":24},"end":{"line":175,"column":25}},"loc":{"start":{"line":176,"column":14},"end":{"line":176,"column":40}}},"9":{"name":"(anonymous_11)","decl":{"start":{"line":182,"column":29},"end":{"line":182,"column":30}},"loc":{"start":{"line":182,"column":39},"end":{"line":182,"column":52}}},"10":{"name":"(anonymous_12)","decl":{"start":{"line":182,"column":56},"end":{"line":182,"column":57}},"loc":{"start":{"line":183,"column":16},"end":{"line":183,"column":42}}},"11":{"name":"(anonymous_13)","decl":{"start":{"line":187,"column":29},"end":{"line":187,"column":30}},"loc":{"start":{"line":187,"column":39},"end":{"line":187,"column":52}}},"12":{"name":"(anonymous_14)","decl":{"start":{"line":187,"column":56},"end":{"line":187,"column":57}},"loc":{"start":{"line":188,"column":16},"end":{"line":188,"column":42}}},"13":{"name":"(anonymous_15)","decl":{"start":{"line":192,"column":29},"end":{"line":192,"column":30}},"loc":{"start":{"line":192,"column":39},"end":{"line":192,"column":52}}},"14":{"name":"(anonymous_16)","decl":{"start":{"line":192,"column":56},"end":{"line":192,"column":57}},"loc":{"start":{"line":193,"column":16},"end":{"line":193,"column":42}}},"15":{"name":"(anonymous_17)","decl":{"start":{"line":197,"column":29},"end":{"line":197,"column":30}},"loc":{"start":{"line":197,"column":39},"end":{"line":197,"column":52}}},"16":{"name":"(anonymous_18)","decl":{"start":{"line":197,"column":56},"end":{"line":197,"column":57}},"loc":{"start":{"line":198,"column":16},"end":{"line":198,"column":42}}},"17":{"name":"(anonymous_19)","decl":{"start":{"line":204,"column":24},"end":{"line":204,"column":25}},"loc":{"start":{"line":205,"column":14},"end":{"line":205,"column":40}}}},"branchMap":{"0":{"loc":{"start":{"line":57,"column":4},"end":{"line":59,"column":null}},"type":"if","locations":[{"start":{"line":57,"column":4},"end":{"line":59,"column":null}}]},"1":{"loc":{"start":{"line":57,"column":8},"end":{"line":57,"column":70}},"type":"binary-expr","locations":[{"start":{"line":57,"column":8},"end":{"line":57,"column":21}},{"start":{"line":57,"column":21},"end":{"line":57,"column":70}}]},"2":{"loc":{"start":{"line":75,"column":6},"end":{"line":75,"column":null}},"type":"if","locations":[{"start":{"line":75,"column":6},"end":{"line":75,"column":null}}]},"3":{"loc":{"start":{"line":76,"column":6},"end":{"line":76,"column":null}},"type":"if","locations":[{"start":{"line":76,"column":6},"end":{"line":76,"column":null}}]},"4":{"loc":{"start":{"line":81,"column":6},"end":{"line":83,"column":null}},"type":"if","locations":[{"start":{"line":81,"column":6},"end":{"line":83,"column":null}}]},"5":{"loc":{"start":{"line":82,"column":24},"end":{"line":82,"column":null}},"type":"binary-expr","locations":[{"start":{"line":82,"column":24},"end":{"line":82,"column":36}},{"start":{"line":82,"column":40},"end":{"line":82,"column":null}}]},"6":{"loc":{"start":{"line":85,"column":16},"end":{"line":85,"column":35}},"type":"binary-expr","locations":[{"start":{"line":85,"column":16},"end":{"line":85,"column":29}},{"start":{"line":85,"column":33},"end":{"line":85,"column":35}}]},"7":{"loc":{"start":{"line":154,"column":10},"end":{"line":157,"column":19}},"type":"cond-expr","locations":[{"start":{"line":154,"column":10},"end":{"line":157,"column":19}}]},"8":{"loc":{"start":{"line":158,"column":10},"end":{"line":173,"column":25}},"type":"cond-expr","locations":[{"start":{"line":158,"column":10},"end":{"line":173,"column":25}}]},"9":{"loc":{"start":{"line":163,"column":17},"end":{"line":165,"column":null}},"type":"cond-expr","locations":[{"start":{"line":164,"column":20},"end":{"line":164,"column":null}},{"start":{"line":165,"column":20},"end":{"line":165,"column":null}}]},"10":{"loc":{"start":{"line":163,"column":17},"end":{"line":163,"column":null}},"type":"binary-expr","locations":[{"start":{"line":163,"column":17},"end":{"line":163,"column":31}},{"start":{"line":163,"column":31},"end":{"line":163,"column":null}}]},"11":{"loc":{"start":{"line":174,"column":10},"end":{"line":179,"column":25}},"type":"cond-expr","locations":[{"start":{"line":174,"column":10},"end":{"line":179,"column":25}}]},"12":{"loc":{"start":{"line":180,"column":10},"end":{"line":203,"column":11}},"type":"cond-expr","locations":[{"start":{"line":180,"column":10},"end":{"line":203,"column":11}}]},"13":{"loc":{"start":{"line":211,"column":9},"end":{"line":211,"column":null}},"type":"binary-expr","locations":[{"start":{"line":211,"column":9},"end":{"line":211,"column":null}}]}},"s":{"0":0,"1":0,"2":0,"3":0,"4":0,"5":0,"6":0,"7":0,"8":0,"9":0,"10":0,"11":0,"12":0,"13":0,"14":0,"15":0,"16":0,"17":0,"18":0,"19":0,"20":0,"21":0,"22":0,"23":0,"24":0,"25":0,"26":0,"27":0,"28":0,"29":0,"30":0,"31":0,"32":0,"33":0,"34":0,"35":0,"36":0,"37":0,"38":0,"39":0,"40":0,"41":0,"42":0,"43":0,"44":0,"45":0,"46":0,"47":0,"48":0,"49":0,"50":0,"51":0},"f":{"0":0,"1":0,"2":0,"3":0,"4":0,"5":0,"6":0,"7":0,"8":0,"9":0,"10":0,"11":0,"12":0,"13":0,"14":0,"15":0,"16":0,"17":0},"b":{"0":[0],"1":[0,0],"2":[0],"3":[0],"4":[0],"5":[0,0],"6":[0,0],"7":[0],"8":[0],"9":[0,0],"10":[0,0],"11":[0],"12":[0],"13":[0]}}
,"/root/websites/events-stepperslife/app/(public)/events/[eventId]/page.tsx": {"path":"/root/websites/events-stepperslife/app/(public)/events/[eventId]/page.tsx","statementMap":{"0":{"start":{"line":67,"column":24},"end":{"line":67,"column":null}},"1":{"start":{"line":3,"column":27},"end":{"line":3,"column":null}},"2":{"start":{"line":4,"column":37},"end":{"line":4,"column":null}},"3":{"start":{"line":5,"column":36},"end":{"line":5,"column":null}},"4":{"start":{"line":6,"column":17},"end":{"line":6,"column":null}},"5":{"start":{"line":7,"column":23},"end":{"line":7,"column":null}},"6":{"start":{"line":8,"column":74},"end":{"line":8,"column":null}},"7":{"start":{"line":9,"column":22},"end":{"line":9,"column":null}},"8":{"start":{"line":10,"column":22},"end":{"line":10,"column":null}},"9":{"start":{"line":11,"column":22},"end":{"line":11,"column":null}},"10":{"start":{"line":26,"column":7},"end":{"line":26,"column":null}},"11":{"start":{"line":27,"column":30},"end":{"line":27,"column":null}},"12":{"start":{"line":68,"column":36},"end":{"line":68,"column":null}},"13":{"start":{"line":69,"column":17},"end":{"line":69,"column":null}},"14":{"start":{"line":70,"column":17},"end":{"line":70,"column":null}},"15":{"start":{"line":71,"column":18},"end":{"line":71,"column":32}},"16":{"start":{"line":73,"column":28},"end":{"line":73,"column":null}},"17":{"start":{"line":74,"column":32},"end":{"line":74,"column":null}},"18":{"start":{"line":75,"column":28},"end":{"line":75,"column":null}},"19":{"start":{"line":76,"column":38},"end":{"line":76,"column":null}},"20":{"start":{"line":77,"column":48},"end":{"line":77,"column":null}},"21":{"start":{"line":78,"column":48},"end":{"line":78,"column":null}},"22":{"start":{"line":79,"column":40},"end":{"line":79,"column":null}},"23":{"start":{"line":81,"column":42},"end":{"line":87,"column":null}},"24":{"start":{"line":89,"column":2},"end":{"line":91,"column":null}},"25":{"start":{"line":90,"column":4},"end":{"line":90,"column":null}},"26":{"start":{"line":93,"column":2},"end":{"line":101,"column":null}},"27":{"start":{"line":94,"column":4},"end":{"line":100,"column":null}},"28":{"start":{"line":95,"column":6},"end":{"line":99,"column":null}},"29":{"start":{"line":95,"column":31},"end":{"line":99,"column":null}},"30":{"start":{"line":103,"column":21},"end":{"line":132,"column":null}},"31":{"start":{"line":104,"column":4},"end":{"line":131,"column":null}},"32":{"start":{"line":105,"column":23},"end":{"line":105,"column":null}},"33":{"start":{"line":106,"column":21},"end":{"line":106,"column":null}},"34":{"start":{"line":108,"column":6},"end":{"line":110,"column":null}},"35":{"start":{"line":109,"column":8},"end":{"line":109,"column":null}},"36":{"start":{"line":112,"column":6},"end":{"line":125,"column":null}},"37":{"start":{"line":113,"column":26},"end":{"line":113,"column":42}},"38":{"start":{"line":114,"column":8},"end":{"line":114,"column":null}},"39":{"start":{"line":117,"column":8},"end":{"line":122,"column":null}},"40":{"start":{"line":118,"column":10},"end":{"line":121,"column":null}},"41":{"start":{"line":118,"column":35},"end":{"line":121,"column":null}},"42":{"start":{"line":124,"column":8},"end":{"line":124,"column":null}},"43":{"start":{"line":127,"column":6},"end":{"line":127,"column":null}},"44":{"start":{"line":128,"column":6},"end":{"line":128,"column":null}},"45":{"start":{"line":130,"column":6},"end":{"line":130,"column":null}},"46":{"start":{"line":134,"column":25},"end":{"line":165,"column":null}},"47":{"start":{"line":135,"column":4},"end":{"line":135,"column":null}},"48":{"start":{"line":137,"column":4},"end":{"line":140,"column":null}},"49":{"start":{"line":138,"column":6},"end":{"line":138,"column":null}},"50":{"start":{"line":139,"column":6},"end":{"line":139,"column":null}},"51":{"start":{"line":143,"column":4},"end":{"line":146,"column":null}},"52":{"start":{"line":144,"column":6},"end":{"line":144,"column":null}},"53":{"start":{"line":145,"column":6},"end":{"line":145,"column":null}},"54":{"start":{"line":148,"column":31},"end":{"line":148,"column":null}},"55":{"start":{"line":148,"column":60},"end":{"line":148,"column":94}},"56":{"start":{"line":149,"column":4},"end":{"line":152,"column":null}},"57":{"start":{"line":150,"column":6},"end":{"line":150,"column":null}},"58":{"start":{"line":151,"column":6},"end":{"line":151,"column":null}},"59":{"start":{"line":154,"column":24},"end":{"line":154,"column":80}},"60":{"start":{"line":157,"column":4},"end":{"line":160,"column":null}},"61":{"start":{"line":158,"column":6},"end":{"line":158,"column":null}},"62":{"start":{"line":159,"column":6},"end":{"line":159,"column":null}},"63":{"start":{"line":163,"column":4},"end":{"line":163,"column":null}},"64":{"start":{"line":164,"column":4},"end":{"line":164,"column":null}},"65":{"start":{"line":167,"column":30},"end":{"line":199,"column":null}},"66":{"start":{"line":168,"column":4},"end":{"line":168,"column":null}},"67":{"start":{"line":169,"column":4},"end":{"line":169,"column":null}},"68":{"start":{"line":171,"column":4},"end":{"line":198,"column":null}},"69":{"start":{"line":172,"column":23},"end":{"line":182,"column":null}},"70":{"start":{"line":184,"column":21},"end":{"line":184,"column":null}},"71":{"start":{"line":186,"column":6},"end":{"line":188,"column":null}},"72":{"start":{"line":187,"column":8},"end":{"line":187,"column":null}},"73":{"start":{"line":190,"column":6},"end":{"line":190,"column":null}},"74":{"start":{"line":191,"column":6},"end":{"line":191,"column":null}},"75":{"start":{"line":194,"column":6},"end":{"line":194,"column":null}},"76":{"start":{"line":195,"column":6},"end":{"line":195,"column":null}},"77":{"start":{"line":197,"column":6},"end":{"line":197,"column":null}},"78":{"start":{"line":201,"column":31},"end":{"line":234,"column":null}},"79":{"start":{"line":202,"column":4},"end":{"line":202,"column":null}},"80":{"start":{"line":203,"column":4},"end":{"line":203,"column":null}},"81":{"start":{"line":205,"column":4},"end":{"line":233,"column":null}},"82":{"start":{"line":206,"column":23},"end":{"line":216,"column":null}},"83":{"start":{"line":218,"column":21},"end":{"line":218,"column":null}},"84":{"start":{"line":220,"column":6},"end":{"line":222,"column":null}},"85":{"start":{"line":221,"column":8},"end":{"line":221,"column":null}},"86":{"start":{"line":224,"column":6},"end":{"line":224,"column":null}},"87":{"start":{"line":225,"column":6},"end":{"line":225,"column":null}},"88":{"start":{"line":226,"column":6},"end":{"line":226,"column":null}},"89":{"start":{"line":229,"column":6},"end":{"line":229,"column":null}},"90":{"start":{"line":230,"column":6},"end":{"line":230,"column":null}},"91":{"start":{"line":232,"column":6},"end":{"line":232,"column":null}},"92":{"start":{"line":236,"column":29},"end":{"line":239,"column":null}},"93":{"start":{"line":237,"column":4},"end":{"line":237,"column":null}},"94":{"start":{"line":238,"column":4},"end":{"line":238,"column":null}},"95":{"start":{"line":241,"column":2},"end":{"line":247,"column":null}},"96":{"start":{"line":249,"column":2},"end":{"line":281,"column":null}},"97":{"start":{"line":283,"column":2},"end":{"line":285,"column":null}},"98":{"start":{"line":284,"column":4},"end":{"line":284,"column":null}},"99":{"start":{"line":287,"column":29},"end":{"line":287,"column":null}},"100":{"start":{"line":287,"column":57},"end":{"line":287,"column":91}},"101":{"start":{"line":288,"column":21},"end":{"line":288,"column":null}},"102":{"start":{"line":289,"column":27},"end":{"line":289,"column":61}},"103":{"start":{"line":291,"column":27},"end":{"line":308,"column":null}},"104":{"start":{"line":292,"column":4},"end":{"line":307,"column":null}},"105":{"start":{"line":294,"column":8},"end":{"line":294,"column":null}},"106":{"start":{"line":296,"column":8},"end":{"line":296,"column":null}},"107":{"start":{"line":298,"column":8},"end":{"line":298,"column":null}},"108":{"start":{"line":300,"column":8},"end":{"line":300,"column":null}},"109":{"start":{"line":302,"column":8},"end":{"line":302,"column":null}},"110":{"start":{"line":304,"column":8},"end":{"line":304,"column":null}},"111":{"start":{"line":306,"column":8},"end":{"line":306,"column":null}},"112":{"start":{"line":479,"column":43},"end":{"line":479,"column":null}},"113":{"start":{"line":479,"column":68},"end":{"line":479,"column":null}},"114":{"start":{"line":484,"column":28},"end":{"line":484,"column":52}},"115":{"start":{"line":496,"column":43},"end":{"line":496,"column":null}},"116":{"start":{"line":496,"column":68},"end":{"line":496,"column":null}},"117":{"start":{"line":500,"column":92},"end":{"line":500,"column":99}},"118":{"start":{"line":501,"column":28},"end":{"line":501,"column":46}},"119":{"start":{"line":518,"column":45},"end":{"line":518,"column":null}},"120":{"start":{"line":518,"column":70},"end":{"line":518,"column":null}},"121":{"start":{"line":529,"column":45},"end":{"line":529,"column":null}},"122":{"start":{"line":529,"column":70},"end":{"line":529,"column":null}},"123":{"start":{"line":540,"column":45},"end":{"line":540,"column":null}},"124":{"start":{"line":540,"column":70},"end":{"line":540,"column":null}}},"fnMap":{"0":{"name":"PublicEventDetailsPage","decl":{"start":{"line":67,"column":24},"end":{"line":67,"column":null}},"loc":{"start":{"line":67,"column":24},"end":{"line":600,"column":null}}},"1":{"name":"(anonymous_3)","decl":{"start":{"line":89,"column":12},"end":{"line":89,"column":null}},"loc":{"start":{"line":89,"column":12},"end":{"line":91,"column":5}}},"2":{"name":"(anonymous_4)","decl":{"start":{"line":93,"column":12},"end":{"line":93,"column":null}},"loc":{"start":{"line":93,"column":12},"end":{"line":101,"column":5}}},"3":{"name":"(anonymous_5)","decl":{"start":{"line":95,"column":22},"end":{"line":95,"column":31}},"loc":{"start":{"line":95,"column":31},"end":{"line":99,"column":null}}},"4":{"name":"(anonymous_6)","decl":{"start":{"line":103,"column":21},"end":{"line":103,"column":null}},"loc":{"start":{"line":103,"column":21},"end":{"line":132,"column":null}}},"5":{"name":"(anonymous_7)","decl":{"start":{"line":118,"column":26},"end":{"line":118,"column":35}},"loc":{"start":{"line":118,"column":35},"end":{"line":121,"column":null}}},"6":{"name":"(anonymous_8)","decl":{"start":{"line":134,"column":25},"end":{"line":134,"column":32}},"loc":{"start":{"line":134,"column":32},"end":{"line":165,"column":null}}},"7":{"name":"(anonymous_9)","decl":{"start":{"line":148,"column":55},"end":{"line":148,"column":60}},"loc":{"start":{"line":148,"column":60},"end":{"line":148,"column":94}}},"8":{"name":"(anonymous_10)","decl":{"start":{"line":167,"column":30},"end":{"line":167,"column":null}},"loc":{"start":{"line":167,"column":30},"end":{"line":199,"column":null}}},"9":{"name":"(anonymous_11)","decl":{"start":{"line":201,"column":31},"end":{"line":201,"column":38}},"loc":{"start":{"line":201,"column":38},"end":{"line":234,"column":null}}},"10":{"name":"(anonymous_12)","decl":{"start":{"line":236,"column":29},"end":{"line":236,"column":30}},"loc":{"start":{"line":236,"column":30},"end":{"line":239,"column":null}}},"11":{"name":"(anonymous_13)","decl":{"start":{"line":287,"column":52},"end":{"line":287,"column":57}},"loc":{"start":{"line":287,"column":57},"end":{"line":287,"column":91}}},"12":{"name":"(anonymous_14)","decl":{"start":{"line":291,"column":27},"end":{"line":291,"column":28}},"loc":{"start":{"line":291,"column":28},"end":{"line":308,"column":null}}},"13":{"name":"(anonymous_15)","decl":{"start":{"line":479,"column":36},"end":{"line":479,"column":37}},"loc":{"start":{"line":479,"column":43},"end":{"line":479,"column":null}}},"14":{"name":"(anonymous_16)","decl":{"start":{"line":479,"column":59},"end":{"line":479,"column":68}},"loc":{"start":{"line":479,"column":68},"end":{"line":479,"column":null}}},"15":{"name":"(anonymous_17)","decl":{"start":{"line":483,"column":49},"end":{"line":483,"column":50}},"loc":{"start":{"line":484,"column":28},"end":{"line":484,"column":52}}},"16":{"name":"(anonymous_18)","decl":{"start":{"line":496,"column":36},"end":{"line":496,"column":37}},"loc":{"start":{"line":496,"column":43},"end":{"line":496,"column":null}}},"17":{"name":"(anonymous_19)","decl":{"start":{"line":496,"column":59},"end":{"line":496,"column":68}},"loc":{"start":{"line":496,"column":68},"end":{"line":496,"column":null}}},"18":{"name":"(anonymous_20)","decl":{"start":{"line":500,"column":82},"end":{"line":500,"column":83}},"loc":{"start":{"line":500,"column":92},"end":{"line":500,"column":99}}},"19":{"name":"(anonymous_21)","decl":{"start":{"line":500,"column":103},"end":{"line":500,"column":null}},"loc":{"start":{"line":501,"column":28},"end":{"line":501,"column":46}}},"20":{"name":"(anonymous_22)","decl":{"start":{"line":518,"column":38},"end":{"line":518,"column":39}},"loc":{"start":{"line":518,"column":45},"end":{"line":518,"column":null}}},"21":{"name":"(anonymous_23)","decl":{"start":{"line":518,"column":61},"end":{"line":518,"column":70}},"loc":{"start":{"line":518,"column":70},"end":{"line":518,"column":null}}},"22":{"name":"(anonymous_24)","decl":{"start":{"line":529,"column":38},"end":{"line":529,"column":39}},"loc":{"start":{"line":529,"column":45},"end":{"line":529,"column":null}}},"23":{"name":"(anonymous_25)","decl":{"start":{"line":529,"column":61},"end":{"line":529,"column":70}},"loc":{"start":{"line":529,"column":70},"end":{"line":529,"column":null}}},"24":{"name":"(anonymous_26)","decl":{"start":{"line":540,"column":38},"end":{"line":540,"column":39}},"loc":{"start":{"line":540,"column":45},"end":{"line":540,"column":null}}},"25":{"name":"(anonymous_27)","decl":{"start":{"line":540,"column":61},"end":{"line":540,"column":70}},"loc":{"start":{"line":540,"column":70},"end":{"line":540,"column":null}}}},"branchMap":{"0":{"loc":{"start":{"line":94,"column":4},"end":{"line":100,"column":null}},"type":"if","locations":[{"start":{"line":94,"column":4},"end":{"line":100,"column":null}}]},"1":{"loc":{"start":{"line":97,"column":19},"end":{"line":97,"column":58}},"type":"binary-expr","locations":[{"start":{"line":97,"column":19},"end":{"line":97,"column":36}},{"start":{"line":97,"column":40},"end":{"line":97,"column":58}}]},"2":{"loc":{"start":{"line":108,"column":6},"end":{"line":110,"column":null}},"type":"if","locations":[{"start":{"line":108,"column":6},"end":{"line":110,"column":null}}]},"3":{"loc":{"start":{"line":109,"column":24},"end":{"line":109,"column":null}},"type":"binary-expr","locations":[{"start":{"line":109,"column":24},"end":{"line":109,"column":36}},{"start":{"line":109,"column":40},"end":{"line":109,"column":null}}]},"4":{"loc":{"start":{"line":112,"column":6},"end":{"line":125,"column":null}},"type":"if","locations":[{"start":{"line":112,"column":6},"end":{"line":125,"column":null}},{"start":{"line":123,"column":13},"end":{"line":125,"column":null}}]},"5":{"loc":{"start":{"line":112,"column":10},"end":{"line":112,"column":53}},"type":"binary-expr","locations":[{"start":{"line":112,"column":10},"end":{"line":112,"column":23}},{"start":{"line":112,"column":27},"end":{"line":112,"column":53}}]},"6":{"loc":{"start":{"line":117,"column":8},"end":{"line":122,"column":null}},"type":"if","locations":[{"start":{"line":117,"column":8},"end":{"line":122,"column":null}}]},"7":{"loc":{"start":{"line":128,"column":15},"end":{"line":128,"column":null}},"type":"cond-expr","locations":[{"start":{"line":128,"column":40},"end":{"line":128,"column":53}},{"start":{"line":128,"column":56},"end":{"line":128,"column":null}}]},"8":{"loc":{"start":{"line":137,"column":4},"end":{"line":140,"column":null}},"type":"if","locations":[{"start":{"line":137,"column":4},"end":{"line":140,"column":null}}]},"9":{"loc":{"start":{"line":143,"column":4},"end":{"line":146,"column":null}},"type":"if","locations":[{"start":{"line":143,"column":4},"end":{"line":146,"column":null}}]},"10":{"loc":{"start":{"line":143,"column":8},"end":{"line":143,"column":89}},"type":"binary-expr","locations":[{"start":{"line":143,"column":8},"end":{"line":143,"column":34}},{"start":{"line":143,"column":38},"end":{"line":143,"column":61}},{"start":{"line":143,"column":65},"end":{"line":143,"column":89}}]},"11":{"loc":{"start":{"line":149,"column":4},"end":{"line":152,"column":null}},"type":"if","locations":[{"start":{"line":149,"column":4},"end":{"line":152,"column":null}}]},"12":{"loc":{"start":{"line":157,"column":4},"end":{"line":160,"column":null}},"type":"if","locations":[{"start":{"line":157,"column":4},"end":{"line":160,"column":null}}]},"13":{"loc":{"start":{"line":186,"column":6},"end":{"line":188,"column":null}},"type":"if","locations":[{"start":{"line":186,"column":6},"end":{"line":188,"column":null}}]},"14":{"loc":{"start":{"line":187,"column":24},"end":{"line":187,"column":null}},"type":"binary-expr","locations":[{"start":{"line":187,"column":24},"end":{"line":187,"column":36}},{"start":{"line":187,"column":40},"end":{"line":187,"column":null}}]},"15":{"loc":{"start":{"line":195,"column":15},"end":{"line":195,"column":null}},"type":"cond-expr","locations":[{"start":{"line":195,"column":40},"end":{"line":195,"column":53}},{"start":{"line":195,"column":56},"end":{"line":195,"column":null}}]},"16":{"loc":{"start":{"line":220,"column":6},"end":{"line":222,"column":null}},"type":"if","locations":[{"start":{"line":220,"column":6},"end":{"line":222,"column":null}}]},"17":{"loc":{"start":{"line":221,"column":24},"end":{"line":221,"column":null}},"type":"binary-expr","locations":[{"start":{"line":221,"column":24},"end":{"line":221,"column":36}},{"start":{"line":221,"column":40},"end":{"line":221,"column":null}}]},"18":{"loc":{"start":{"line":230,"column":15},"end":{"line":230,"column":null}},"type":"cond-expr","locations":[{"start":{"line":230,"column":40},"end":{"line":230,"column":53}},{"start":{"line":230,"column":56},"end":{"line":230,"column":null}}]},"19":{"loc":{"start":{"line":241,"column":2},"end":{"line":247,"column":null}},"type":"if","locations":[{"start":{"line":241,"column":2},"end":{"line":247,"column":null}}]},"20":{"loc":{"start":{"line":249,"column":2},"end":{"line":281,"column":null}},"type":"if","locations":[{"start":{"line":249,"column":2},"end":{"line":281,"column":null}}]},"21":{"loc":{"start":{"line":249,"column":6},"end":{"line":249,"column":23}},"type":"binary-expr","locations":[{"start":{"line":249,"column":6},"end":{"line":249,"column":15}},{"start":{"line":249,"column":15},"end":{"line":249,"column":23}}]},"22":{"loc":{"start":{"line":283,"column":2},"end":{"line":285,"column":null}},"type":"if","locations":[{"start":{"line":283,"column":2},"end":{"line":285,"column":null}}]},"23":{"loc":{"start":{"line":288,"column":21},"end":{"line":288,"column":null}},"type":"cond-expr","locations":[{"start":{"line":288,"column":42},"end":{"line":288,"column":98}},{"start":{"line":288,"column":101},"end":{"line":288,"column":null}}]},"24":{"loc":{"start":{"line":292,"column":4},"end":{"line":307,"column":null}},"type":"switch","locations":[{"start":{"line":293,"column":6},"end":{"line":294,"column":null}},{"start":{"line":295,"column":6},"end":{"line":296,"column":null}},{"start":{"line":297,"column":6},"end":{"line":298,"column":null}},{"start":{"line":299,"column":6},"end":{"line":300,"column":null}},{"start":{"line":301,"column":6},"end":{"line":302,"column":null}},{"start":{"line":303,"column":6},"end":{"line":304,"column":null}},{"start":{"line":305,"column":6},"end":{"line":306,"column":null}}]},"25":{"loc":{"start":{"line":329,"column":19},"end":{"line":329,"column":45}},"type":"binary-expr","locations":[{"start":{"line":329,"column":19},"end":{"line":329,"column":45}},{"start":{"line":329,"column":45},"end":{"line":329,"column":null}}]},"26":{"loc":{"start":{"line":334,"column":19},"end":{"line":334,"column":null}},"type":"binary-expr","locations":[{"start":{"line":334,"column":19},"end":{"line":334,"column":null}}]},"27":{"loc":{"start":{"line":343,"column":15},"end":{"line":343,"column":null}},"type":"binary-expr","locations":[{"start":{"line":343,"column":15},"end":{"line":343,"column":null}}]},"28":{"loc":{"start":{"line":360,"column":9},"end":{"line":360,"column":25}},"type":"binary-expr","locations":[{"start":{"line":360,"column":9},"end":{"line":360,"column":25}}]},"29":{"loc":{"start":{"line":388,"column":23},"end":{"line":388,"column":134}},"type":"binary-expr","locations":[{"start":{"line":388,"column":23},"end":{"line":388,"column":36}},{"start":{"line":388,"column":40},"end":{"line":388,"column":134}}]},"30":{"loc":{"start":{"line":411,"column":17},"end":{"line":411,"column":34}},"type":"binary-expr","locations":[{"start":{"line":411,"column":17},"end":{"line":411,"column":34}}]},"31":{"loc":{"start":{"line":424,"column":14},"end":{"line":441,"column":15}},"type":"cond-expr","locations":[{"start":{"line":424,"column":14},"end":{"line":441,"column":15}}]},"32":{"loc":{"start":{"line":450,"column":20},"end":{"line":454,"column":23}},"type":"cond-expr","locations":[{"start":{"line":450,"column":20},"end":{"line":454,"column":23}}]},"33":{"loc":{"start":{"line":455,"column":20},"end":{"line":467,"column":21}},"type":"cond-expr","locations":[{"start":{"line":455,"column":20},"end":{"line":467,"column":21}}]},"34":{"loc":{"start":{"line":468,"column":23},"end":{"line":468,"column":null}},"type":"binary-expr","locations":[{"start":{"line":468,"column":23},"end":{"line":468,"column":null}}]},"35":{"loc":{"start":{"line":554,"column":23},"end":{"line":577,"column":null}},"type":"cond-expr","locations":[{"start":{"line":555,"column":24},"end":{"line":577,"column":null}},{"start":{"line":577,"column":26},"end":{"line":577,"column":null}}]},"36":{"loc":{"start":{"line":558,"column":36},"end":{"line":558,"column":null}},"type":"binary-expr","locations":[{"start":{"line":558,"column":36},"end":{"line":558,"column":50}},{"start":{"line":558,"column":50},"end":{"line":558,"column":null}}]},"37":{"loc":{"start":{"line":561,"column":28},"end":{"line":565,"column":45}},"type":"cond-expr","locations":[{"start":{"line":561,"column":28},"end":{"line":565,"column":45}}]},"38":{"loc":{"start":{"line":566,"column":28},"end":{"line":571,"column":null}},"type":"cond-expr","locations":[{"start":{"line":566,"column":28},"end":{"line":571,"column":null}}]},"39":{"loc":{"start":{"line":568,"column":46},"end":{"line":568,"column":null}},"type":"cond-expr","locations":[{"start":{"line":568,"column":74},"end":{"line":568,"column":80}},{"start":{"line":568,"column":80},"end":{"line":568,"column":null}}]},"40":{"loc":{"start":{"line":585,"column":13},"end":{"line":585,"column":null}},"type":"binary-expr","locations":[{"start":{"line":585,"column":13},"end":{"line":585,"column":null}}]},"41":{"loc":{"start":{"line":587,"column":31},"end":{"line":587,"column":null}},"type":"binary-expr","locations":[{"start":{"line":587,"column":31},"end":{"line":587,"column":76}},{"start":{"line":587,"column":80},"end":{"line":587,"column":null}}]},"42":{"loc":{"start":{"line":588,"column":28},"end":{"line":588,"column":null}},"type":"binary-expr","locations":[{"start":{"line":588,"column":28},"end":{"line":588,"column":70}},{"start":{"line":588,"column":74},"end":{"line":588,"column":null}}]}},"s":{"0":0,"1":0,"2":0,"3":0,"4":0,"5":0,"6":0,"7":0,"8":0,"9":0,"10":0,"11":0,"12":0,"13":0,"14":0,"15":0,"16":0,"17":0,"18":0,"19":0,"20":0,"21":0,"22":0,"23":0,"24":0,"25":0,"26":0,"27":0,"28":0,"29":0,"30":0,"31":0,"32":0,"33":0,"34":0,"35":0,"36":0,"37":0,"38":0,"39":0,"40":0,"41":0,"42":0,"43":0,"44":0,"45":0,"46":0,"47":0,"48":0,"49":0,"50":0,"51":0,"52":0,"53":0,"54":0,"55":0,"56":0,"57":0,"58":0,"59":0,"60":0,"61":0,"62":0,"63":0,"64":0,"65":0,"66":0,"67":0,"68":0,"69":0,"70":0,"71":0,"72":0,"73":0,"74":0,"75":0,"76":0,"77":0,"78":0,"79":0,"80":0,"81":0,"82":0,"83":0,"84":0,"85":0,"86":0,"87":0,"88":0,"89":0,"90":0,"91":0,"92":0,"93":0,"94":0,"95":0,"96":0,"97":0,"98":0,"99":0,"100":0,"101":0,"102":0,"103":0,"104":0,"105":0,"106":0,"107":0,"108":0,"109":0,"110":0,"111":0,"112":0,"113":0,"114":0,"115":0,"116":0,"117":0,"118":0,"119":0,"120":0,"121":0,"122":0,"123":0,"124":0},"f":{"0":0,"1":0,"2":0,"3":0,"4":0,"5":0,"6":0,"7":0,"8":0,"9":0,"10":0,"11":0,"12":0,"13":0,"14":0,"15":0,"16":0,"17":0,"18":0,"19":0,"20":0,"21":0,"22":0,"23":0,"24":0,"25":0},"b":{"0":[0],"1":[0,0],"2":[0],"3":[0,0],"4":[0,0],"5":[0,0],"6":[0],"7":[0,0],"8":[0],"9":[0],"10":[0,0,0],"11":[0],"12":[0],"13":[0],"14":[0,0],"15":[0,0],"16":[0],"17":[0,0],"18":[0,0],"19":[0],"20":[0],"21":[0,0],"22":[0],"23":[0,0],"24":[0,0,0,0,0,0,0],"25":[0,0],"26":[0],"27":[0],"28":[0],"29":[0,0],"30":[0],"31":[0],"32":[0],"33":[0],"34":[0],"35":[0,0],"36":[0,0],"37":[0],"38":[0],"39":[0,0],"40":[0],"41":[0,0],"42":[0,0]}}
,"/root/websites/events-stepperslife/app/(public)/events/search/page.tsx": {"path":"/root/websites/events-stepperslife/app/(public)/events/search/page.tsx","statementMap":{"0":{"start":{"line":412,"column":24},"end":{"line":412,"column":null}},"1":{"start":{"line":3,"column":46},"end":{"line":3,"column":null}},"2":{"start":{"line":4,"column":43},"end":{"line":4,"column":null}},"3":{"start":{"line":5,"column":17},"end":{"line":5,"column":null}},"4":{"start":{"line":6,"column":23},"end":{"line":6,"column":null}},"5":{"start":{"line":7,"column":57},"end":{"line":7,"column":null}},"6":{"start":{"line":8,"column":22},"end":{"line":8,"column":null}},"7":{"start":{"line":9,"column":22},"end":{"line":9,"column":null}},"8":{"start":{"line":10,"column":22},"end":{"line":10,"column":null}},"9":{"start":{"line":22,"column":7},"end":{"line":22,"column":null}},"10":{"start":{"line":43,"column":17},"end":{"line":43,"column":null}},"11":{"start":{"line":44,"column":23},"end":{"line":44,"column":null}},"12":{"start":{"line":46,"column":32},"end":{"line":46,"column":null}},"13":{"start":{"line":47,"column":32},"end":{"line":47,"column":null}},"14":{"start":{"line":48,"column":40},"end":{"line":48,"column":null}},"15":{"start":{"line":51,"column":28},"end":{"line":51,"column":null}},"16":{"start":{"line":52,"column":34},"end":{"line":52,"column":null}},"17":{"start":{"line":53,"column":34},"end":{"line":53,"column":null}},"18":{"start":{"line":54,"column":34},"end":{"line":54,"column":null}},"19":{"start":{"line":55,"column":34},"end":{"line":55,"column":null}},"20":{"start":{"line":56,"column":30},"end":{"line":56,"column":null}},"21":{"start":{"line":57,"column":34},"end":{"line":57,"column":null}},"22":{"start":{"line":58,"column":30},"end":{"line":58,"column":null}},"23":{"start":{"line":59,"column":26},"end":{"line":59,"column":null}},"24":{"start":{"line":61,"column":2},"end":{"line":63,"column":null}},"25":{"start":{"line":62,"column":4},"end":{"line":62,"column":null}},"26":{"start":{"line":65,"column":24},"end":{"line":91,"column":null}},"27":{"start":{"line":66,"column":4},"end":{"line":66,"column":null}},"28":{"start":{"line":67,"column":4},"end":{"line":90,"column":null}},"29":{"start":{"line":68,"column":21},"end":{"line":68,"column":null}},"30":{"start":{"line":69,"column":6},"end":{"line":69,"column":null}},"31":{"start":{"line":69,"column":17},"end":{"line":69,"column":null}},"32":{"start":{"line":70,"column":6},"end":{"line":70,"column":null}},"33":{"start":{"line":70,"column":20},"end":{"line":70,"column":null}},"34":{"start":{"line":71,"column":6},"end":{"line":71,"column":null}},"35":{"start":{"line":71,"column":20},"end":{"line":71,"column":null}},"36":{"start":{"line":72,"column":6},"end":{"line":72,"column":null}},"37":{"start":{"line":72,"column":20},"end":{"line":72,"column":null}},"38":{"start":{"line":73,"column":6},"end":{"line":73,"column":null}},"39":{"start":{"line":73,"column":20},"end":{"line":73,"column":null}},"40":{"start":{"line":74,"column":6},"end":{"line":74,"column":null}},"41":{"start":{"line":74,"column":18},"end":{"line":74,"column":null}},"42":{"start":{"line":75,"column":6},"end":{"line":75,"column":null}},"43":{"start":{"line":75,"column":20},"end":{"line":75,"column":null}},"44":{"start":{"line":76,"column":6},"end":{"line":76,"column":null}},"45":{"start":{"line":77,"column":6},"end":{"line":77,"column":null}},"46":{"start":{"line":78,"column":6},"end":{"line":78,"column":null}},"47":{"start":{"line":80,"column":23},"end":{"line":80,"column":null}},"48":{"start":{"line":81,"column":19},"end":{"line":81,"column":null}},"49":{"start":{"line":83,"column":6},"end":{"line":85,"column":null}},"50":{"start":{"line":84,"column":8},"end":{"line":84,"column":null}},"51":{"start":{"line":87,"column":6},"end":{"line":87,"column":null}},"52":{"start":{"line":89,"column":6},"end":{"line":89,"column":null}},"53":{"start":{"line":93,"column":23},"end":{"line":97,"column":null}},"54":{"start":{"line":94,"column":4},"end":{"line":94,"column":null}},"55":{"start":{"line":95,"column":4},"end":{"line":95,"column":null}},"56":{"start":{"line":96,"column":4},"end":{"line":96,"column":null}},"57":{"start":{"line":99,"column":23},"end":{"line":109,"column":null}},"58":{"start":{"line":100,"column":4},"end":{"line":100,"column":null}},"59":{"start":{"line":101,"column":4},"end":{"line":101,"column":null}},"60":{"start":{"line":102,"column":4},"end":{"line":102,"column":null}},"61":{"start":{"line":103,"column":4},"end":{"line":103,"column":null}},"62":{"start":{"line":104,"column":4},"end":{"line":104,"column":null}},"63":{"start":{"line":105,"column":4},"end":{"line":105,"column":null}},"64":{"start":{"line":106,"column":4},"end":{"line":106,"column":null}},"65":{"start":{"line":107,"column":4},"end":{"line":107,"column":null}},"66":{"start":{"line":108,"column":4},"end":{"line":108,"column":null}},"67":{"start":{"line":111,"column":28},"end":{"line":112,"column":27}},"68":{"start":{"line":165,"column":39},"end":{"line":165,"column":null}},"69":{"start":{"line":177,"column":22},"end":{"line":177,"column":null}},"70":{"start":{"line":178,"column":22},"end":{"line":178,"column":null}},"71":{"start":{"line":184,"column":22},"end":{"line":184,"column":45}},"72":{"start":{"line":199,"column":39},"end":{"line":199,"column":null}},"73":{"start":{"line":206,"column":39},"end":{"line":206,"column":null}},"74":{"start":{"line":219,"column":39},"end":{"line":219,"column":null}},"75":{"start":{"line":224,"column":39},"end":{"line":224,"column":null}},"76":{"start":{"line":237,"column":39},"end":{"line":237,"column":null}},"77":{"start":{"line":244,"column":41},"end":{"line":244,"column":53}},"78":{"start":{"line":244,"column":53},"end":{"line":244,"column":70}},"79":{"start":{"line":258,"column":20},"end":{"line":259,"column":null}},"80":{"start":{"line":261,"column":24},"end":{"line":261,"column":null}},"81":{"start":{"line":262,"column":24},"end":{"line":262,"column":null}},"82":{"start":{"line":263,"column":24},"end":{"line":263,"column":null}},"83":{"start":{"line":284,"column":20},"end":{"line":284,"column":null}},"84":{"start":{"line":285,"column":20},"end":{"line":285,"column":null}},"85":{"start":{"line":286,"column":20},"end":{"line":286,"column":null}},"86":{"start":{"line":324,"column":20},"end":{"line":324,"column":41}},"87":{"start":{"line":331,"column":32},"end":{"line":331,"column":54}},"88":{"start":{"line":387,"column":37},"end":{"line":387,"column":null}},"89":{"start":{"line":397,"column":37},"end":{"line":397,"column":null}}},"fnMap":{"0":{"name":"EventSearchContent","decl":{"start":{"line":42,"column":9},"end":{"line":42,"column":null}},"loc":{"start":{"line":42,"column":9},"end":{"line":410,"column":null}}},"1":{"name":"(anonymous_3)","decl":{"start":{"line":61,"column":12},"end":{"line":61,"column":null}},"loc":{"start":{"line":61,"column":12},"end":{"line":63,"column":5}}},"2":{"name":"(anonymous_4)","decl":{"start":{"line":65,"column":24},"end":{"line":65,"column":null}},"loc":{"start":{"line":65,"column":24},"end":{"line":91,"column":null}}},"3":{"name":"(anonymous_5)","decl":{"start":{"line":93,"column":23},"end":{"line":93,"column":24}},"loc":{"start":{"line":93,"column":24},"end":{"line":97,"column":null}}},"4":{"name":"(anonymous_6)","decl":{"start":{"line":99,"column":23},"end":{"line":99,"column":null}},"loc":{"start":{"line":99,"column":23},"end":{"line":109,"column":null}}},"5":{"name":"(anonymous_7)","decl":{"start":{"line":165,"column":32},"end":{"line":165,"column":33}},"loc":{"start":{"line":165,"column":39},"end":{"line":165,"column":null}}},"6":{"name":"(anonymous_8)","decl":{"start":{"line":176,"column":30},"end":{"line":176,"column":31}},"loc":{"start":{"line":176,"column":31},"end":{"line":179,"column":null}}},"7":{"name":"(anonymous_9)","decl":{"start":{"line":183,"column":52},"end":{"line":183,"column":53}},"loc":{"start":{"line":184,"column":22},"end":{"line":184,"column":45}}},"8":{"name":"(anonymous_10)","decl":{"start":{"line":199,"column":32},"end":{"line":199,"column":33}},"loc":{"start":{"line":199,"column":39},"end":{"line":199,"column":null}}},"9":{"name":"(anonymous_11)","decl":{"start":{"line":206,"column":32},"end":{"line":206,"column":33}},"loc":{"start":{"line":206,"column":39},"end":{"line":206,"column":null}}},"10":{"name":"(anonymous_12)","decl":{"start":{"line":219,"column":32},"end":{"line":219,"column":33}},"loc":{"start":{"line":219,"column":39},"end":{"line":219,"column":null}}},"11":{"name":"(anonymous_13)","decl":{"start":{"line":224,"column":32},"end":{"line":224,"column":33}},"loc":{"start":{"line":224,"column":39},"end":{"line":224,"column":null}}},"12":{"name":"(anonymous_14)","decl":{"start":{"line":237,"column":32},"end":{"line":237,"column":33}},"loc":{"start":{"line":237,"column":39},"end":{"line":237,"column":null}}},"13":{"name":"(anonymous_15)","decl":{"start":{"line":244,"column":33},"end":{"line":244,"column":41}},"loc":{"start":{"line":244,"column":33},"end":{"line":244,"column":73}}},"14":{"name":"(anonymous_16)","decl":{"start":{"line":257,"column":60},"end":{"line":257,"column":61}},"loc":{"start":{"line":258,"column":20},"end":{"line":259,"column":null}}},"15":{"name":"(anonymous_17)","decl":{"start":{"line":260,"column":31},"end":{"line":260,"column":null}},"loc":{"start":{"line":260,"column":31},"end":{"line":264,"column":null}}},"16":{"name":"(anonymous_18)","decl":{"start":{"line":283,"column":28},"end":{"line":283,"column":29}},"loc":{"start":{"line":283,"column":29},"end":{"line":287,"column":null}}},"17":{"name":"(anonymous_19)","decl":{"start":{"line":323,"column":38},"end":{"line":323,"column":39}},"loc":{"start":{"line":324,"column":20},"end":{"line":324,"column":41}}},"18":{"name":"(anonymous_20)","decl":{"start":{"line":330,"column":52},"end":{"line":330,"column":53}},"loc":{"start":{"line":331,"column":32},"end":{"line":331,"column":54}}},"19":{"name":"(anonymous_21)","decl":{"start":{"line":387,"column":31},"end":{"line":387,"column":37}},"loc":{"start":{"line":387,"column":37},"end":{"line":387,"column":null}}},"20":{"name":"(anonymous_22)","decl":{"start":{"line":397,"column":31},"end":{"line":397,"column":37}},"loc":{"start":{"line":397,"column":37},"end":{"line":397,"column":null}}},"21":{"name":"EventSearchPage","decl":{"start":{"line":412,"column":24},"end":{"line":412,"column":null}},"loc":{"start":{"line":412,"column":24},"end":{"line":422,"column":null}}}},"branchMap":{"0":{"loc":{"start":{"line":51,"column":37},"end":{"line":51,"column":null}},"type":"binary-expr","locations":[{"start":{"line":51,"column":37},"end":{"line":51,"column":62}},{"start":{"line":51,"column":62},"end":{"line":51,"column":null}}]},"1":{"loc":{"start":{"line":52,"column":43},"end":{"line":52,"column":null}},"type":"binary-expr","locations":[{"start":{"line":52,"column":43},"end":{"line":52,"column":75}},{"start":{"line":52,"column":75},"end":{"line":52,"column":null}}]},"2":{"loc":{"start":{"line":53,"column":43},"end":{"line":53,"column":null}},"type":"binary-expr","locations":[{"start":{"line":53,"column":43},"end":{"line":53,"column":75}},{"start":{"line":53,"column":75},"end":{"line":53,"column":null}}]},"3":{"loc":{"start":{"line":54,"column":43},"end":{"line":54,"column":null}},"type":"binary-expr","locations":[{"start":{"line":54,"column":43},"end":{"line":54,"column":75}},{"start":{"line":54,"column":75},"end":{"line":54,"column":null}}]},"4":{"loc":{"start":{"line":55,"column":43},"end":{"line":55,"column":null}},"type":"binary-expr","locations":[{"start":{"line":55,"column":43},"end":{"line":55,"column":75}},{"start":{"line":55,"column":75},"end":{"line":55,"column":null}}]},"5":{"loc":{"start":{"line":56,"column":39},"end":{"line":56,"column":null}},"type":"binary-expr","locations":[{"start":{"line":56,"column":39},"end":{"line":56,"column":69}},{"start":{"line":56,"column":69},"end":{"line":56,"column":null}}]},"6":{"loc":{"start":{"line":57,"column":43},"end":{"line":57,"column":null}},"type":"binary-expr","locations":[{"start":{"line":57,"column":43},"end":{"line":57,"column":75}},{"start":{"line":57,"column":75},"end":{"line":57,"column":null}}]},"7":{"loc":{"start":{"line":58,"column":39},"end":{"line":58,"column":null}},"type":"binary-expr","locations":[{"start":{"line":58,"column":39},"end":{"line":58,"column":69}},{"start":{"line":58,"column":69},"end":{"line":58,"column":null}}]},"8":{"loc":{"start":{"line":59,"column":44},"end":{"line":59,"column":null}},"type":"binary-expr","locations":[{"start":{"line":59,"column":44},"end":{"line":59,"column":72}},{"start":{"line":59,"column":72},"end":{"line":59,"column":null}}]},"9":{"loc":{"start":{"line":69,"column":6},"end":{"line":69,"column":null}},"type":"if","locations":[{"start":{"line":69,"column":6},"end":{"line":69,"column":null}}]},"10":{"loc":{"start":{"line":70,"column":6},"end":{"line":70,"column":null}},"type":"if","locations":[{"start":{"line":70,"column":6},"end":{"line":70,"column":null}}]},"11":{"loc":{"start":{"line":71,"column":6},"end":{"line":71,"column":null}},"type":"if","locations":[{"start":{"line":71,"column":6},"end":{"line":71,"column":null}}]},"12":{"loc":{"start":{"line":72,"column":6},"end":{"line":72,"column":null}},"type":"if","locations":[{"start":{"line":72,"column":6},"end":{"line":72,"column":null}}]},"13":{"loc":{"start":{"line":73,"column":6},"end":{"line":73,"column":null}},"type":"if","locations":[{"start":{"line":73,"column":6},"end":{"line":73,"column":null}}]},"14":{"loc":{"start":{"line":74,"column":6},"end":{"line":74,"column":null}},"type":"if","locations":[{"start":{"line":74,"column":6},"end":{"line":74,"column":null}}]},"15":{"loc":{"start":{"line":75,"column":6},"end":{"line":75,"column":null}},"type":"if","locations":[{"start":{"line":75,"column":6},"end":{"line":75,"column":null}}]},"16":{"loc":{"start":{"line":83,"column":6},"end":{"line":85,"column":null}},"type":"if","locations":[{"start":{"line":83,"column":6},"end":{"line":85,"column":null}}]},"17":{"loc":{"start":{"line":123,"column":17},"end":{"line":123,"column":null}},"type":"cond-expr","locations":[{"start":{"line":123,"column":27},"end":{"line":123,"column":69}},{"start":{"line":123,"column":72},"end":{"line":123,"column":null}}]},"18":{"loc":{"start":{"line":144,"column":19},"end":{"line":144,"column":null}},"type":"binary-expr","locations":[{"start":{"line":144,"column":19},"end":{"line":144,"column":null}}]},"19":{"loc":{"start":{"line":251,"column":13},"end":{"line":251,"column":24}},"type":"binary-expr","locations":[{"start":{"line":251,"column":13},"end":{"line":251,"column":24}},{"start":{"line":251,"column":24},"end":{"line":251,"column":null}}]},"20":{"loc":{"start":{"line":299,"column":13},"end":{"line":299,"column":null}},"type":"binary-expr","locations":[{"start":{"line":299,"column":13},"end":{"line":299,"column":null}}]},"21":{"loc":{"start":{"line":306,"column":13},"end":{"line":306,"column":25}},"type":"binary-expr","locations":[{"start":{"line":306,"column":13},"end":{"line":306,"column":25}},{"start":{"line":306,"column":25},"end":{"line":306,"column":36}},{"start":{"line":306,"column":36},"end":{"line":306,"column":null}}]},"22":{"loc":{"start":{"line":320,"column":13},"end":{"line":320,"column":25}},"type":"binary-expr","locations":[{"start":{"line":320,"column":13},"end":{"line":320,"column":25}},{"start":{"line":320,"column":25},"end":{"line":320,"column":36}},{"start":{"line":320,"column":36},"end":{"line":320,"column":null}}]},"23":{"loc":{"start":{"line":335,"column":31},"end":{"line":335,"column":57}},"type":"binary-expr","locations":[{"start":{"line":335,"column":31},"end":{"line":335,"column":57}}]},"24":{"loc":{"start":{"line":360,"column":29},"end":{"line":360,"column":105}},"type":"cond-expr","locations":[{"start":{"line":360,"column":52},"end":{"line":360,"column":61}},{"start":{"line":360,"column":61},"end":{"line":360,"column":105}}]},"25":{"loc":{"start":{"line":364,"column":25},"end":{"line":364,"column":47}},"type":"binary-expr","locations":[{"start":{"line":364,"column":25},"end":{"line":364,"column":47}}]},"26":{"loc":{"start":{"line":382,"column":17},"end":{"line":382,"column":null}},"type":"binary-expr","locations":[{"start":{"line":382,"column":17},"end":{"line":382,"column":null}}]}},"s":{"0":0,"1":0,"2":0,"3":0,"4":0,"5":0,"6":0,"7":0,"8":0,"9":0,"10":0,"11":0,"12":0,"13":0,"14":0,"15":0,"16":0,"17":0,"18":0,"19":0,"20":0,"21":0,"22":0,"23":0,"24":0,"25":0,"26":0,"27":0,"28":0,"29":0,"30":0,"31":0,"32":0,"33":0,"34":0,"35":0,"36":0,"37":0,"38":0,"39":0,"40":0,"41":0,"42":0,"43":0,"44":0,"45":0,"46":0,"47":0,"48":0,"49":0,"50":0,"51":0,"52":0,"53":0,"54":0,"55":0,"56":0,"57":0,"58":0,"59":0,"60":0,"61":0,"62":0,"63":0,"64":0,"65":0,"66":0,"67":0,"68":0,"69":0,"70":0,"71":0,"72":0,"73":0,"74":0,"75":0,"76":0,"77":0,"78":0,"79":0,"80":0,"81":0,"82":0,"83":0,"84":0,"85":0,"86":0,"87":0,"88":0,"89":0},"f":{"0":0,"1":0,"2":0,"3":0,"4":0,"5":0,"6":0,"7":0,"8":0,"9":0,"10":0,"11":0,"12":0,"13":0,"14":0,"15":0,"16":0,"17":0,"18":0,"19":0,"20":0,"21":0},"b":{"0":[0,0],"1":[0,0],"2":[0,0],"3":[0,0],"4":[0,0],"5":[0,0],"6":[0,0],"7":[0,0],"8":[0,0],"9":[0],"10":[0],"11":[0],"12":[0],"13":[0],"14":[0],"15":[0],"16":[0],"17":[0,0],"18":[0],"19":[0,0],"20":[0],"21":[0,0,0],"22":[0,0,0],"23":[0],"24":[0,0],"25":[0],"26":[0]}}
,"/root/websites/events-stepperslife/app/(public)/pricing/page.tsx": {"path":"/root/websites/events-stepperslife/app/(public)/pricing/page.tsx","statementMap":{"0":{"start":{"line":25,"column":24},"end":{"line":25,"column":null}},"1":{"start":{"line":3,"column":17},"end":{"line":3,"column":null}},"2":{"start":{"line":4,"column":23},"end":{"line":4,"column":null}},"3":{"start":{"line":5,"column":74},"end":{"line":5,"column":null}},"4":{"start":{"line":6,"column":22},"end":{"line":6,"column":null}},"5":{"start":{"line":23,"column":7},"end":{"line":23,"column":null}}},"fnMap":{"0":{"name":"PricingPage","decl":{"start":{"line":25,"column":24},"end":{"line":25,"column":null}},"loc":{"start":{"line":25,"column":24},"end":{"line":773,"column":null}}}},"branchMap":{},"s":{"0":0,"1":0,"2":0,"3":0,"4":0,"5":0},"f":{"0":0},"b":{}}
,"/root/websites/events-stepperslife/app/(public)/pricing/free/page.tsx": {"path":"/root/websites/events-stepperslife/app/(public)/pricing/free/page.tsx","statementMap":{"0":{"start":{"line":25,"column":24},"end":{"line":25,"column":null}},"1":{"start":{"line":3,"column":17},"end":{"line":3,"column":null}},"2":{"start":{"line":4,"column":23},"end":{"line":4,"column":null}},"3":{"start":{"line":5,"column":74},"end":{"line":5,"column":null}},"4":{"start":{"line":6,"column":22},"end":{"line":6,"column":null}},"5":{"start":{"line":23,"column":7},"end":{"line":23,"column":null}}},"fnMap":{"0":{"name":"FreeEventsPricingPage","decl":{"start":{"line":25,"column":24},"end":{"line":25,"column":null}},"loc":{"start":{"line":25,"column":24},"end":{"line":538,"column":null}}}},"branchMap":{},"s":{"0":0,"1":0,"2":0,"3":0,"4":0,"5":0},"f":{"0":0},"b":{}}
,"/root/websites/events-stepperslife/app/(public)/pricing/pay-as-you-go/page.tsx": {"path":"/root/websites/events-stepperslife/app/(public)/pricing/pay-as-you-go/page.tsx","statementMap":{"0":{"start":{"line":25,"column":24},"end":{"line":25,"column":null}},"1":{"start":{"line":3,"column":17},"end":{"line":3,"column":null}},"2":{"start":{"line":4,"column":23},"end":{"line":4,"column":null}},"3":{"start":{"line":5,"column":74},"end":{"line":5,"column":null}},"4":{"start":{"line":6,"column":22},"end":{"line":6,"column":null}},"5":{"start":{"line":23,"column":7},"end":{"line":23,"column":null}}},"fnMap":{"0":{"name":"PayAsYouGoPricingPage","decl":{"start":{"line":25,"column":24},"end":{"line":25,"column":null}},"loc":{"start":{"line":25,"column":24},"end":{"line":630,"column":null}}}},"branchMap":{},"s":{"0":0,"1":0,"2":0,"3":0,"4":0,"5":0},"f":{"0":0},"b":{}}
,"/root/websites/events-stepperslife/app/(public)/pricing/prepaid-credits/page.tsx": {"path":"/root/websites/events-stepperslife/app/(public)/pricing/prepaid-credits/page.tsx","statementMap":{"0":{"start":{"line":26,"column":24},"end":{"line":26,"column":null}},"1":{"start":{"line":3,"column":17},"end":{"line":3,"column":null}},"2":{"start":{"line":4,"column":23},"end":{"line":4,"column":null}},"3":{"start":{"line":5,"column":74},"end":{"line":5,"column":null}},"4":{"start":{"line":6,"column":22},"end":{"line":6,"column":null}},"5":{"start":{"line":23,"column":7},"end":{"line":23,"column":null}},"6":{"start":{"line":24,"column":25},"end":{"line":24,"column":null}},"7":{"start":{"line":27,"column":48},"end":{"line":27,"column":61}},"8":{"start":{"line":28,"column":40},"end":{"line":28,"column":null}},"9":{"start":{"line":29,"column":46},"end":{"line":29,"column":null}},"10":{"start":{"line":31,"column":19},"end":{"line":38,"column":null}},"11":{"start":{"line":40,"column":27},"end":{"line":52,"column":null}},"12":{"start":{"line":41,"column":16},"end":{"line":41,"column":41}},"13":{"start":{"line":42,"column":4},"end":{"line":42,"column":null}},"14":{"start":{"line":42,"column":14},"end":{"line":42,"column":null}},"15":{"start":{"line":43,"column":26},"end":{"line":43,"column":null}},"16":{"start":{"line":44,"column":22},"end":{"line":44,"column":52}},"17":{"start":{"line":45,"column":20},"end":{"line":45,"column":null}},"18":{"start":{"line":46,"column":4},"end":{"line":51,"column":null}},"19":{"start":{"line":54,"column":15},"end":{"line":54,"column":null}},"20":{"start":{"line":55,"column":25},"end":{"line":55,"column":65}},"21":{"start":{"line":158,"column":18},"end":{"line":159,"column":null}},"22":{"start":{"line":219,"column":37},"end":{"line":219,"column":null}},"23":{"start":{"line":223,"column":22},"end":{"line":223,"column":42}},"24":{"start":{"line":236,"column":37},"end":{"line":236,"column":null}}},"fnMap":{"0":{"name":"PrepaidCreditsPricingPage","decl":{"start":{"line":26,"column":24},"end":{"line":26,"column":null}},"loc":{"start":{"line":26,"column":24},"end":{"line":649,"column":null}}},"1":{"name":"(anonymous_3)","decl":{"start":{"line":40,"column":27},"end":{"line":40,"column":null}},"loc":{"start":{"line":40,"column":27},"end":{"line":52,"column":null}}},"2":{"name":"(anonymous_4)","decl":{"start":{"line":157,"column":30},"end":{"line":157,"column":31}},"loc":{"start":{"line":158,"column":18},"end":{"line":159,"column":null}}},"3":{"name":"(anonymous_5)","decl":{"start":{"line":219,"column":30},"end":{"line":219,"column":31}},"loc":{"start":{"line":219,"column":37},"end":{"line":219,"column":null}}},"4":{"name":"(anonymous_6)","decl":{"start":{"line":222,"column":34},"end":{"line":222,"column":35}},"loc":{"start":{"line":223,"column":22},"end":{"line":223,"column":42}}},"5":{"name":"(anonymous_7)","decl":{"start":{"line":236,"column":30},"end":{"line":236,"column":31}},"loc":{"start":{"line":236,"column":37},"end":{"line":236,"column":null}}}},"branchMap":{"0":{"loc":{"start":{"line":42,"column":4},"end":{"line":42,"column":null}},"type":"if","locations":[{"start":{"line":42,"column":4},"end":{"line":42,"column":null}}]},"1":{"loc":{"start":{"line":55,"column":25},"end":{"line":55,"column":65}},"type":"binary-expr","locations":[{"start":{"line":55,"column":25},"end":{"line":55,"column":50}},{"start":{"line":55,"column":54},"end":{"line":55,"column":65}}]},"2":{"loc":{"start":{"line":160,"column":53},"end":{"line":160,"column":116}},"type":"cond-expr","locations":[{"start":{"line":160,"column":67},"end":{"line":160,"column":112}},{"start":{"line":160,"column":112},"end":{"line":160,"column":116}}]},"3":{"loc":{"start":{"line":162,"column":48},"end":{"line":162,"column":91}},"type":"cond-expr","locations":[{"start":{"line":162,"column":62},"end":{"line":162,"column":76}},{"start":{"line":162,"column":76},"end":{"line":162,"column":91}}]},"4":{"loc":{"start":{"line":164,"column":23},"end":{"line":164,"column":38}},"type":"binary-expr","locations":[{"start":{"line":164,"column":23},"end":{"line":164,"column":38}}]},"5":{"loc":{"start":{"line":166,"column":48},"end":{"line":166,"column":88}},"type":"cond-expr","locations":[{"start":{"line":166,"column":62},"end":{"line":166,"column":84}},{"start":{"line":166,"column":84},"end":{"line":166,"column":88}}]},"6":{"loc":{"start":{"line":170,"column":38},"end":{"line":170,"column":76}},"type":"cond-expr","locations":[{"start":{"line":170,"column":51},"end":{"line":170,"column":63}},{"start":{"line":170,"column":63},"end":{"line":170,"column":76}}]},"7":{"loc":{"start":{"line":170,"column":87},"end":{"line":170,"column":null}},"type":"cond-expr","locations":[{"start":{"line":170,"column":100},"end":{"line":170,"column":118}},{"start":{"line":170,"column":118},"end":{"line":170,"column":null}}]},"8":{"loc":{"start":{"line":174,"column":48},"end":{"line":174,"column":100}},"type":"cond-expr","locations":[{"start":{"line":174,"column":62},"end":{"line":174,"column":84}},{"start":{"line":174,"column":84},"end":{"line":174,"column":100}}]},"9":{"loc":{"start":{"line":177,"column":56},"end":{"line":177,"column":121}},"type":"cond-expr","locations":[{"start":{"line":177,"column":70},"end":{"line":177,"column":104}},{"start":{"line":177,"column":104},"end":{"line":177,"column":121}}]}},"s":{"0":0,"1":0,"2":0,"3":0,"4":0,"5":0,"6":0,"7":0,"8":0,"9":0,"10":0,"11":0,"12":0,"13":0,"14":0,"15":0,"16":0,"17":0,"18":0,"19":0,"20":0,"21":0,"22":0,"23":0,"24":0},"f":{"0":0,"1":0,"2":0,"3":0,"4":0,"5":0},"b":{"0":[0],"1":[0,0],"2":[0,0],"3":[0,0],"4":[0],"5":[0,0],"6":[0,0],"7":[0,0],"8":[0,0],"9":[0,0]}}
,"/root/websites/events-stepperslife/app/(public)/tickets/transfer/accept/page.tsx": {"path":"/root/websites/events-stepperslife/app/(public)/tickets/transfer/accept/page.tsx","statementMap":{"0":{"start":{"line":375,"column":24},"end":{"line":375,"column":null}},"1":{"start":{"line":3,"column":46},"end":{"line":3,"column":null}},"2":{"start":{"line":4,"column":43},"end":{"line":4,"column":null}},"3":{"start":{"line":5,"column":27},"end":{"line":5,"column":null}},"4":{"start":{"line":6,"column":23},"end":{"line":6,"column":null}},"5":{"start":{"line":7,"column":57},"end":{"line":7,"column":null}},"6":{"start":{"line":18,"column":7},"end":{"line":18,"column":null}},"7":{"start":{"line":19,"column":17},"end":{"line":19,"column":null}},"8":{"start":{"line":22,"column":17},"end":{"line":22,"column":null}},"9":{"start":{"line":23,"column":23},"end":{"line":23,"column":null}},"10":{"start":{"line":24,"column":48},"end":{"line":24,"column":null}},"11":{"start":{"line":25,"column":21},"end":{"line":25,"column":null}},"12":{"start":{"line":27,"column":32},"end":{"line":27,"column":null}},"13":{"start":{"line":28,"column":38},"end":{"line":28,"column":null}},"14":{"start":{"line":29,"column":34},"end":{"line":29,"column":null}},"15":{"start":{"line":30,"column":28},"end":{"line":30,"column":null}},"16":{"start":{"line":31,"column":32},"end":{"line":31,"column":null}},"17":{"start":{"line":33,"column":2},"end":{"line":48,"column":null}},"18":{"start":{"line":34,"column":4},"end":{"line":34,"column":null}},"19":{"start":{"line":34,"column":34},"end":{"line":34,"column":null}},"20":{"start":{"line":36,"column":4},"end":{"line":40,"column":null}},"21":{"start":{"line":38,"column":6},"end":{"line":38,"column":null}},"22":{"start":{"line":39,"column":6},"end":{"line":39,"column":null}},"23":{"start":{"line":42,"column":4},"end":{"line":47,"column":null}},"24":{"start":{"line":43,"column":6},"end":{"line":43,"column":null}},"25":{"start":{"line":45,"column":6},"end":{"line":45,"column":null}},"26":{"start":{"line":46,"column":6},"end":{"line":46,"column":null}},"27":{"start":{"line":50,"column":31},"end":{"line":66,"column":null}},"28":{"start":{"line":51,"column":4},"end":{"line":65,"column":null}},"29":{"start":{"line":52,"column":23},"end":{"line":52,"column":null}},"30":{"start":{"line":53,"column":19},"end":{"line":53,"column":null}},"31":{"start":{"line":55,"column":6},"end":{"line":57,"column":null}},"32":{"start":{"line":56,"column":8},"end":{"line":56,"column":null}},"33":{"start":{"line":59,"column":6},"end":{"line":59,"column":null}},"34":{"start":{"line":61,"column":6},"end":{"line":61,"column":null}},"35":{"start":{"line":62,"column":6},"end":{"line":62,"column":null}},"36":{"start":{"line":64,"column":6},"end":{"line":64,"column":null}},"37":{"start":{"line":68,"column":23},"end":{"line":95,"column":null}},"38":{"start":{"line":69,"column":4},"end":{"line":69,"column":null}},"39":{"start":{"line":69,"column":21},"end":{"line":69,"column":null}},"40":{"start":{"line":71,"column":4},"end":{"line":71,"column":null}},"41":{"start":{"line":72,"column":4},"end":{"line":72,"column":null}},"42":{"start":{"line":74,"column":4},"end":{"line":94,"column":null}},"43":{"start":{"line":75,"column":23},"end":{"line":80,"column":null}},"44":{"start":{"line":82,"column":19},"end":{"line":82,"column":null}},"45":{"start":{"line":84,"column":6},"end":{"line":86,"column":null}},"46":{"start":{"line":85,"column":8},"end":{"line":85,"column":null}},"47":{"start":{"line":88,"column":6},"end":{"line":88,"column":null}},"48":{"start":{"line":90,"column":6},"end":{"line":90,"column":null}},"49":{"start":{"line":91,"column":6},"end":{"line":91,"column":null}},"50":{"start":{"line":93,"column":6},"end":{"line":93,"column":null}},"51":{"start":{"line":97,"column":24},"end":{"line":129,"column":null}},"52":{"start":{"line":98,"column":4},"end":{"line":98,"column":null}},"53":{"start":{"line":98,"column":21},"end":{"line":98,"column":null}},"54":{"start":{"line":100,"column":4},"end":{"line":102,"column":null}},"55":{"start":{"line":101,"column":6},"end":{"line":101,"column":null}},"56":{"start":{"line":104,"column":4},"end":{"line":104,"column":null}},"57":{"start":{"line":105,"column":4},"end":{"line":105,"column":null}},"58":{"start":{"line":107,"column":4},"end":{"line":128,"column":null}},"59":{"start":{"line":108,"column":23},"end":{"line":113,"column":null}},"60":{"start":{"line":115,"column":19},"end":{"line":115,"column":null}},"61":{"start":{"line":117,"column":6},"end":{"line":119,"column":null}},"62":{"start":{"line":118,"column":8},"end":{"line":118,"column":null}},"63":{"start":{"line":122,"column":6},"end":{"line":122,"column":null}},"64":{"start":{"line":124,"column":6},"end":{"line":124,"column":null}},"65":{"start":{"line":125,"column":6},"end":{"line":125,"column":null}},"66":{"start":{"line":127,"column":6},"end":{"line":127,"column":null}},"67":{"start":{"line":131,"column":2},"end":{"line":140,"column":null}},"68":{"start":{"line":142,"column":2},"end":{"line":163,"column":null}},"69":{"start":{"line":165,"column":2},"end":{"line":203,"column":null}},"70":{"start":{"line":205,"column":2},"end":{"line":205,"column":null}},"71":{"start":{"line":205,"column":17},"end":{"line":205,"column":null}},"72":{"start":{"line":208,"column":20},"end":{"line":208,"column":null}},"73":{"start":{"line":209,"column":23},"end":{"line":209,"column":null}}},"fnMap":{"0":{"name":"TransferAcceptContent","decl":{"start":{"line":21,"column":9},"end":{"line":21,"column":null}},"loc":{"start":{"line":21,"column":9},"end":{"line":373,"column":null}}},"1":{"name":"(anonymous_3)","decl":{"start":{"line":33,"column":12},"end":{"line":33,"column":null}},"loc":{"start":{"line":33,"column":12},"end":{"line":48,"column":5}}},"2":{"name":"(anonymous_4)","decl":{"start":{"line":50,"column":31},"end":{"line":50,"column":null}},"loc":{"start":{"line":50,"column":31},"end":{"line":66,"column":null}}},"3":{"name":"(anonymous_5)","decl":{"start":{"line":68,"column":23},"end":{"line":68,"column":null}},"loc":{"start":{"line":68,"column":23},"end":{"line":95,"column":null}}},"4":{"name":"(anonymous_6)","decl":{"start":{"line":97,"column":24},"end":{"line":97,"column":null}},"loc":{"start":{"line":97,"column":24},"end":{"line":129,"column":null}}},"5":{"name":"TransferAcceptPage","decl":{"start":{"line":375,"column":24},"end":{"line":375,"column":null}},"loc":{"start":{"line":375,"column":24},"end":{"line":385,"column":null}}}},"branchMap":{"0":{"loc":{"start":{"line":34,"column":4},"end":{"line":34,"column":null}},"type":"if","locations":[{"start":{"line":34,"column":4},"end":{"line":34,"column":null}}]},"1":{"loc":{"start":{"line":36,"column":4},"end":{"line":40,"column":null}},"type":"if","locations":[{"start":{"line":36,"column":4},"end":{"line":40,"column":null}}]},"2":{"loc":{"start":{"line":42,"column":4},"end":{"line":47,"column":null}},"type":"if","locations":[{"start":{"line":42,"column":4},"end":{"line":47,"column":null}},{"start":{"line":44,"column":11},"end":{"line":47,"column":null}}]},"3":{"loc":{"start":{"line":55,"column":6},"end":{"line":57,"column":null}},"type":"if","locations":[{"start":{"line":55,"column":6},"end":{"line":57,"column":null}}]},"4":{"loc":{"start":{"line":56,"column":24},"end":{"line":56,"column":null}},"type":"binary-expr","locations":[{"start":{"line":56,"column":24},"end":{"line":56,"column":34}},{"start":{"line":56,"column":38},"end":{"line":56,"column":null}}]},"5":{"loc":{"start":{"line":62,"column":15},"end":{"line":62,"column":null}},"type":"cond-expr","locations":[{"start":{"line":62,"column":38},"end":{"line":62,"column":49}},{"start":{"line":62,"column":52},"end":{"line":62,"column":null}}]},"6":{"loc":{"start":{"line":69,"column":4},"end":{"line":69,"column":null}},"type":"if","locations":[{"start":{"line":69,"column":4},"end":{"line":69,"column":null}}]},"7":{"loc":{"start":{"line":84,"column":6},"end":{"line":86,"column":null}},"type":"if","locations":[{"start":{"line":84,"column":6},"end":{"line":86,"column":null}}]},"8":{"loc":{"start":{"line":85,"column":24},"end":{"line":85,"column":null}},"type":"binary-expr","locations":[{"start":{"line":85,"column":24},"end":{"line":85,"column":34}},{"start":{"line":85,"column":38},"end":{"line":85,"column":null}}]},"9":{"loc":{"start":{"line":91,"column":15},"end":{"line":91,"column":null}},"type":"cond-expr","locations":[{"start":{"line":91,"column":38},"end":{"line":91,"column":49}},{"start":{"line":91,"column":52},"end":{"line":91,"column":null}}]},"10":{"loc":{"start":{"line":98,"column":4},"end":{"line":98,"column":null}},"type":"if","locations":[{"start":{"line":98,"column":4},"end":{"line":98,"column":null}}]},"11":{"loc":{"start":{"line":100,"column":4},"end":{"line":102,"column":null}},"type":"if","locations":[{"start":{"line":100,"column":4},"end":{"line":102,"column":null}}]},"12":{"loc":{"start":{"line":117,"column":6},"end":{"line":119,"column":null}},"type":"if","locations":[{"start":{"line":117,"column":6},"end":{"line":119,"column":null}}]},"13":{"loc":{"start":{"line":118,"column":24},"end":{"line":118,"column":null}},"type":"binary-expr","locations":[{"start":{"line":118,"column":24},"end":{"line":118,"column":34}},{"start":{"line":118,"column":38},"end":{"line":118,"column":null}}]},"14":{"loc":{"start":{"line":125,"column":15},"end":{"line":125,"column":null}},"type":"cond-expr","locations":[{"start":{"line":125,"column":38},"end":{"line":125,"column":49}},{"start":{"line":125,"column":52},"end":{"line":125,"column":null}}]},"15":{"loc":{"start":{"line":131,"column":2},"end":{"line":140,"column":null}},"type":"if","locations":[{"start":{"line":131,"column":2},"end":{"line":140,"column":null}}]},"16":{"loc":{"start":{"line":131,"column":6},"end":{"line":131,"column":43}},"type":"binary-expr","locations":[{"start":{"line":131,"column":6},"end":{"line":131,"column":34}},{"start":{"line":131,"column":34},"end":{"line":131,"column":43}}]},"17":{"loc":{"start":{"line":142,"column":2},"end":{"line":163,"column":null}},"type":"if","locations":[{"start":{"line":142,"column":2},"end":{"line":163,"column":null}}]},"18":{"loc":{"start":{"line":142,"column":6},"end":{"line":142,"column":26}},"type":"binary-expr","locations":[{"start":{"line":142,"column":6},"end":{"line":142,"column":15}},{"start":{"line":142,"column":15},"end":{"line":142,"column":26}}]},"19":{"loc":{"start":{"line":165,"column":2},"end":{"line":203,"column":null}},"type":"if","locations":[{"start":{"line":165,"column":2},"end":{"line":203,"column":null}}]},"20":{"loc":{"start":{"line":205,"column":2},"end":{"line":205,"column":null}},"type":"if","locations":[{"start":{"line":205,"column":2},"end":{"line":205,"column":null}}]},"21":{"loc":{"start":{"line":224,"column":23},"end":{"line":224,"column":65}},"type":"binary-expr","locations":[{"start":{"line":224,"column":23},"end":{"line":224,"column":55}},{"start":{"line":224,"column":55},"end":{"line":224,"column":65}}]},"22":{"loc":{"start":{"line":224,"column":67},"end":{"line":224,"column":110}},"type":"binary-expr","locations":[{"start":{"line":224,"column":67},"end":{"line":224,"column":98}},{"start":{"line":224,"column":98},"end":{"line":224,"column":110}}]},"23":{"loc":{"start":{"line":245,"column":13},"end":{"line":245,"column":null}},"type":"binary-expr","locations":[{"start":{"line":245,"column":13},"end":{"line":245,"column":null}}]},"24":{"loc":{"start":{"line":260,"column":9},"end":{"line":260,"column":25}},"type":"binary-expr","locations":[{"start":{"line":260,"column":9},"end":{"line":260,"column":25}}]},"25":{"loc":{"start":{"line":280,"column":17},"end":{"line":280,"column":57}},"type":"cond-expr","locations":[{"start":{"line":280,"column":29},"end":{"line":280,"column":44}},{"start":{"line":280,"column":44},"end":{"line":280,"column":57}}]},"26":{"loc":{"start":{"line":292,"column":9},"end":{"line":292,"column":null}},"type":"binary-expr","locations":[{"start":{"line":292,"column":9},"end":{"line":292,"column":null}}]},"27":{"loc":{"start":{"line":306,"column":9},"end":{"line":306,"column":25}},"type":"binary-expr","locations":[{"start":{"line":306,"column":9},"end":{"line":306,"column":25}},{"start":{"line":306,"column":25},"end":{"line":306,"column":null}}]},"28":{"loc":{"start":{"line":320,"column":9},"end":{"line":320,"column":null}},"type":"binary-expr","locations":[{"start":{"line":320,"column":9},"end":{"line":320,"column":null}}]},"29":{"loc":{"start":{"line":327,"column":9},"end":{"line":327,"column":23}},"type":"binary-expr","locations":[{"start":{"line":327,"column":9},"end":{"line":327,"column":23}},{"start":{"line":327,"column":23},"end":{"line":327,"column":null}}]},"30":{"loc":{"start":{"line":344,"column":22},"end":{"line":349,"column":null}},"type":"cond-expr","locations":[{"start":{"line":344,"column":22},"end":{"line":349,"column":null}}]}},"s":{"0":0,"1":0,"2":0,"3":0,"4":0,"5":0,"6":0,"7":0,"8":0,"9":0,"10":0,"11":0,"12":0,"13":0,"14":0,"15":0,"16":0,"17":0,"18":0,"19":0,"20":0,"21":0,"22":0,"23":0,"24":0,"25":0,"26":0,"27":0,"28":0,"29":0,"30":0,"31":0,"32":0,"33":0,"34":0,"35":0,"36":0,"37":0,"38":0,"39":0,"40":0,"41":0,"42":0,"43":0,"44":0,"45":0,"46":0,"47":0,"48":0,"49":0,"50":0,"51":0,"52":0,"53":0,"54":0,"55":0,"56":0,"57":0,"58":0,"59":0,"60":0,"61":0,"62":0,"63":0,"64":0,"65":0,"66":0,"67":0,"68":0,"69":0,"70":0,"71":0,"72":0,"73":0},"f":{"0":0,"1":0,"2":0,"3":0,"4":0,"5":0},"b":{"0":[0],"1":[0],"2":[0,0],"3":[0],"4":[0,0],"5":[0,0],"6":[0],"7":[0],"8":[0,0],"9":[0,0],"10":[0],"11":[0],"12":[0],"13":[0,0],"14":[0,0],"15":[0],"16":[0,0],"17":[0],"18":[0,0],"19":[0],"20":[0],"21":[0,0],"22":[0,0],"23":[0],"24":[0],"25":[0,0],"26":[0],"27":[0,0],"28":[0],"29":[0,0],"30":[0]}}
[...]
,"/root/websites/events-stepperslife/lib/services/ticket-transfer.service.ts": {"path":"/root/websites/events-stepperslife/lib/services/ticket-transfer.service.ts","statementMap":{"0":{"start":{"line":38,"column":13},"end":{"line":38,"column":34}},"1":{"start":{"line":13,"column":12},"end":{"line":13,"column":26}},"2":{"start":{"line":508,"column":13},"end":{"line":508,"column":34}},"3":{"start":{"line":10,"column":23},"end":{"line":10,"column":null}},"4":{"start":{"line":11,"column":29},"end":{"line":11,"column":null}},"5":{"start":{"line":46,"column":33},"end":{"line":46,"column":null}},"6":{"start":{"line":49,"column":19},"end":{"line":58,"column":null}},"7":{"start":{"line":60,"column":4},"end":{"line":65,"column":null}},"8":{"start":{"line":61,"column":6},"end":{"line":64,"column":null}},"9":{"start":{"line":68,"column":4},"end":{"line":73,"column":null}},"10":{"start":{"line":69,"column":6},"end":{"line":72,"column":null}},"11":{"start":{"line":76,"column":4},"end":{"line":81,"column":null}},"12":{"start":{"line":77,"column":6},"end":{"line":80,"column":null}},"13":{"start":{"line":84,"column":4},"end":{"line":89,"column":null}},"14":{"start":{"line":85,"column":6},"end":{"line":88,"column":null}},"15":{"start":{"line":92,"column":16},"end":{"line":92,"column":null}},"16":{"start":{"line":93,"column":22},"end":{"line":93,"column":null}},"17":{"start":{"line":94,"column":28},"end":{"line":94,"column":null}},"18":{"start":{"line":96,"column":4},"end":{"line":101,"column":null}},"19":{"start":{"line":97,"column":6},"end":{"line":100,"column":null}},"20":{"start":{"line":104,"column":4},"end":{"line":109,"column":null}},"21":{"start":{"line":105,"column":6},"end":{"line":108,"column":null}},"22":{"start":{"line":112,"column":28},"end":{"line":117,"column":5}},"23":{"start":{"line":119,"column":4},"end":{"line":124,"column":null}},"24":{"start":{"line":120,"column":6},"end":{"line":123,"column":null}},"25":{"start":{"line":127,"column":26},"end":{"line":131,"column":5}},"26":{"start":{"line":133,"column":18},"end":{"line":133,"column":null}},"27":{"start":{"line":134,"column":4},"end":{"line":139,"column":null}},"28":{"start":{"line":135,"column":6},"end":{"line":138,"column":null}},"29":{"start":{"line":141,"column":4},"end":{"line":143,"column":null}},"30":{"start":{"line":155,"column":55},"end":{"line":155,"column":null}},"31":{"start":{"line":158,"column":24},"end":{"line":161,"column":null}},"32":{"start":{"line":163,"column":4},"end":{"line":165,"column":null}},"33":{"start":{"line":164,"column":6},"end":{"line":164,"column":null}},"34":{"start":{"line":168,"column":21},"end":{"line":170,"column":null}},"35":{"start":{"line":172,"column":4},"end":{"line":174,"column":null}},"36":{"start":{"line":173,"column":6},"end":{"line":173,"column":null}},"37":{"start":{"line":177,"column":19},"end":{"line":186,"column":null}},"38":{"start":{"line":188,"column":4},"end":{"line":190,"column":null}},"39":{"start":{"line":189,"column":6},"end":{"line":189,"column":null}},"40":{"start":{"line":193,"column":19},"end":{"line":195,"column":null}},"41":{"start":{"line":199,"column":22},"end":{"line":199,"column":null}},"42":{"start":{"line":200,"column":4},"end":{"line":200,"column":null}},"43":{"start":{"line":202,"column":21},"end":{"line":218,"column":5}},"44":{"start":{"line":221,"column":28},"end":{"line":227,"column":5}},"45":{"start":{"line":229,"column":27},"end":{"line":229,"column":45}},"46":{"start":{"line":231,"column":4},"end":{"line":241,"column":null}},"47":{"start":{"line":251,"column":35},"end":{"line":251,"column":null}},"48":{"start":{"line":254,"column":22},"end":{"line":258,"column":5}},"49":{"start":{"line":260,"column":4},"end":{"line":262,"column":null}},"50":{"start":{"line":261,"column":6},"end":{"line":261,"column":null}},"51":{"start":{"line":264,"column":21},"end":{"line":264,"column":33}},"52":{"start":{"line":267,"column":4},"end":{"line":269,"column":null}},"53":{"start":{"line":268,"column":6},"end":{"line":268,"column":null}},"54":{"start":{"line":272,"column":4},"end":{"line":280,"column":null}},"55":{"start":{"line":274,"column":6},"end":{"line":278,"column":null}},"56":{"start":{"line":279,"column":6},"end":{"line":279,"column":null}},"57":{"start":{"line":283,"column":17},"end":{"line":285,"column":null}},"58":{"start":{"line":287,"column":4},"end":{"line":289,"column":null}},"59":{"start":{"line":288,"column":6},"end":{"line":288,"column":null}},"60":{"start":{"line":292,"column":19},"end":{"line":301,"column":null}},"61":{"start":{"line":303,"column":4},"end":{"line":305,"column":null}},"62":{"start":{"line":304,"column":6},"end":{"line":304,"column":null}},"63":{"start":{"line":308,"column":4},"end":{"line":359,"column":null}},"64":{"start":{"line":310,"column":24},"end":{"line":310,"column":85}},"65":{"start":{"line":311,"column":32},"end":{"line":311,"column":95}},"66":{"start":{"line":314,"column":6},"end":{"line":324,"column":null}},"67":{"start":{"line":327,"column":6},"end":{"line":334,"column":null}},"68":{"start":{"line":337,"column":6},"end":{"line":351,"column":null}},"69":{"start":{"line":353,"column":6},"end":{"line":358,"column":null}},"70":{"start":{"line":370,"column":43},"end":{"line":370,"column":null}},"71":{"start":{"line":373,"column":22},"end":{"line":377,"column":5}},"72":{"start":{"line":379,"column":4},"end":{"line":381,"column":null}},"73":{"start":{"line":380,"column":6},"end":{"line":380,"column":null}},"74":{"start":{"line":383,"column":21},"end":{"line":383,"column":33}},"75":{"start":{"line":386,"column":17},"end":{"line":388,"column":null}},"76":{"start":{"line":390,"column":4},"end":{"line":392,"column":null}},"77":{"start":{"line":391,"column":6},"end":{"line":391,"column":null}},"78":{"start":{"line":395,"column":4},"end":{"line":397,"column":null}},"79":{"start":{"line":396,"column":6},"end":{"line":396,"column":null}},"80":{"start":{"line":400,"column":4},"end":{"line":405,"column":null}},"81":{"start":{"line":415,"column":35},"end":{"line":415,"column":null}},"82":{"start":{"line":418,"column":22},"end":{"line":422,"column":5}},"83":{"start":{"line":424,"column":4},"end":{"line":426,"column":null}},"84":{"start":{"line":425,"column":6},"end":{"line":425,"column":null}},"85":{"start":{"line":428,"column":21},"end":{"line":428,"column":33}},"86":{"start":{"line":431,"column":4},"end":{"line":433,"column":null}},"87":{"start":{"line":432,"column":6},"end":{"line":432,"column":null}},"88":{"start":{"line":436,"column":4},"end":{"line":438,"column":null}},"89":{"start":{"line":437,"column":6},"end":{"line":437,"column":null}},"90":{"start":{"line":441,"column":4},"end":{"line":445,"column":null}},"91":{"start":{"line":452,"column":22},"end":{"line":456,"column":5}},"92":{"start":{"line":458,"column":4},"end":{"line":458,"column":null}},"93":{"start":{"line":465,"column":4},"end":{"line":469,"column":null}},"94":{"start":{"line":479,"column":16},"end":{"line":479,"column":null}},"95":{"start":{"line":482,"column":29},"end":{"line":486,"column":5}},"96":{"start":{"line":488,"column":29},"end":{"line":488,"column":31}},"97":{"start":{"line":489,"column":20},"end":{"line":489,"column":null}},"98":{"start":{"line":491,"column":4},"end":{"line":502,"column":null}},"99":{"start":{"line":492,"column":6},"end":{"line":501,"column":null}},"100":{"start":{"line":493,"column":8},"end":{"line":497,"column":null}},"101":{"start":{"line":498,"column":8},"end":{"line":498,"column":null}},"102":{"start":{"line":500,"column":8},"end":{"line":500,"column":null}},"103":{"start":{"line":504,"column":4},"end":{"line":504,"column":null}},"104":{"start":{"line":508,"column":37},"end":{"line":508,"column":null}}},"fnMap":{"0":{"name":"(anonymous_5)","decl":{"start":{"line":42,"column":2},"end":{"line":42,"column":8}},"loc":{"start":{"line":45,"column":35},"end":{"line":144,"column":null}}},"1":{"name":"(anonymous_6)","decl":{"start":{"line":149,"column":2},"end":{"line":149,"column":8}},"loc":{"start":{"line":154,"column":28},"end":{"line":242,"column":null}}},"2":{"name":"(anonymous_7)","decl":{"start":{"line":247,"column":2},"end":{"line":247,"column":8}},"loc":{"start":{"line":250,"column":19},"end":{"line":360,"column":null}}},"3":{"name":"(anonymous_8)","decl":{"start":{"line":308,"column":37},"end":{"line":308,"column":44}},"loc":{"start":{"line":308,"column":44},"end":{"line":359,"column":null}}},"4":{"name":"(anonymous_9)","decl":{"start":{"line":365,"column":2},"end":{"line":365,"column":8}},"loc":{"start":{"line":369,"column":20},"end":{"line":406,"column":null}}},"5":{"name":"(anonymous_10)","decl":{"start":{"line":411,"column":2},"end":{"line":411,"column":8}},"loc":{"start":{"line":414,"column":20},"end":{"line":446,"column":null}}},"6":{"name":"(anonymous_11)","decl":{"start":{"line":451,"column":2},"end":{"line":451,"column":8}},"loc":{"start":{"line":451,"column":58},"end":{"line":459,"column":null}}},"7":{"name":"(anonymous_12)","decl":{"start":{"line":464,"column":2},"end":{"line":464,"column":8}},"loc":{"start":{"line":464,"column":61},"end":{"line":470,"column":null}}},"8":{"name":"(anonymous_13)","decl":{"start":{"line":475,"column":2},"end":{"line":475,"column":8}},"loc":{"start":{"line":478,"column":5},"end":{"line":505,"column":null}}}},"branchMap":{"0":{"loc":{"start":{"line":60,"column":4},"end":{"line":65,"column":null}},"type":"if","locations":[{"start":{"line":60,"column":4},"end":{"line":65,"column":null}}]},"1":{"loc":{"start":{"line":68,"column":4},"end":{"line":73,"column":null}},"type":"if","locations":[{"start":{"line":68,"column":4},"end":{"line":73,"column":null}}]},"2":{"loc":{"start":{"line":76,"column":4},"end":{"line":81,"column":null}},"type":"if","locations":[{"start":{"line":76,"column":4},"end":{"line":81,"column":null}}]},"3":{"loc":{"start":{"line":84,"column":4},"end":{"line":89,"column":null}},"type":"if","locations":[{"start":{"line":84,"column":4},"end":{"line":89,"column":null}}]},"4":{"loc":{"start":{"line":96,"column":4},"end":{"line":101,"column":null}},"type":"if","locations":[{"start":{"line":96,"column":4},"end":{"line":101,"column":null}}]},"5":{"loc":{"start":{"line":104,"column":4},"end":{"line":109,"column":null}},"type":"if","locations":[{"start":{"line":104,"column":4},"end":{"line":109,"column":null}}]},"6":{"loc":{"start":{"line":119,"column":4},"end":{"line":124,"column":null}},"type":"if","locations":[{"start":{"line":119,"column":4},"end":{"line":124,"column":null}}]},"7":{"loc":{"start":{"line":119,"column":8},"end":{"line":119,"column":55}},"type":"binary-expr","locations":[{"start":{"line":119,"column":8},"end":{"line":119,"column":27}},{"start":{"line":119,"column":27},"end":{"line":119,"column":55}}]},"8":{"loc":{"start":{"line":133,"column":18},"end":{"line":133,"column":null}},"type":"binary-expr","locations":[{"start":{"line":133,"column":18},"end":{"line":133,"column":45}},{"start":{"line":133,"column":45},"end":{"line":133,"column":null}}]},"9":{"loc":{"start":{"line":134,"column":4},"end":{"line":139,"column":null}},"type":"if","locations":[{"start":{"line":134,"column":4},"end":{"line":139,"column":null}}]},"10":{"loc":{"start":{"line":163,"column":4},"end":{"line":165,"column":null}},"type":"if","locations":[{"start":{"line":163,"column":4},"end":{"line":165,"column":null}}]},"11":{"loc":{"start":{"line":164,"column":22},"end":{"line":164,"column":null}},"type":"binary-expr","locations":[{"start":{"line":164,"column":22},"end":{"line":164,"column":40}},{"start":{"line":164,"column":44},"end":{"line":164,"column":null}}]},"12":{"loc":{"start":{"line":172,"column":4},"end":{"line":174,"column":null}},"type":"if","locations":[{"start":{"line":172,"column":4},"end":{"line":174,"column":null}}]},"13":{"loc":{"start":{"line":188,"column":4},"end":{"line":190,"column":null}},"type":"if","locations":[{"start":{"line":188,"column":4},"end":{"line":190,"column":null}}]},"14":{"loc":{"start":{"line":212,"column":10},"end":{"line":212,"column":29}},"type":"binary-expr","locations":[{"start":{"line":212,"column":10},"end":{"line":212,"column":24}},{"start":{"line":212,"column":24},"end":{"line":212,"column":29}}]},"15":{"loc":{"start":{"line":214,"column":10},"end":{"line":214,"column":26}},"type":"binary-expr","locations":[{"start":{"line":214,"column":10},"end":{"line":214,"column":21}},{"start":{"line":214,"column":21},"end":{"line":214,"column":26}}]},"16":{"loc":{"start":{"line":237,"column":14},"end":{"line":237,"column":null}},"type":"binary-expr","locations":[{"start":{"line":237,"column":14},"end":{"line":237,"column":24}},{"start":{"line":237,"column":24},"end":{"line":237,"column":null}}]},"17":{"loc":{"start":{"line":238,"column":15},"end":{"line":238,"column":null}},"type":"binary-expr","locations":[{"start":{"line":238,"column":15},"end":{"line":238,"column":26}},{"start":{"line":238,"column":26},"end":{"line":238,"column":null}}]},"18":{"loc":{"start":{"line":260,"column":4},"end":{"line":262,"column":null}},"type":"if","locations":[{"start":{"line":260,"column":4},"end":{"line":262,"column":null}}]},"19":{"loc":{"start":{"line":260,"column":8},"end":{"line":260,"column":46}},"type":"binary-expr","locations":[{"start":{"line":260,"column":8},"end":{"line":260,"column":22}},{"start":{"line":260,"column":22},"end":{"line":260,"column":46}}]},"20":{"loc":{"start":{"line":267,"column":4},"end":{"line":269,"column":null}},"type":"if","locations":[{"start":{"line":267,"column":4},"end":{"line":269,"column":null}}]},"21":{"loc":{"start":{"line":272,"column":4},"end":{"line":280,"column":null}},"type":"if","locations":[{"start":{"line":272,"column":4},"end":{"line":280,"column":null}}]},"22":{"loc":{"start":{"line":287,"column":4},"end":{"line":289,"column":null}},"type":"if","locations":[{"start":{"line":287,"column":4},"end":{"line":289,"column":null}}]},"23":{"loc":{"start":{"line":287,"column":8},"end":{"line":287,"column":78}},"type":"binary-expr","locations":[{"start":{"line":287,"column":8},"end":{"line":287,"column":17}},{"start":{"line":287,"column":17},"end":{"line":287,"column":78}}]},"24":{"loc":{"start":{"line":303,"column":4},"end":{"line":305,"column":null}},"type":"if","locations":[{"start":{"line":303,"column":4},"end":{"line":305,"column":null}}]},"25":{"loc":{"start":{"line":318,"column":22},"end":{"line":318,"column":91}},"type":"binary-expr","locations":[{"start":{"line":318,"column":22},"end":{"line":318,"column":81}},{"start":{"line":318,"column":81},"end":{"line":318,"column":91}}]},"26":{"loc":{"start":{"line":318,"column":25},"end":{"line":318,"column":46}},"type":"binary-expr","locations":[{"start":{"line":318,"column":25},"end":{"line":318,"column":39}},{"start":{"line":318,"column":43},"end":{"line":318,"column":46}}]},"27":{"loc":{"start":{"line":318,"column":49},"end":{"line":318,"column":70}},"type":"binary-expr","locations":[{"start":{"line":318,"column":49},"end":{"line":318,"column":62}},{"start":{"line":318,"column":66},"end":{"line":318,"column":70}}]},"28":{"loc":{"start":{"line":379,"column":4},"end":{"line":381,"column":null}},"type":"if","locations":[{"start":{"line":379,"column":4},"end":{"line":381,"column":null}}]},"29":{"loc":{"start":{"line":379,"column":8},"end":{"line":379,"column":46}},"type":"binary-expr","locations":[{"start":{"line":379,"column":8},"end":{"line":379,"column":22}},{"start":{"line":379,"column":22},"end":{"line":379,"column":46}}]},"30":{"loc":{"start":{"line":390,"column":4},"end":{"line":392,"column":null}},"type":"if","locations":[{"start":{"line":390,"column":4},"end":{"line":392,"column":null}}]},"31":{"loc":{"start":{"line":390,"column":8},"end":{"line":390,"column":78}},"type":"binary-expr","locations":[{"start":{"line":390,"column":8},"end":{"line":390,"column":17}},{"start":{"line":390,"column":17},"end":{"line":390,"column":78}}]},"32":{"loc":{"start":{"line":395,"column":4},"end":{"line":397,"column":null}},"type":"if","locations":[{"start":{"line":395,"column":4},"end":{"line":397,"column":null}}]},"33":{"loc":{"start":{"line":424,"column":4},"end":{"line":426,"column":null}},"type":"if","locations":[{"start":{"line":424,"column":4},"end":{"line":426,"column":null}}]},"34":{"loc":{"start":{"line":424,"column":8},"end":{"line":424,"column":46}},"type":"binary-expr","locations":[{"start":{"line":424,"column":8},"end":{"line":424,"column":22}},{"start":{"line":424,"column":22},"end":{"line":424,"column":46}}]},"35":{"loc":{"start":{"line":431,"column":4},"end":{"line":433,"column":null}},"type":"if","locations":[{"start":{"line":431,"column":4},"end":{"line":433,"column":null}}]},"36":{"loc":{"start":{"line":436,"column":4},"end":{"line":438,"column":null}},"type":"if","locations":[{"start":{"line":436,"column":4},"end":{"line":438,"column":null}}]},"37":{"loc":{"start":{"line":458,"column":11},"end":{"line":458,"column":null}},"type":"cond-expr","locations":[{"start":{"line":458,"column":47},"end":{"line":458,"column":59}},{"start":{"line":458,"column":62},"end":{"line":458,"column":null}}]},"38":{"loc":{"start":{"line":458,"column":11},"end":{"line":458,"column":47}},"type":"binary-expr","locations":[{"start":{"line":458,"column":11},"end":{"line":458,"column":24}},{"start":{"line":458,"column":24},"end":{"line":458,"column":47}}]}},"s":{"0":4,"1":1,"2":0,"3":1,"4":1,"5":0,"6":0,"7":0,"8":0,"9":0,"10":0,"11":0,"12":0,"13":0,"14":0,"15":0,"16":0,"17":0,"18":0,"19":0,"20":0,"21":0,"22":0,"23":0,"24":0,"25":0,"26":0,"27":0,"28":0,"29":0,"30":0,"31":0,"32":0,"33":0,"34":0,"35":0,"36":0,"37":0,"38":0,"39":0,"40":0,"41":0,"42":0,"43":0,"44":0,"45":0,"46":0,"47":0,"48":0,"49":0,"50":0,"51":0,"52":0,"53":0,"54":0,"55":0,"56":0,"57":0,"58":0,"59":0,"60":0,"61":0,"62":0,"63":0,"64":0,"65":0,"66":0,"67":0,"68":0,"69":0,"70":0,"71":0,"72":0,"73":0,"74":0,"75":0,"76":0,"77":0,"78":0,"79":0,"80":0,"81":0,"82":0,"83":0,"84":0,"85":0,"86":0,"87":0,"88":0,"89":0,"90":0,"91":0,"92":0,"93":0,"94":0,"95":0,"96":0,"97":0,"98":0,"99":0,"100":0,"101":0,"102":0,"103":0,"104":1},"f":{"0":0,"1":0,"2":0,"3":0,"4":0,"5":0,"6":0,"7":0,"8":0},"b":{"0":[0],"1":[0],"2":[0],"3":[0],"4":[0],"5":[0],"6":[0],"7":[0,0],"8":[0,0],"9":[0],"10":[0],"11":[0,0],"12":[0],"13":[0],"14":[0,0],"15":[0,0],"16":[0,0],"17":[0,0],"18":[0],"19":[0,0],"20":[0],"21":[0],"22":[0],"23":[0,0],"24":[0],"25":[0,0],"26":[0,0],"27":[0,0],"28":[0],"29":[0,0],"30":[0],"31":[0,0],"32":[0],"33":[0],"34":[0,0],"35":[0],"36":[0],"37":[0,0],"38":[0,0]}}
}
