TN:
SF:app/layout.tsx
FN:62,RootLayout
FNF:1
FNH:0
FNDA:0,RootLayout
DA:2,0
DA:3,0
DA:5,0
DA:52,0
DA:62,0
LF:5
LH:0
BRF:0
BRH:0
end_of_record
TN:
SF:app/providers.tsx
FN:8,Providers
FN:10,(anonymous_2)
FNF:2
FNH:0
FNDA:0,Providers
FNDA:0,(anonymous_2)
DA:3,0
DA:4,0
DA:5,0
DA:6,0
DA:8,0
DA:9,0
DA:11,0
LF:7
LH:0
BRF:0
BRH:0
end_of_record
TN:
SF:app/(public)/layout.tsx
FN:4,PublicLayout
FNF:1
FNH:0
FNDA:0,PublicLayout
DA:1,0
DA:2,0
DA:4,0
LF:3
LH:0
BRF:0
BRH:0
end_of_record
TN:
SF:app/(public)/page.tsx
FN:24,HomePage
FN:207,(anonymous_3)
FN:258,(anonymous_4)
FN:309,(anonymous_5)
FNF:4
FNH:0
FNDA:0,HomePage
FNDA:0,(anonymous_3)
FNDA:0,(anonymous_4)
FNDA:0,(anonymous_5)
DA:3,0
DA:4,0
DA:5,0
DA:6,0
DA:7,0
DA:22,0
DA:24,0
DA:25,0
DA:31,0
DA:39,0
DA:78,0
DA:85,0
DA:208,0
DA:259,0
DA:310,0
LF:15
LH:0
BRF:0
BRH:0
end_of_record
TN:
SF:app/(public)/events/page.tsx
FN:47,PublicEventsPage
FN:55,(anonymous_3)
FN:62,(anonymous_4)
FN:66,(anonymous_5)
FN:71,(anonymous_6)
FN:119,(anonymous_7)
FN:126,(anonymous_8)
FN:167,(anonymous_9)
FN:175,(anonymous_10)
FN:182,(anonymous_11)
FN:182,(anonymous_12)
FN:187,(anonymous_13)
FN:187,(anonymous_14)
FN:192,(anonymous_15)
FN:192,(anonymous_16)
FN:197,(anonymous_17)
FN:197,(anonymous_18)
FN:204,(anonymous_19)
FNF:18
FNH:0
FNDA:0,PublicEventsPage
FNDA:0,(anonymous_3)
FNDA:0,(anonymous_4)
FNDA:0,(anonymous_5)
FNDA:0,(anonymous_6)
FNDA:0,(anonymous_7)
FNDA:0,(anonymous_8)
FNDA:0,(anonymous_9)
FNDA:0,(anonymous_10)
FNDA:0,(anonymous_11)
FNDA:0,(anonymous_12)
FNDA:0,(anonymous_13)
FNDA:0,(anonymous_14)
FNDA:0,(anonymous_15)
FNDA:0,(anonymous_16)
FNDA:0,(anonymous_17)
FNDA:0,(anonymous_18)
FNDA:0,(anonymous_19)
DA:3,0
DA:4,0
DA:5,0
DA:6,0
DA:7,0
DA:8,0
DA:9,0
DA:15,0
DA:47,0
DA:48,0
DA:49,0
DA:50,0
DA:51,0
DA:52,0
DA:55,0
DA:56,0
DA:57,0
DA:58,0
DA:62,0
DA:63,0
DA:66,0
DA:67,0
DA:68,0
DA:71,0
DA:72,0
DA:73,0
DA:74,0
DA:75,0
DA:76,0
DA:78,0
DA:79,0
DA:81,0
DA:82,0
DA:85,0
DA:87,0
DA:89,0
DA:119,0
DA:126,0
DA:167,0
DA:176,0
DA:182,0
DA:183,0
DA:187,0
DA:188,0
DA:192,0
DA:193,0
DA:197,0
DA:198,0
DA:205,0
LF:49
LH:0
BRDA:57,0,0,0
BRDA:57,1,0,0
BRDA:57,1,1,0
BRDA:75,2,0,0
BRDA:76,3,0,0
BRDA:81,4,0,0
BRDA:82,5,0,0
BRDA:82,5,1,0
BRDA:85,6,0,0
BRDA:85,6,1,0
BRDA:154,7,0,0
BRDA:158,8,0,0
BRDA:163,9,0,0
BRDA:163,9,1,0
BRDA:163,10,0,0
BRDA:163,10,1,0
BRDA:174,11,0,0
BRDA:180,12,0,0
BRDA:211,13,0,0
BRF:19
BRH:0
end_of_record
TN:
SF:app/(public)/events/[eventId]/page.tsx
FN:67,PublicEventDetailsPage
FN:89,(anonymous_3)
FN:93,(anonymous_4)
FN:95,(anonymous_5)
FN:103,(anonymous_6)
FN:118,(anonymous_7)
FN:134,(anonymous_8)
FN:148,(anonymous_9)
FN:167,(anonymous_10)
FN:201,(anonymous_11)
FN:236,(anonymous_12)
FN:287,(anonymous_13)
FN:291,(anonymous_14)
FN:479,(anonymous_15)
FN:479,(anonymous_16)
FN:483,(anonymous_17)
FN:496,(anonymous_18)
FN:496,(anonymous_19)
FN:500,(anonymous_20)
FN:500,(anonymous_21)
FN:518,(anonymous_22)
FN:518,(anonymous_23)
FN:529,(anonymous_24)
FN:529,(anonymous_25)
FN:540,(anonymous_26)
FN:540,(anonymous_27)
FNF:26
FNH:0
FNDA:0,PublicEventDetailsPage
FNDA:0,(anonymous_3)
FNDA:0,(anonymous_4)
FNDA:0,(anonymous_5)
FNDA:0,(anonymous_6)
FNDA:0,(anonymous_7)
FNDA:0,(anonymous_8)
FNDA:0,(anonymous_9)
FNDA:0,(anonymous_10)
FNDA:0,(anonymous_11)
FNDA:0,(anonymous_12)
FNDA:0,(anonymous_13)
FNDA:0,(anonymous_14)
FNDA:0,(anonymous_15)
FNDA:0,(anonymous_16)
FNDA:0,(anonymous_17)
FNDA:0,(anonymous_18)
FNDA:0,(anonymous_19)
FNDA:0,(anonymous_20)
FNDA:0,(anonymous_21)
FNDA:0,(anonymous_22)
FNDA:0,(anonymous_23)
FNDA:0,(anonymous_24)
FNDA:0,(anonymous_25)
FNDA:0,(anonymous_26)
FNDA:0,(anonymous_27)
DA:3,0
DA:4,0
DA:5,0
DA:6,0
DA:7,0
DA:8,0
DA:9,0
DA:10,0
DA:11,0
DA:26,0
DA:27,0
DA:67,0
DA:68,0
DA:69,0
DA:70,0
DA:71,0
DA:73,0
DA:74,0
DA:75,0
DA:76,0
DA:77,0
DA:78,0
DA:79,0
DA:81,0
DA:89,0
DA:90,0
DA:93,0
DA:94,0
DA:95,0
DA:103,0
DA:104,0
DA:105,0
DA:106,0
DA:108,0
DA:109,0
DA:112,0
DA:113,0
DA:114,0
DA:117,0
DA:118,0
DA:124,0
DA:127,0
DA:128,0
DA:130,0
DA:134,0
DA:135,0
DA:137,0
DA:138,0
DA:139,0
DA:143,0
DA:144,0
DA:145,0
DA:148,0
DA:149,0
DA:150,0
DA:151,0
DA:154,0
DA:157,0
DA:158,0
DA:159,0
DA:163,0
DA:164,0
DA:167,0
DA:168,0
DA:169,0
DA:171,0
DA:172,0
DA:184,0
DA:186,0
DA:187,0
DA:190,0
DA:191,0
DA:194,0
DA:195,0
DA:197,0
DA:201,0
DA:202,0
DA:203,0
DA:205,0
DA:206,0
DA:218,0
DA:220,0
DA:221,0
DA:224,0
DA:225,0
DA:226,0
DA:229,0
DA:230,0
DA:232,0
DA:236,0
DA:237,0
DA:238,0
DA:241,0
DA:249,0
DA:283,0
DA:284,0
DA:287,0
DA:288,0
DA:289,0
DA:291,0
DA:292,0
DA:294,0
DA:296,0
DA:298,0
DA:300,0
DA:302,0
DA:304,0
DA:306,0
DA:479,0
DA:484,0
DA:496,0
DA:500,0
DA:501,0
DA:518,0
DA:529,0
DA:540,0
LF:116
LH:0
BRDA:94,0,0,0
BRDA:97,1,0,0
BRDA:97,1,1,0
BRDA:108,2,0,0
BRDA:109,3,0,0
BRDA:109,3,1,0
BRDA:112,4,0,0
BRDA:112,4,1,0
BRDA:112,5,0,0
BRDA:112,5,1,0
BRDA:117,6,0,0
BRDA:128,7,0,0
BRDA:128,7,1,0
BRDA:137,8,0,0
BRDA:143,9,0,0
BRDA:143,10,0,0
BRDA:143,10,1,0
BRDA:143,10,2,0
BRDA:149,11,0,0
BRDA:157,12,0,0
BRDA:186,13,0,0
BRDA:187,14,0,0
BRDA:187,14,1,0
BRDA:195,15,0,0
BRDA:195,15,1,0
BRDA:220,16,0,0
BRDA:221,17,0,0
BRDA:221,17,1,0
BRDA:230,18,0,0
BRDA:230,18,1,0
BRDA:241,19,0,0
BRDA:249,20,0,0
BRDA:249,21,0,0
BRDA:249,21,1,0
BRDA:283,22,0,0
BRDA:288,23,0,0
BRDA:288,23,1,0
BRDA:292,24,0,0
BRDA:292,24,1,0
BRDA:292,24,2,0
BRDA:292,24,3,0
BRDA:292,24,4,0
BRDA:292,24,5,0
BRDA:292,24,6,0
BRDA:329,25,0,0
BRDA:329,25,1,0
BRDA:334,26,0,0
BRDA:343,27,0,0
BRDA:360,28,0,0
BRDA:388,29,0,0
BRDA:388,29,1,0
BRDA:411,30,0,0
BRDA:424,31,0,0
BRDA:450,32,0,0
BRDA:455,33,0,0
BRDA:468,34,0,0
BRDA:554,35,0,0
BRDA:554,35,1,0
BRDA:558,36,0,0
BRDA:558,36,1,0
BRDA:561,37,0,0
BRDA:566,38,0,0
BRDA:568,39,0,0
BRDA:568,39,1,0
BRDA:585,40,0,0
BRDA:587,41,0,0
BRDA:587,41,1,0
BRDA:588,42,0,0
BRDA:588,42,1,0
BRF:69
BRH:0
end_of_record
TN:
SF:app/(public)/events/search/page.tsx
FN:42,EventSearchContent
FN:61,(anonymous_3)
FN:65,(anonymous_4)
FN:93,(anonymous_5)
FN:99,(anonymous_6)
FN:165,(anonymous_7)
FN:176,(anonymous_8)
FN:183,(anonymous_9)
FN:199,(anonymous_10)
FN:206,(anonymous_11)
FN:219,(anonymous_12)
FN:224,(anonymous_13)
FN:237,(anonymous_14)
FN:244,(anonymous_15)
FN:257,(anonymous_16)
FN:260,(anonymous_17)
FN:283,(anonymous_18)
FN:323,(anonymous_19)
FN:330,(anonymous_20)
FN:387,(anonymous_21)
FN:397,(anonymous_22)
FN:412,EventSearchPage
FNF:22
FNH:0
FNDA:0,EventSearchContent
FNDA:0,(anonymous_3)
FNDA:0,(anonymous_4)
FNDA:0,(anonymous_5)
FNDA:0,(anonymous_6)
FNDA:0,(anonymous_7)
FNDA:0,(anonymous_8)
FNDA:0,(anonymous_9)
FNDA:0,(anonymous_10)
FNDA:0,(anonymous_11)
FNDA:0,(anonymous_12)
FNDA:0,(anonymous_13)
FNDA:0,(anonymous_14)
FNDA:0,(anonymous_15)
FNDA:0,(anonymous_16)
FNDA:0,(anonymous_17)
FNDA:0,(anonymous_18)
FNDA:0,(anonymous_19)
FNDA:0,(anonymous_20)
FNDA:0,(anonymous_21)
FNDA:0,(anonymous_22)
FNDA:0,EventSearchPage
DA:3,0
DA:4,0
DA:5,0
DA:6,0
DA:7,0
DA:8,0
DA:9,0
DA:10,0
DA:22,0
DA:43,0
DA:44,0
DA:46,0
DA:47,0
DA:48,0
DA:51,0
DA:52,0
DA:53,0
DA:54,0
DA:55,0
DA:56,0
DA:57,0
DA:58,0
DA:59,0
DA:61,0
DA:62,0
DA:65,0
DA:66,0
DA:67,0
DA:68,0
DA:69,0
DA:70,0
DA:71,0
DA:72,0
DA:73,0
DA:74,0
DA:75,0
DA:76,0
DA:77,0
DA:78,0
DA:80,0
DA:81,0
DA:83,0
DA:84,0
DA:87,0
DA:89,0
DA:93,0
DA:94,0
DA:95,0
DA:96,0
DA:99,0
DA:100,0
DA:101,0
DA:102,0
DA:103,0
DA:104,0
DA:105,0
DA:106,0
DA:107,0
DA:108,0
DA:111,0
DA:165,0
DA:177,0
DA:178,0
DA:184,0
DA:199,0
DA:206,0
DA:219,0
DA:224,0
DA:237,0
DA:244,0
DA:258,0
DA:261,0
DA:262,0
DA:263,0
DA:284,0
DA:285,0
DA:286,0
DA:324,0
DA:331,0
DA:387,0
DA:397,0
DA:412,0
LF:82
LH:0
BRDA:51,0,0,0
BRDA:51,0,1,0
BRDA:52,1,0,0
BRDA:52,1,1,0
BRDA:53,2,0,0
BRDA:53,2,1,0
BRDA:54,3,0,0
BRDA:54,3,1,0
BRDA:55,4,0,0
BRDA:55,4,1,0
BRDA:56,5,0,0
BRDA:56,5,1,0
BRDA:57,6,0,0
BRDA:57,6,1,0
BRDA:58,7,0,0
BRDA:58,7,1,0
BRDA:59,8,0,0
BRDA:59,8,1,0
BRDA:69,9,0,0
BRDA:70,10,0,0
BRDA:71,11,0,0
BRDA:72,12,0,0
BRDA:73,13,0,0
BRDA:74,14,0,0
BRDA:75,15,0,0
BRDA:83,16,0,0
BRDA:123,17,0,0
BRDA:123,17,1,0
BRDA:144,18,0,0
BRDA:251,19,0,0
BRDA:251,19,1,0
BRDA:299,20,0,0
BRDA:306,21,0,0
BRDA:306,21,1,0
BRDA:306,21,2,0
BRDA:320,22,0,0
BRDA:320,22,1,0
BRDA:320,22,2,0
BRDA:335,23,0,0
BRDA:360,24,0,0
BRDA:360,24,1,0
BRDA:364,25,0,0
BRDA:382,26,0,0
BRF:43
BRH:0
end_of_record
TN:
SF:app/(public)/pricing/page.tsx
FN:25,PricingPage
FNF:1
FNH:0
FNDA:0,PricingPage
DA:3,0
DA:4,0
DA:5,0
DA:6,0
DA:23,0
DA:25,0
LF:6
LH:0
BRF:0
BRH:0
end_of_record
TN:
SF:app/(public)/pricing/free/page.tsx
FN:25,FreeEventsPricingPage
FNF:1
FNH:0
FNDA:0,FreeEventsPricingPage
DA:3,0
DA:4,0
DA:5,0
DA:6,0
DA:23,0
DA:25,0
LF:6
LH:0
BRF:0
BRH:0
end_of_record
TN:
SF:app/(public)/pricing/pay-as-you-go/page.tsx
FN:25,PayAsYouGoPricingPage
FNF:1
FNH:0
FNDA:0,PayAsYouGoPricingPage
DA:3,0
DA:4,0
DA:5,0
DA:6,0
DA:23,0
DA:25,0
LF:6
LH:0
BRF:0
BRH:0
end_of_record
TN:
SF:app/(public)/pricing/prepaid-credits/page.tsx
FN:26,PrepaidCreditsPricingPage
FN:40,(anonymous_3)
FN:157,(anonymous_4)
FN:219,(anonymous_5)
FN:222,(anonymous_6)
FN:236,(anonymous_7)
FNF:6
FNH:0
FNDA:0,PrepaidCreditsPricingPage
FNDA:0,(anonymous_3)
FNDA:0,(anonymous_4)
FNDA:0,(anonymous_5)
FNDA:0,(anonymous_6)
FNDA:0,(anonymous_7)
DA:3,0
DA:4,0
DA:5,0
DA:6,0
DA:23,0
DA:24,0
DA:26,0
DA:27,0
DA:28,0
DA:29,0
DA:31,0
DA:40,0
DA:41,0
DA:42,0
DA:43,0
DA:44,0
DA:45,0
DA:46,0
DA:54,0
DA:55,0
DA:158,0
DA:219,0
DA:223,0
DA:236,0
LF:24
LH:0
BRDA:42,0,0,0
BRDA:55,1,0,0
BRDA:55,1,1,0
BRDA:160,2,0,0
BRDA:160,2,1,0
BRDA:162,3,0,0
BRDA:162,3,1,0
BRDA:164,4,0,0
BRDA:166,5,0,0
BRDA:166,5,1,0
BRDA:170,6,0,0
BRDA:170,6,1,0
BRDA:170,7,0,0
BRDA:170,7,1,0
BRDA:174,8,0,0
BRDA:174,8,1,0
BRDA:177,9,0,0
BRDA:177,9,1,0
BRF:18
BRH:0
end_of_record
TN:
SF:app/(public)/tickets/transfer/accept/page.tsx
FN:21,TransferAcceptContent
FN:33,(anonymous_3)
FN:50,(anonymous_4)
FN:68,(anonymous_5)
FN:97,(anonymous_6)
FN:375,TransferAcceptPage
FNF:6
FNH:0
FNDA:0,TransferAcceptContent
FNDA:0,(anonymous_3)
FNDA:0,(anonymous_4)
FNDA:0,(anonymous_5)
FNDA:0,(anonymous_6)
FNDA:0,TransferAcceptPage
DA:3,0
DA:4,0
DA:5,0
DA:6,0
DA:7,0
DA:18,0
DA:19,0
DA:22,0
DA:23,0
DA:24,0
DA:25,0
DA:27,0
DA:28,0
DA:29,0
DA:30,0
DA:31,0
DA:33,0
DA:34,0
DA:36,0
DA:38,0
DA:39,0
DA:42,0
DA:43,0
DA:45,0
DA:46,0
DA:50,0
DA:51,0
DA:52,0
DA:53,0
DA:55,0
DA:56,0
DA:59,0
DA:61,0
DA:62,0
DA:64,0
DA:68,0
DA:69,0
DA:71,0
DA:72,0
DA:74,0
DA:75,0
DA:82,0
DA:84,0
DA:85,0
DA:88,0
DA:90,0
DA:91,0
DA:93,0
DA:97,0
DA:98,0
DA:100,0
DA:101,0
DA:104,0
DA:105,0
DA:107,0
DA:108,0
DA:115,0
DA:117,0
DA:118,0
DA:122,0
DA:124,0
DA:125,0
DA:127,0
DA:131,0
DA:142,0
DA:165,0
DA:205,0
DA:208,0
DA:209,0
DA:375,0
LF:70
LH:0
BRDA:34,0,0,0
BRDA:36,1,0,0
BRDA:42,2,0,0
BRDA:42,2,1,0
BRDA:55,3,0,0
BRDA:56,4,0,0
BRDA:56,4,1,0
BRDA:62,5,0,0
BRDA:62,5,1,0
BRDA:69,6,0,0
BRDA:84,7,0,0
BRDA:85,8,0,0
BRDA:85,8,1,0
BRDA:91,9,0,0
BRDA:91,9,1,0
BRDA:98,10,0,0
BRDA:100,11,0,0
BRDA:117,12,0,0
BRDA:118,13,0,0
BRDA:118,13,1,0
BRDA:125,14,0,0
BRDA:125,14,1,0
BRDA:131,15,0,0
BRDA:131,16,0,0
BRDA:131,16,1,0
BRDA:142,17,0,0
BRDA:142,18,0,0
BRDA:142,18,1,0
BRDA:165,19,0,0
BRDA:205,20,0,0
BRDA:224,21,0,0
BRDA:224,21,1,0
BRDA:224,22,0,0
BRDA:224,22,1,0
BRDA:245,23,0,0
BRDA:260,24,0,0
BRDA:280,25,0,0
BRDA:280,25,1,0
BRDA:292,26,0,0
BRDA:306,27,0,0
BRDA:306,27,1,0
BRDA:320,28,0,0
BRDA:327,29,0,0
BRDA:327,29,1,0
BRDA:344,30,0,0
BRF:45
BRH:0
end_of_record
TN:
SF:app/admin/page.tsx
FN:45,AdminDashboard
FN:53,(anonymous_3)
FN:70,(anonymous_4)
FNF:3
FNH:0
FNDA:0,AdminDashboard
FNDA:0,(anonymous_3)
FNDA:0,(anonymous_4)
DA:3,0
DA:4,0
DA:5,0
DA:6,0
DA:7,0
DA:8,0
DA:9,0
DA:10,0
DA:27,0
DA:45,0
DA:46,0
DA:47,0
DA:49,0
DA:50,0
DA:51,0
DA:53,0
DA:54,0
DA:56,0
DA:57,0
DA:58,0
DA:62,0
DA:63,0
DA:64,0
DA:67,0
DA:70,0
DA:71,0
DA:73,0
DA:89,0
DA:91,0
DA:92,0
DA:94,0
DA:98,0
DA:106,0
DA:123,0
LF:34
LH:0
BRDA:54,0,0,0
BRDA:56,1,0,0
BRDA:62,2,0,0
BRDA:62,3,0,0
BRDA:62,3,1,0
BRDA:98,4,0,0
BRDA:98,5,0,0
BRDA:98,5,1,0
BRDA:106,6,0,0
BRDA:106,7,0,0
BRDA:106,7,1,0
BRDA:106,7,2,0
BRDA:123,8,0,0
BRF:13
BRH:0
end_of_record
TN:
SF:app/api/admin/backup/route.ts
FN:6,handleBackupRequest
FN:62,handleBackupCleanup
FNF:2
FNH:0
FNDA:0,handleBackupRequest
FNDA:0,handleBackupCleanup
DA:1,0
DA:2,0
DA:3,0
DA:4,0
DA:7,0
DA:8,0
DA:9,0
DA:11,0
DA:12,0
DA:19,0
DA:21,0
DA:24,0
DA:27,0
DA:30,0
DA:34,0
DA:35,0
DA:38,0
DA:45,0
DA:51,0
DA:63,0
DA:65,0
DA:66,0
DA:70,0
DA:72,0
DA:78,0
DA:83,0
DA:95,0
DA:100,0
LF:28
LH:0
BRDA:9,0,0,0
BRDA:9,0,1,0
BRDA:19,1,0,0
BRDA:19,1,1,0
BRDA:19,1,2,0
BRDA:19,1,3,0
BRDA:45,2,0,0
BRDA:45,2,1,0
BRDA:55,3,0,0
BRDA:55,3,1,0
BRDA:78,4,0,0
BRDA:78,4,1,0
BRDA:87,5,0,0
BRDA:87,5,1,0
BRF:14
BRH:0
end_of_record
TN:
SF:app/api/auth/[...nextauth]/route.ts
FNF:0
FNH:0
DA:1,0
DA:3,0
LF:2
LH:0
BRF:0
BRH:0
end_of_record
TN:
SF:app/api/auth/register/route.ts
FN:18,(anonymous_3)
FN:26,checkRateLimit
FN:51,POST
FN:73,(anonymous_6)
FN:106,(anonymous_7)
FN:213,OPTIONS
FNF:6
FNH:0
FNDA:0,(anonymous_3)
FNDA:0,checkRateLimit
FNDA:0,POST
FNDA:0,(anonymous_6)
FNDA:0,(anonymous_7)
FNDA:0,OPTIONS
DA:1,0
DA:2,0
DA:3,0
DA:4,0
DA:5,0
DA:8,0
DA:11,0
DA:18,0
DA:27,0
DA:28,0
DA:31,0
DA:32,0
DA:35,0
DA:36,0
DA:39,0
DA:40,0
DA:42,0
DA:48,0
DA:51,0
DA:52,0
DA:54,0
DA:59,0
DA:60,0
DA:67,0
DA:70,0
DA:72,0
DA:73,0
DA:78,0
DA:85,0
DA:88,0
DA:92,0
DA:93,0
DA:100,0
DA:103,0
DA:106,0
DA:108,0
DA:124,0
DA:133,0
DA:147,0
DA:151,0
DA:153,0
DA:154,0
DA:160,0
DA:162,0
DA:176,0
DA:190,0
DA:193,0
DA:205,0
DA:213,0
DA:214,0
LF:50
LH:0
BRDA:31,0,0,0
BRDA:31,1,0,0
BRDA:31,1,1,0
BRDA:35,2,0,0
BRDA:35,3,0,0
BRDA:35,3,1,0
BRDA:35,3,2,0
BRDA:39,4,0,0
BRDA:39,4,1,0
BRDA:54,5,0,0
BRDA:54,5,1,0
BRDA:54,5,2,0
BRDA:59,6,0,0
BRDA:72,7,0,0
BRDA:92,8,0,0
BRF:15
BRH:0
end_of_record
TN:
SF:app/api/auth/reset-password/route.ts
FN:24,checkRateLimit
FN:48,POST
FN:60,handleResetRequest
FN:118,(anonymous_4)
FN:202,handleResetConfirmation
FN:208,(anonymous_6)
FN:227,(anonymous_7)
FN:276,(anonymous_8)
FNF:8
FNH:0
FNDA:0,checkRateLimit
FNDA:0,POST
FNDA:0,handleResetRequest
FNDA:0,(anonymous_4)
FNDA:0,handleResetConfirmation
FNDA:0,(anonymous_6)
FNDA:0,(anonymous_7)
FNDA:0,(anonymous_8)
DA:1,0
DA:2,0
DA:3,0
DA:4,0
DA:5,0
DA:8,0
DA:11,0
DA:16,0
DA:25,0
DA:26,0
DA:28,0
DA:29,0
DA:32,0
DA:33,0
DA:36,0
DA:37,0
DA:39,0
DA:45,0
DA:48,0
DA:49,0
DA:52,0
DA:53,0
DA:57,0
DA:61,0
DA:62,0
DA:67,0
DA:68,0
DA:74,0
DA:75,0
DA:77,0
DA:78,0
DA:84,0
DA:87,0
DA:92,0
DA:96,0
DA:98,0
DA:111,0
DA:115,0
DA:118,0
DA:120,0
DA:128,0
DA:137,0
DA:152,0
DA:154,0
DA:155,0
DA:161,0
DA:163,0
DA:178,0
DA:181,0
DA:183,0
DA:195,0
DA:203,0
DA:204,0
DA:205,0
DA:207,0
DA:208,0
DA:213,0
DA:219,0
DA:222,0
DA:223,0
DA:224,0
DA:227,0
DA:237,0
DA:241,0
DA:242,0
DA:248,0
DA:250,0
DA:254,0
DA:261,0
DA:265,0
DA:266,0
DA:273,0
DA:276,0
DA:278,0
DA:284,0
DA:289,0
DA:302,0
DA:307,0
DA:309,0
DA:321,0
LF:80
LH:0
BRDA:28,0,0,0
BRDA:28,1,0,0
BRDA:28,1,1,0
BRDA:32,2,0,0
BRDA:32,3,0,0
BRDA:32,3,1,0
BRDA:32,3,2,0
BRDA:36,4,0,0
BRDA:36,4,1,0
BRDA:52,5,0,0
BRDA:62,6,0,0
BRDA:62,6,1,0
BRDA:62,6,2,0
BRDA:67,7,0,0
BRDA:77,8,0,0
BRDA:96,9,0,0
BRDA:207,10,0,0
BRDA:223,11,0,0
BRDA:241,12,0,0
BRDA:248,13,0,0
BRDA:265,14,0,0
BRF:21
BRH:0
end_of_record
TN:
SF:app/api/auth/reset-password/request/route.ts
FN:18,checkRateLimit
FN:42,POST
FN:100,(anonymous_3)
FNF:3
FNH:0
FNDA:0,checkRateLimit
FNDA:0,POST
FNDA:0,(anonymous_3)
DA:1,0
DA:2,0
DA:3,0
DA:4,0
DA:5,0
DA:8,0
DA:11,0
DA:19,0
DA:20,0
DA:22,0
DA:23,0
DA:26,0
DA:27,0
DA:30,0
DA:31,0
DA:33,0
DA:39,0
DA:42,0
DA:43,0
DA:44,0
DA:49,0
DA:50,0
DA:56,0
DA:57,0
DA:59,0
DA:60,0
DA:66,0
DA:69,0
DA:74,0
DA:78,0
DA:80,0
DA:93,0
DA:97,0
DA:100,0
DA:102,0
DA:110,0
DA:119,0
DA:134,0
DA:136,0
DA:137,0
DA:143,0
DA:145,0
DA:160,0
DA:163,0
DA:165,0
DA:177,0
LF:46
LH:0
BRDA:22,0,0,0
BRDA:22,1,0,0
BRDA:22,1,1,0
BRDA:26,2,0,0
BRDA:26,3,0,0
BRDA:26,3,1,0
BRDA:26,3,2,0
BRDA:30,4,0,0
BRDA:30,4,1,0
BRDA:44,5,0,0
BRDA:44,5,1,0
BRDA:44,5,2,0
BRDA:49,6,0,0
BRDA:59,7,0,0
BRDA:78,8,0,0
BRF:15
BRH:0
end_of_record
TN:
SF:app/api/auth/verify/route.ts
FN:11,POST
FN:79,(anonymous_4)
FN:153,GET
FN:212,(anonymous_6)
FNF:4
FNH:0
FNDA:0,POST
FNDA:0,(anonymous_4)
FNDA:0,GET
FNDA:0,(anonymous_6)
DA:1,0
DA:2,0
DA:3,0
DA:4,0
DA:7,0
DA:11,0
DA:12,0
DA:14,0
DA:17,0
DA:19,0
DA:20,0
DA:26,0
DA:29,0
DA:33,0
DA:34,0
DA:41,0
DA:43,0
DA:47,0
DA:54,0
DA:58,0
DA:59,0
DA:66,0
DA:68,0
DA:72,0
DA:79,0
DA:81,0
DA:90,0
DA:95,0
DA:110,0
DA:111,0
DA:113,0
DA:117,0
DA:131,0
DA:133,0
DA:145,0
DA:153,0
DA:154,0
DA:155,0
DA:156,0
DA:158,0
DA:159,0
DA:166,0
DA:170,0
DA:172,0
DA:178,0
DA:180,0
DA:184,0
DA:190,0
DA:194,0
DA:195,0
DA:200,0
DA:202,0
DA:206,0
DA:212,0
DA:213,0
DA:221,0
DA:225,0
DA:241,0
DA:242,0
DA:244,0
DA:248,0
DA:253,0
DA:255,0
LF:63
LH:0
BRDA:19,0,0,0
BRDA:33,1,0,0
BRDA:41,2,0,0
BRDA:58,3,0,0
BRDA:66,4,0,0
BRDA:158,5,0,0
BRDA:170,6,0,0
BRDA:178,7,0,0
BRDA:194,8,0,0
BRDA:200,9,0,0
BRF:10
BRH:0
end_of_record
TN:
SF:app/api/billing/account/route.ts
FN:14,handleGetAccount
FN:67,handleUpdateAccount
FN:122,GET
FN:129,PUT
FNF:4
FNH:0
FNDA:0,handleGetAccount
FNDA:0,handleUpdateAccount
FNDA:0,GET
FNDA:0,PUT
DA:1,0
DA:2,0
DA:3,0
DA:4,0
DA:5,0
DA:7,0
DA:15,0
DA:17,0
DA:18,0
DA:20,0
DA:21,0
DA:28,0
DA:50,0
DA:53,0
DA:55,0
DA:60,0
DA:68,0
DA:70,0
DA:71,0
DA:72,0
DA:75,0
DA:76,0
DA:82,0
DA:84,0
DA:97,0
DA:99,0
DA:100,0
DA:109,0
DA:114,0
DA:122,0
DA:123,0
DA:129,0
DA:130,0
LF:33
LH:0
BRDA:20,0,0,0
BRDA:45,1,0,0
BRDA:45,1,1,0
BRDA:46,2,0,0
BRDA:46,2,1,0
BRDA:55,3,0,0
BRDA:55,3,1,0
BRDA:75,4,0,0
BRDA:75,5,0,0
BRDA:75,5,1,0
BRDA:75,5,2,0
BRDA:99,6,0,0
BRDA:109,7,0,0
BRDA:109,7,1,0
BRF:14
BRH:0
end_of_record
TN:
SF:app/api/billing/credits/purchase/route.ts
FN:22,getDiscountPercent
FN:29,handlePurchaseCredits
FN:120,POST
FNF:3
FNH:0
FNDA:0,getDiscountPercent
FNDA:0,handlePurchaseCredits
FNDA:0,POST
DA:1,0
DA:2,0
DA:3,0
DA:4,0
DA:5,0
DA:6,0
DA:8,0
DA:15,0
DA:23,0
DA:24,0
DA:25,0
DA:26,0
DA:30,0
DA:32,0
DA:33,0
DA:34,0
DA:37,0
DA:38,0
DA:41,0
DA:49,0
DA:50,0
DA:62,0
DA:64,0
DA:65,0
DA:72,0
DA:80,0
DA:95,0
DA:97,0
DA:98,0
DA:107,0
DA:112,0
DA:120,0
DA:121,0
LF:33
LH:0
BRDA:23,0,0,0
BRDA:24,1,0,0
BRDA:25,2,0,0
BRDA:43,3,0,0
BRDA:43,3,1,0
BRDA:57,4,0,0
BRDA:57,4,1,0
BRDA:97,5,0,0
BRDA:107,6,0,0
BRDA:107,6,1,0
BRF:10
BRH:0
end_of_record
TN:
SF:app/api/billing/payouts/route.ts
FN:6,handleGetPayouts
FN:38,GET
FNF:2
FNH:0
FNDA:0,handleGetPayouts
FNDA:0,GET
DA:1,0
DA:2,0
DA:3,0
DA:4,0
DA:7,0
DA:9,0
DA:10,0
DA:11,0
DA:13,0
DA:14,0
DA:16,0
DA:23,0
DA:25,0
DA:30,0
DA:38,0
DA:39,0
LF:16
LH:0
BRDA:11,0,0,0
BRDA:11,0,1,0
BRDA:19,1,0,0
BRDA:19,1,1,0
BRDA:25,2,0,0
BRDA:25,2,1,0
BRF:6
BRH:0
end_of_record
TN:
SF:app/api/billing/stats/route.ts
FN:6,handleGetStats
FN:57,GET
FNF:2
FNH:0
FNDA:0,handleGetStats
FNDA:0,GET
DA:1,0
DA:2,0
DA:3,0
DA:4,0
DA:7,0
DA:9,0
DA:10,0
DA:13,0
DA:14,0
DA:15,0
DA:17,0
DA:18,0
DA:20,0
DA:21,0
DA:23,0
DA:24,0
DA:27,0
DA:33,0
DA:42,0
DA:44,0
DA:49,0
DA:57,0
DA:58,0
LF:23
LH:0
BRDA:20,0,0,0
BRDA:23,1,0,0
BRDA:44,2,0,0
BRDA:44,2,1,0
BRF:4
BRH:0
end_of_record
TN:
SF:app/api/cron/backup/route.ts
FN:6,POST
FN:55,GET
FNF:2
FNH:0
FNDA:0,POST
FNDA:0,GET
DA:1,0
DA:2,0
DA:3,0
DA:6,0
DA:8,0
DA:9,0
DA:11,0
DA:12,0
DA:18,0
DA:19,0
DA:23,0
DA:25,0
DA:30,0
DA:38,0
DA:45,0
DA:55,0
DA:56,0
DA:57,0
DA:59,0
DA:60,0
DA:66,0
LF:21
LH:0
BRDA:11,0,0,0
BRDA:11,1,0,0
BRDA:11,1,1,0
BRDA:38,2,0,0
BRDA:38,2,1,0
BRDA:49,3,0,0
BRDA:49,3,1,0
BRDA:59,4,0,0
BRDA:59,5,0,0
BRDA:59,5,1,0
BRDA:70,6,0,0
BRDA:70,6,1,0
BRF:12
BRH:0
end_of_record
TN:
SF:app/api/cron/payouts/route.ts
FN:11,GET
FN:71,POST
FNF:2
FNH:0
FNDA:0,GET
FNDA:0,POST
DA:1,0
DA:2,0
DA:3,0
DA:11,0
DA:12,0
DA:14,0
DA:15,0
DA:17,0
DA:18,0
DA:24,0
DA:26,0
DA:28,0
DA:31,0
DA:32,0
DA:33,0
DA:40,0
DA:53,0
DA:55,0
DA:59,0
DA:71,0
DA:72,0
LF:21
LH:0
BRDA:17,0,0,0
BRDA:17,1,0,0
BRDA:17,1,1,0
BRDA:31,2,0,0
BRDA:55,3,0,0
BRDA:55,3,1,0
BRDA:63,4,0,0
BRDA:63,4,1,0
BRF:8
BRH:0
end_of_record
TN:
SF:app/api/events/route.ts
FN:14,(anonymous_3)
FN:35,handleCreateEvent
FN:56,(anonymous_5)
FN:105,(anonymous_6)
FN:297,handleGetEvents
FN:372,(anonymous_8)
FNF:6
FNH:0
FNDA:0,(anonymous_3)
FNDA:0,handleCreateEvent
FNDA:0,(anonymous_5)
FNDA:0,(anonymous_6)
FNDA:0,handleGetEvents
FNDA:0,(anonymous_8)
DA:1,0
DA:2,0
DA:3,0
DA:4,0
DA:5,0
DA:8,0
DA:14,0
DA:36,0
DA:39,0
DA:41,0
DA:42,0
DA:48,0
DA:49,0
DA:50,0
DA:52,0
DA:53,0
DA:56,0
DA:65,0
DA:68,0
DA:69,0
DA:74,0
DA:75,0
DA:82,0
DA:84,0
DA:86,0
DA:89,0
DA:90,0
DA:98,0
DA:105,0
DA:106,0
DA:107,0
DA:108,0
DA:111,0
DA:113,0
DA:114,0
DA:115,0
DA:116,0
DA:117,0
DA:118,0
DA:119,0
DA:122,0
DA:123,0
DA:124,0
DA:125,0
DA:131,0
DA:135,0
DA:136,0
DA:137,0
DA:151,0
DA:162,0
DA:176,0
DA:217,0
DA:218,0
DA:232,0
DA:248,0
DA:253,0
DA:271,0
DA:273,0
DA:278,0
DA:290,0
DA:298,0
DA:299,0
DA:301,0
DA:302,0
DA:303,0
DA:304,0
DA:305,0
DA:307,0
DA:308,0
DA:311,0
DA:312,0
DA:313,0
DA:315,0
DA:327,0
DA:328,0
DA:331,0
DA:332,0
DA:335,0
DA:336,0
DA:343,0
DA:370,0
DA:372,0
DA:385,0
DA:387,0
DA:392,0
DA:400,0
DA:405,0
LF:87
LH:0
BRDA:41,0,0,0
BRDA:41,1,0,0
BRDA:41,1,1,0
BRDA:52,2,0,0
BRDA:69,3,0,0
BRDA:69,3,1,0
BRDA:74,4,0,0
BRDA:82,5,0,0
BRDA:84,6,0,0
BRDA:89,7,0,0
BRDA:111,8,0,0
BRDA:113,9,0,0
BRDA:113,9,1,0
BRDA:114,10,0,0
BRDA:114,11,0,0
BRDA:114,11,1,0
BRDA:117,12,0,0
BRDA:117,12,1,0
BRDA:117,13,0,0
BRDA:117,13,1,0
BRDA:117,13,2,0
BRDA:124,14,0,0
BRDA:124,14,1,0
BRDA:125,15,0,0
BRDA:125,15,1,0
BRDA:135,16,0,0
BRDA:141,17,0,0
BRDA:141,17,1,0
BRDA:141,18,0,0
BRDA:141,18,1,0
BRDA:141,19,0,0
BRDA:141,19,1,0
BRDA:144,20,0,0
BRDA:144,20,1,0
BRDA:145,21,0,0
BRDA:145,21,1,0
BRDA:158,22,0,0
BRDA:158,22,1,0
BRDA:170,23,0,0
BRDA:170,23,1,0
BRDA:180,24,0,0
BRDA:180,24,1,0
BRDA:182,25,0,0
BRDA:182,25,1,0
BRDA:185,26,0,0
BRDA:185,26,1,0
BRDA:186,27,0,0
BRDA:186,27,1,0
BRDA:187,28,0,0
BRDA:187,28,1,0
BRDA:188,29,0,0
BRDA:188,29,1,0
BRDA:194,30,0,0
BRDA:194,30,1,0
BRDA:195,31,0,0
BRDA:195,31,1,0
BRDA:217,32,0,0
BRDA:217,33,0,0
BRDA:217,33,1,0
BRDA:217,34,0,0
BRDA:217,34,1,0
BRDA:223,35,0,0
BRDA:223,35,1,0
BRDA:273,36,0,0
BRDA:273,36,1,0
BRDA:301,37,0,0
BRDA:301,37,1,0
BRDA:302,38,0,0
BRDA:302,38,1,0
BRDA:311,39,0,0
BRDA:311,39,1,0
BRDA:313,40,0,0
BRDA:327,41,0,0
BRDA:331,42,0,0
BRDA:335,43,0,0
BRDA:387,44,0,0
BRDA:387,44,1,0
BRF:77
BRH:0
end_of_record
TN:
SF:app/api/events/[eventId]/route.ts
FN:6,handleGetEvent
FN:81,handleUpdateEvent
FN:171,handleDeleteEvent
FN:215,(anonymous_7)
FN:262,GET
FN:273,PUT
FN:284,DELETE
FNF:7
FNH:0
FNDA:0,handleGetEvent
FNDA:0,handleUpdateEvent
FNDA:0,handleDeleteEvent
FNDA:0,(anonymous_7)
FNDA:0,GET
FNDA:0,PUT
FNDA:0,DELETE
DA:1,0
DA:2,0
DA:3,0
DA:4,0
DA:7,0
DA:8,0
DA:10,0
DA:11,0
DA:35,0
DA:36,0
DA:44,0
DA:50,0
DA:51,0
DA:57,0
DA:66,0
DA:68,0
DA:74,0
DA:82,0
DA:83,0
DA:85,0
DA:86,0
DA:91,0
DA:92,0
DA:100,0
DA:104,0
DA:105,0
DA:111,0
DA:115,0
DA:136,0
DA:149,0
DA:156,0
DA:158,0
DA:164,0
DA:172,0
DA:173,0
DA:175,0
DA:176,0
DA:186,0
DA:187,0
DA:195,0
DA:199,0
DA:200,0
DA:207,0
DA:208,0
DA:215,0
DA:217,0
DA:222,0
DA:227,0
DA:240,0
DA:246,0
DA:248,0
DA:254,0
DA:262,0
DA:266,0
DA:267,0
DA:273,0
DA:277,0
DA:278,0
DA:284,0
DA:288,0
DA:289,0
LF:61
LH:0
BRDA:35,0,0,0
BRDA:44,1,0,0
BRDA:44,1,1,0
BRDA:44,1,2,0
BRDA:44,1,3,0
BRDA:44,1,4,0
BRDA:44,1,5,0
BRDA:50,2,0,0
BRDA:68,3,0,0
BRDA:68,3,1,0
BRDA:91,4,0,0
BRDA:100,5,0,0
BRDA:100,5,1,0
BRDA:100,5,2,0
BRDA:104,6,0,0
BRDA:158,7,0,0
BRDA:158,7,1,0
BRDA:186,8,0,0
BRDA:195,9,0,0
BRDA:195,9,1,0
BRDA:195,9,2,0
BRDA:199,10,0,0
BRDA:207,11,0,0
BRDA:248,12,0,0
BRDA:248,12,1,0
BRF:25
BRH:0
end_of_record
TN:
SF:app/api/events/[eventId]/analytics/route.ts
FN:13,handleGetEventAnalytics
FN:159,getTicketSalesOverTime
FN:174,(anonymous_3)
FN:181,getRevenueAnalytics
FN:221,getCheckInAnalytics
FN:228,(anonymous_6)
FN:229,(anonymous_7)
FN:249,(anonymous_8)
FN:256,getTicketTypeBreakdown
FN:270,(anonymous_10)
FN:281,getGeographicDistribution
FN:292,getCustomerDemographics
FN:335,getPeakTimesAnalysis
FN:353,(anonymous_14)
FN:360,getConversionFunnel
FN:390,GET
FNF:16
FNH:0
FNDA:0,handleGetEventAnalytics
FNDA:0,getTicketSalesOverTime
FNDA:0,(anonymous_3)
FNDA:0,getRevenueAnalytics
FNDA:0,getCheckInAnalytics
FNDA:0,(anonymous_6)
FNDA:0,(anonymous_7)
FNDA:0,(anonymous_8)
FNDA:0,getTicketTypeBreakdown
FNDA:0,(anonymous_10)
FNDA:0,getGeographicDistribution
FNDA:0,getCustomerDemographics
FNDA:0,getPeakTimesAnalysis
FNDA:0,(anonymous_14)
FNDA:0,getConversionFunnel
FNDA:0,GET
DA:1,0
DA:2,0
DA:3,0
DA:4,0
DA:5,0
DA:14,0
DA:15,0
DA:17,0
DA:18,0
DA:19,0
DA:20,0
DA:21,0
DA:24,0
DA:35,0
DA:36,0
DA:43,0
DA:47,0
DA:48,0
DA:56,0
DA:58,0
DA:60,0
DA:64,0
DA:66,0
DA:70,0
DA:72,0
DA:76,0
DA:78,0
DA:85,0
DA:120,0
DA:122,0
DA:144,0
DA:146,0
DA:152,0
DA:160,0
DA:174,0
DA:182,0
DA:198,0
DA:210,0
DA:222,0
DA:228,0
DA:229,0
DA:232,0
DA:244,0
DA:249,0
DA:257,0
DA:270,0
DA:284,0
DA:293,0
DA:313,0
DA:314,0
DA:315,0
DA:317,0
DA:318,0
DA:319,0
DA:321,0
DA:322,0
DA:326,0
DA:336,0
DA:351,0
DA:353,0
DA:363,0
DA:367,0
DA:375,0
DA:376,0
DA:378,0
DA:390,0
DA:394,0
DA:395,0
LF:68
LH:0
BRDA:19,0,0,0
BRDA:19,0,1,0
BRDA:35,1,0,0
BRDA:43,2,0,0
BRDA:43,2,1,0
BRDA:43,2,2,0
BRDA:47,3,0,0
BRDA:58,4,0,0
BRDA:58,4,1,0
BRDA:58,4,2,0
BRDA:58,4,3,0
BRDA:61,5,0,0
BRDA:61,5,1,0
BRDA:62,6,0,0
BRDA:62,6,1,0
BRDA:67,7,0,0
BRDA:67,7,1,0
BRDA:68,8,0,0
BRDA:68,8,1,0
BRDA:73,9,0,0
BRDA:73,9,1,0
BRDA:74,10,0,0
BRDA:74,10,1,0
BRDA:146,11,0,0
BRDA:146,11,1,0
BRDA:211,12,0,0
BRDA:211,12,1,0
BRDA:212,13,0,0
BRDA:212,13,1,0
BRDA:213,14,0,0
BRDA:213,14,1,0
BRDA:214,15,0,0
BRDA:214,15,1,0
BRDA:216,16,0,0
BRDA:216,16,1,0
BRDA:217,17,0,0
BRDA:217,17,1,0
BRDA:217,18,0,0
BRDA:217,18,1,0
BRDA:229,19,0,0
BRDA:229,19,1,0
BRDA:248,20,0,0
BRDA:248,20,1,0
BRDA:318,21,0,0
BRDA:318,21,1,0
BRDA:330,22,0,0
BRDA:330,22,1,0
BRDA:385,23,0,0
BRDA:385,23,1,0
BRF:49
BRH:0
end_of_record
TN:
SF:app/api/events/[eventId]/cancel/route.ts
FN:16,handleCancelEvent
FN:76,(anonymous_2)
FNF:2
FNH:0
FNDA:0,handleCancelEvent
FNDA:0,(anonymous_2)
DA:1,0
DA:2,0
DA:3,0
DA:4,0
DA:5,0
DA:6,0
DA:7,0
DA:8,0
DA:10,0
DA:17,0
DA:18,0
DA:20,0
DA:21,0
DA:22,0
DA:25,0
DA:52,0
DA:53,0
DA:60,0
DA:61,0
DA:68,0
DA:69,0
DA:76,0
DA:78,0
DA:86,0
DA:96,0
DA:103,0
DA:109,0
DA:111,0
DA:112,0
DA:114,0
DA:115,0
DA:116,0
DA:117,0
DA:120,0
DA:121,0
DA:127,0
DA:130,0
DA:131,0
DA:136,0
DA:137,0
DA:146,0
DA:147,0
DA:150,0
DA:151,0
DA:152,0
DA:158,0
DA:159,0
DA:160,0
DA:166,0
DA:171,0
DA:172,0
DA:173,0
DA:189,0
DA:195,0
DA:218,0
DA:219,0
DA:225,0
DA:235,0
LF:58
LH:0
BRDA:52,0,0,0
BRDA:60,1,0,0
BRDA:68,2,0,0
BRDA:109,3,0,0
BRDA:109,4,0,0
BRDA:109,4,1,0
BRDA:114,5,0,0
BRDA:114,5,1,0
BRDA:115,6,0,0
BRDA:120,7,0,0
BRDA:120,8,0,0
BRDA:120,8,1,0
BRDA:131,9,0,0
BRDA:131,9,1,0
BRDA:146,10,0,0
BRDA:146,11,0,0
BRDA:146,11,1,0
BRDA:151,12,0,0
BRDA:151,12,1,0
BRDA:152,13,0,0
BRDA:152,13,1,0
BRDA:153,14,0,0
BRDA:153,14,1,0
BRDA:153,15,0,0
BRDA:153,15,1,0
BRDA:153,16,0,0
BRDA:153,16,1,0
BRDA:154,17,0,0
BRDA:154,17,1,0
BRDA:155,18,0,0
BRDA:155,18,1,0
BRDA:155,19,0,0
BRDA:155,19,1,0
BRDA:155,20,0,0
BRDA:155,20,1,0
BRDA:158,21,0,0
BRDA:159,22,0,0
BRDA:179,23,0,0
BRDA:179,23,1,0
BRDA:181,24,0,0
BRDA:181,24,1,0
BRDA:184,25,0,0
BRDA:184,25,1,0
BRDA:184,26,0,0
BRDA:184,26,1,0
BRDA:184,27,0,0
BRDA:184,27,1,0
BRDA:219,28,0,0
BRDA:219,28,1,0
BRDA:227,29,0,0
BRDA:227,29,1,0
BRF:51
BRH:0
end_of_record
TN:
SF:app/api/events/[eventId]/checkin/route.ts
FN:22,handleCheckInTicket
FN:198,handleBulkCheckIn
FN:286,(anonymous_5)
FN:326,handleGetCheckInStats
FN:363,(anonymous_7)
FN:364,(anonymous_8)
FN:408,POST
FN:428,GET
FNF:8
FNH:0
FNDA:0,handleCheckInTicket
FNDA:0,handleBulkCheckIn
FNDA:0,(anonymous_5)
FNDA:0,handleGetCheckInStats
FNDA:0,(anonymous_7)
FNDA:0,(anonymous_8)
FNDA:0,POST
FNDA:0,GET
DA:1,0
DA:2,0
DA:3,0
DA:4,0
DA:6,0
DA:8,0
DA:15,0
DA:23,0
DA:24,0
DA:26,0
DA:27,0
DA:28,0
DA:31,0
DA:42,0
DA:43,0
DA:50,0
DA:54,0
DA:55,0
DA:62,0
DA:78,0
DA:79,0
DA:85,0
DA:86,0
DA:92,0
DA:93,0
DA:99,0
DA:100,0
DA:106,0
DA:107,0
DA:117,0
DA:139,0
DA:155,0
DA:172,0
DA:175,0
DA:176,0
DA:185,0
DA:191,0
DA:199,0
DA:200,0
DA:202,0
DA:203,0
DA:204,0
DA:207,0
DA:212,0
DA:213,0
DA:220,0
DA:224,0
DA:225,0
DA:232,0
DA:234,0
DA:235,0
DA:236,0
DA:241,0
DA:242,0
DA:247,0
DA:250,0
DA:251,0
DA:256,0
DA:259,0
DA:270,0
DA:277,0
DA:278,0
DA:286,0
DA:287,0
DA:289,0
DA:301,0
DA:303,0
DA:304,0
DA:313,0
DA:319,0
DA:327,0
DA:328,0
DA:330,0
DA:332,0
DA:337,0
DA:338,0
DA:345,0
DA:349,0
DA:350,0
DA:357,0
DA:363,0
DA:364,0
DA:365,0
DA:368,0
DA:380,0
DA:392,0
DA:394,0
DA:400,0
DA:408,0
DA:412,0
DA:413,0
DA:414,0
DA:416,0
DA:417,0
DA:422,0
DA:428,0
DA:432,0
DA:433,0
LF:98
LH:0
BRDA:42,0,0,0
BRDA:50,1,0,0
BRDA:50,1,1,0
BRDA:50,1,2,0
BRDA:54,2,0,0
BRDA:78,3,0,0
BRDA:85,4,0,0
BRDA:92,5,0,0
BRDA:99,6,0,0
BRDA:106,7,0,0
BRDA:124,8,0,0
BRDA:124,8,1,0
BRDA:164,9,0,0
BRDA:164,9,1,0
BRDA:175,10,0,0
BRDA:185,11,0,0
BRDA:185,11,1,0
BRDA:212,12,0,0
BRDA:220,13,0,0
BRDA:220,13,1,0
BRDA:220,13,2,0
BRDA:224,14,0,0
BRDA:241,15,0,0
BRDA:241,16,0,0
BRDA:241,16,1,0
BRDA:241,16,2,0
BRDA:250,17,0,0
BRDA:303,18,0,0
BRDA:313,19,0,0
BRDA:313,19,1,0
BRDA:337,20,0,0
BRDA:345,21,0,0
BRDA:345,21,1,0
BRDA:345,21,2,0
BRDA:349,22,0,0
BRDA:364,23,0,0
BRDA:364,23,1,0
BRDA:386,24,0,0
BRDA:386,24,1,0
BRDA:394,25,0,0
BRDA:394,25,1,0
BRDA:416,26,0,0
BRF:42
BRH:0
end_of_record
TN:
SF:app/api/events/[eventId]/orders/route.ts
FN:6,handleGetEventOrders
FN:100,(anonymous_2)
FN:103,(anonymous_3)
FN:131,GET
FNF:4
FNH:0
FNDA:0,handleGetEventOrders
FNDA:0,(anonymous_2)
FNDA:0,(anonymous_3)
FNDA:0,GET
DA:1,0
DA:2,0
DA:3,0
DA:4,0
DA:7,0
DA:8,0
DA:10,0
DA:11,0
DA:12,0
DA:13,0
DA:14,0
DA:15,0
DA:18,0
DA:23,0
DA:24,0
DA:32,0
DA:36,0
DA:37,0
DA:44,0
DA:48,0
DA:49,0
DA:52,0
DA:53,0
DA:62,0
DA:65,0
DA:95,0
DA:96,0
DA:98,0
DA:100,0
DA:103,0
DA:115,0
DA:117,0
DA:123,0
DA:131,0
DA:135,0
DA:136,0
LF:36
LH:0
BRDA:12,0,0,0
BRDA:12,0,1,0
BRDA:13,1,0,0
BRDA:13,1,1,0
BRDA:23,2,0,0
BRDA:32,3,0,0
BRDA:32,3,1,0
BRDA:32,3,2,0
BRDA:36,4,0,0
BRDA:48,5,0,0
BRDA:52,6,0,0
BRDA:117,7,0,0
BRDA:117,7,1,0
BRF:13
BRH:0
end_of_record
TN:
SF:app/api/events/[eventId]/purchase/route.ts
FN:22,handlePurchaseTickets
FN:31,(anonymous_2)
FN:278,(anonymous_3)
FN:324,(anonymous_4)
FN:373,POST
FNF:5
FNH:0
FNDA:0,handlePurchaseTickets
FNDA:0,(anonymous_2)
FNDA:0,(anonymous_3)
FNDA:0,(anonymous_4)
FNDA:0,POST
DA:1,0
DA:2,0
DA:3,0
DA:4,0
DA:5,0
DA:6,0
DA:7,0
DA:8,0
DA:9,0
DA:10,0
DA:12,0
DA:23,0
DA:24,0
DA:26,0
DA:27,0
DA:28,0
DA:31,0
DA:33,0
DA:54,0
DA:55,0
DA:58,0
DA:59,0
DA:62,0
DA:63,0
DA:64,0
DA:68,0
DA:76,0
DA:77,0
DA:78,0
DA:82,0
DA:86,0
DA:87,0
DA:88,0
DA:89,0
DA:91,0
DA:92,0
DA:102,0
DA:103,0
DA:104,0
DA:108,0
DA:109,0
DA:114,0
DA:115,0
DA:127,0
DA:130,0
DA:133,0
DA:134,0
DA:153,0
DA:154,0
DA:155,0
DA:160,0
DA:195,0
DA:196,0
DA:197,0
DA:213,0
DA:217,0
DA:233,0
DA:243,0
DA:244,0
DA:253,0
DA:256,0
DA:268,0
DA:269,0
DA:278,0
DA:285,0
DA:290,0
DA:291,0
DA:293,0
DA:296,0
DA:301,0
DA:303,0
DA:324,0
DA:334,0
DA:337,0
DA:338,0
DA:349,0
DA:350,0
DA:359,0
DA:365,0
DA:373,0
DA:377,0
DA:378,0
LF:82
LH:0
BRDA:54,0,0,0
BRDA:58,1,0,0
BRDA:63,2,0,0
BRDA:77,3,0,0
BRDA:86,4,0,0
BRDA:91,5,0,0
BRDA:96,6,0,0
BRDA:96,6,1,0
BRDA:97,7,0,0
BRDA:97,7,1,0
BRDA:102,8,0,0
BRDA:102,8,1,0
BRDA:103,9,0,0
BRDA:103,9,1,0
BRDA:108,10,0,0
BRDA:111,11,0,0
BRDA:111,11,1,0
BRDA:122,12,0,0
BRDA:122,12,1,0
BRDA:140,13,0,0
BRDA:140,13,1,0
BRDA:166,14,0,0
BRDA:166,14,1,0
BRDA:167,15,0,0
BRDA:167,15,1,0
BRDA:173,16,0,0
BRDA:173,16,1,0
BRDA:184,17,0,0
BRDA:184,17,1,0
BRDA:185,18,0,0
BRDA:185,18,1,0
BRDA:187,19,0,0
BRDA:187,19,1,0
BRDA:188,20,0,0
BRDA:188,20,1,0
BRDA:256,21,0,0
BRDA:256,21,1,0
BRDA:274,22,0,0
BRDA:274,22,1,0
BRDA:291,23,0,0
BRDA:315,24,0,0
BRDA:315,24,1,0
BRDA:337,25,0,0
BRDA:349,26,0,0
BRDA:359,27,0,0
BRDA:359,27,1,0
BRDA:366,28,0,0
BRDA:366,28,1,0
BRF:48
BRH:0
end_of_record
TN:
SF:app/api/events/public/route.ts
FN:4,GET
FN:122,(anonymous_2)
FNF:2
FNH:0
FNDA:0,GET
FNDA:0,(anonymous_2)
DA:1,0
DA:2,0
DA:4,0
DA:5,0
DA:6,0
DA:7,0
DA:8,0
DA:9,0
DA:10,0
DA:13,0
DA:14,0
DA:46,0
DA:47,0
DA:53,0
DA:63,0
DA:71,0
DA:72,0
DA:88,0
DA:89,0
DA:92,0
DA:122,0
DA:127,0
DA:134,0
DA:136,0
LF:24
LH:0
BRDA:9,0,0,0
BRDA:9,0,1,0
BRDA:13,1,0,0
BRDA:46,2,0,0
BRDA:71,3,0,0
BRDA:88,4,0,0
BRF:6
BRH:0
end_of_record
TN:
SF:app/api/events/search/route.ts
FN:24,GET
FN:210,(anonymous_2)
FN:213,(anonymous_3)
FN:215,(anonymous_4)
FN:216,(anonymous_5)
FN:255,(anonymous_6)
FN:309,generateSearchFacets
FN:370,(anonymous_8)
FN:371,(anonymous_9)
FN:377,(anonymous_10)
FN:379,(anonymous_11)
FN:382,(anonymous_12)
FN:388,(anonymous_13)
FNF:13
FNH:0
FNDA:0,GET
FNDA:0,(anonymous_2)
FNDA:0,(anonymous_3)
FNDA:0,(anonymous_4)
FNDA:0,(anonymous_5)
FNDA:0,(anonymous_6)
FNDA:0,generateSearchFacets
FNDA:0,(anonymous_8)
FNDA:0,(anonymous_9)
FNDA:0,(anonymous_10)
FNDA:0,(anonymous_11)
FNDA:0,(anonymous_12)
FNDA:0,(anonymous_13)
DA:1,0
DA:2,0
DA:3,0
DA:24,0
DA:25,0
DA:26,0
DA:28,0
DA:48,0
DA:57,0
DA:58,0
DA:62,0
DA:63,0
DA:77,0
DA:78,0
DA:86,0
DA:87,0
DA:97,0
DA:98,0
DA:108,0
DA:109,0
DA:110,0
DA:118,0
DA:119,0
DA:125,0
DA:126,0
DA:128,0
DA:129,0
DA:132,0
DA:133,0
DA:136,0
DA:137,0
DA:139,0
DA:140,0
DA:142,0
DA:143,0
DA:145,0
DA:149,0
DA:152,0
DA:210,0
DA:211,0
DA:212,0
DA:213,0
DA:214,0
DA:215,0
DA:216,0
DA:218,0
DA:255,0
DA:266,0
DA:267,0
DA:268,0
DA:271,0
DA:273,0
DA:296,0
DA:298,0
DA:302,0
DA:310,0
DA:312,0
DA:336,0
DA:345,0
DA:364,0
DA:369,0
DA:370,0
DA:371,0
DA:372,0
DA:376,0
DA:377,0
DA:379,0
DA:381,0
DA:382,0
DA:388,0
DA:397,0
DA:398,0
LF:72
LH:0
BRDA:29,0,0,0
BRDA:29,0,1,0
BRDA:30,1,0,0
BRDA:30,1,1,0
BRDA:31,2,0,0
BRDA:31,2,1,0
BRDA:32,3,0,0
BRDA:32,3,1,0
BRDA:33,4,0,0
BRDA:33,4,1,0
BRDA:34,5,0,0
BRDA:34,5,1,0
BRDA:35,6,0,0
BRDA:35,6,1,0
BRDA:36,7,0,0
BRDA:36,7,1,0
BRDA:37,8,0,0
BRDA:37,8,1,0
BRDA:38,9,0,0
BRDA:38,9,1,0
BRDA:39,10,0,0
BRDA:39,10,1,0
BRDA:40,11,0,0
BRDA:40,11,1,0
BRDA:41,12,0,0
BRDA:41,12,1,0
BRDA:42,13,0,0
BRDA:42,13,1,0
BRDA:43,14,0,0
BRDA:43,14,1,0
BRDA:44,15,0,0
BRDA:44,15,1,0
BRDA:52,16,0,0
BRDA:52,16,1,0
BRDA:57,17,0,0
BRDA:62,18,0,0
BRDA:77,19,0,0
BRDA:86,20,0,0
BRDA:97,21,0,0
BRDA:97,22,0,0
BRDA:97,22,1,0
BRDA:101,23,0,0
BRDA:101,23,1,0
BRDA:102,24,0,0
BRDA:102,24,1,0
BRDA:108,25,0,0
BRDA:109,26,0,0
BRDA:109,26,1,0
BRDA:118,27,0,0
BRDA:118,28,0,0
BRDA:118,28,1,0
BRDA:126,29,0,0
BRDA:126,29,1,0
BRDA:126,29,2,0
BRDA:126,29,3,0
BRDA:126,29,4,0
BRDA:126,29,5,0
BRDA:212,30,0,0
BRDA:212,30,1,0
BRDA:214,31,0,0
BRDA:214,31,1,0
BRDA:232,32,0,0
BRDA:232,32,1,0
BRDA:248,33,0,0
BRDA:248,33,1,0
BRDA:298,34,0,0
BRDA:298,34,1,0
BRDA:372,35,0,0
BRDA:372,35,1,0
BRF:69
BRH:0
end_of_record
TN:
SF:app/api/orders/[orderId]/route.ts
FN:6,handleGetOrder
FN:62,(anonymous_2)
FN:89,GET
FNF:3
FNH:0
FNDA:0,handleGetOrder
FNDA:0,(anonymous_2)
FNDA:0,GET
DA:1,0
DA:2,0
DA:3,0
DA:4,0
DA:7,0
DA:8,0
DA:10,0
DA:12,0
DA:28,0
DA:29,0
DA:36,0
DA:37,0
DA:44,0
DA:62,0
DA:70,0
DA:73,0
DA:75,0
DA:81,0
DA:89,0
DA:93,0
DA:94,0
LF:21
LH:0
BRDA:28,0,0,0
BRDA:36,1,0,0
BRDA:36,2,0,0
BRDA:36,2,1,0
BRDA:57,3,0,0
BRDA:57,3,1,0
BRDA:75,4,0,0
BRDA:75,4,1,0
BRF:8
BRH:0
end_of_record
TN:
SF:app/api/orders/[orderId]/calendar/route.ts
FN:7,handleGetCalendar
FN:96,GET
FNF:2
FNH:0
FNDA:0,handleGetCalendar
FNDA:0,GET
DA:1,0
DA:2,0
DA:3,0
DA:4,0
DA:5,0
DA:8,0
DA:9,0
DA:11,0
DA:13,0
DA:32,0
DA:33,0
DA:40,0
DA:41,0
DA:48,0
DA:64,0
DA:67,0
DA:70,0
DA:80,0
DA:82,0
DA:88,0
DA:96,0
DA:100,0
DA:101,0
LF:23
LH:0
BRDA:32,0,0,0
BRDA:40,1,0,0
BRDA:40,2,0,0
BRDA:40,2,1,0
BRDA:52,3,0,0
BRDA:52,3,1,0
BRDA:57,4,0,0
BRDA:57,4,1,0
BRDA:82,5,0,0
BRDA:82,5,1,0
BRF:10
BRH:0
end_of_record
TN:
SF:app/api/orders/[orderId]/receipt/route.ts
FN:7,handleGetReceipt
FN:56,(anonymous_2)
FN:103,GET
FNF:3
FNH:0
FNDA:0,handleGetReceipt
FNDA:0,(anonymous_2)
FNDA:0,GET
DA:1,0
DA:2,0
DA:3,0
DA:4,0
DA:5,0
DA:8,0
DA:9,0
DA:11,0
DA:13,0
DA:29,0
DA:30,0
DA:37,0
DA:38,0
DA:45,0
DA:56,0
DA:71,0
DA:74,0
DA:77,0
DA:87,0
DA:89,0
DA:95,0
DA:103,0
DA:107,0
DA:108,0
LF:24
LH:0
BRDA:29,0,0,0
BRDA:37,1,0,0
BRDA:37,2,0,0
BRDA:37,2,1,0
BRDA:50,3,0,0
BRDA:50,3,1,0
BRDA:55,4,0,0
BRDA:55,4,1,0
BRDA:67,5,0,0
BRDA:67,5,1,0
BRDA:89,6,0,0
BRDA:89,6,1,0
BRF:12
BRH:0
end_of_record
TN:
SF:app/api/tickets/[ticketId]/download/route.ts
FN:7,handleDownloadTicket
FNF:1
FNH:0
FNDA:0,handleDownloadTicket
DA:1,0
DA:2,0
DA:3,0
DA:4,0
DA:5,0
DA:8,0
DA:9,0
DA:11,0
DA:13,0
DA:28,0
DA:29,0
DA:36,0
DA:37,0
DA:44,0
DA:45,0
DA:52,0
DA:82,0
DA:86,0
DA:97,0
DA:98,0
DA:104,0
DA:114,0
LF:22
LH:0
BRDA:28,0,0,0
BRDA:36,1,0,0
BRDA:44,2,0,0
BRDA:56,3,0,0
BRDA:56,3,1,0
BRDA:56,4,0,0
BRDA:56,4,1,0
BRDA:56,4,2,0
BRDA:59,5,0,0
BRDA:59,5,1,0
BRDA:69,6,0,0
BRDA:69,6,1,0
BRDA:72,7,0,0
BRDA:72,7,1,0
BRDA:73,8,0,0
BRDA:73,8,1,0
BRDA:98,9,0,0
BRDA:98,9,1,0
BRDA:106,10,0,0
BRDA:106,10,1,0
BRF:20
BRH:0
end_of_record
TN:
SF:app/api/tickets/[ticketId]/refund/check/route.ts
FN:6,handleCheckRefundEligibility
FNF:1
FNH:0
FNDA:0,handleCheckRefundEligibility
DA:1,0
DA:2,0
DA:3,0
DA:4,0
DA:7,0
DA:8,0
DA:10,0
DA:11,0
DA:16,0
DA:21,0
DA:22,0
DA:28,0
DA:35,0
LF:13
LH:0
BRDA:22,0,0,0
BRDA:22,0,1,0
BRF:2
BRH:0
end_of_record
TN:
SF:app/api/tickets/[ticketId]/refund/request/route.ts
FN:14,handleProcessRefund
FNF:1
FNH:0
FNDA:0,handleProcessRefund
DA:1,0
DA:2,0
DA:3,0
DA:4,0
DA:5,0
DA:6,0
DA:7,0
DA:9,0
DA:15,0
DA:16,0
DA:18,0
DA:19,0
DA:20,0
DA:23,0
DA:31,0
DA:32,0
DA:43,0
DA:48,0
DA:49,0
DA:50,0
DA:51,0
DA:60,0
DA:63,0
DA:78,0
DA:79,0
DA:85,0
DA:95,0
LF:27
LH:0
BRDA:34,0,0,0
BRDA:34,0,1,0
BRDA:50,1,0,0
BRDA:56,2,0,0
BRDA:56,2,1,0
BRDA:79,3,0,0
BRDA:79,3,1,0
BRDA:87,4,0,0
BRDA:87,4,1,0
BRF:9
BRH:0
end_of_record
TN:
SF:app/api/tickets/[ticketId]/transfer/initiate/route.ts
FN:13,handleInitiateTransfer
FNF:1
FNH:0
FNDA:0,handleInitiateTransfer
DA:1,0
DA:2,0
DA:3,0
DA:4,0
DA:5,0
DA:6,0
DA:8,0
DA:14,0
DA:15,0
DA:17,0
DA:18,0
DA:19,0
DA:22,0
DA:30,0
DA:31,0
DA:33,0
DA:46,0
DA:50,0
DA:61,0
DA:62,0
DA:68,0
DA:78,0
LF:22
LH:0
BRDA:35,0,0,0
BRDA:35,0,1,0
BRDA:35,1,0,0
BRDA:35,1,1,0
BRDA:35,2,0,0
BRDA:35,2,1,0
BRDA:40,3,0,0
BRDA:40,3,1,0
BRDA:41,4,0,0
BRDA:41,4,1,0
BRDA:62,5,0,0
BRDA:62,5,1,0
BRDA:70,6,0,0
BRDA:70,6,1,0
BRF:14
BRH:0
end_of_record
TN:
SF:app/api/tickets/transfer/[transferId]/accept/route.ts
FN:8,handleAcceptTransfer
FNF:1
FNH:0
FNDA:0,handleAcceptTransfer
DA:1,0
DA:2,0
DA:3,0
DA:4,0
DA:5,0
DA:6,0
DA:9,0
DA:10,0
DA:12,0
DA:14,0
DA:20,0
DA:21,0
DA:30,0
DA:34,0
DA:35,0
DA:39,0
DA:40,0
DA:49,0
DA:52,0
DA:66,0
DA:67,0
DA:73,0
DA:83,0
LF:23
LH:0
BRDA:23,0,0,0
BRDA:23,0,1,0
BRDA:23,1,0,0
BRDA:23,1,1,0
BRDA:23,2,0,0
BRDA:23,2,1,0
BRDA:39,3,0,0
BRDA:42,4,0,0
BRDA:42,4,1,0
BRDA:42,5,0,0
BRDA:42,5,1,0
BRDA:42,6,0,0
BRDA:42,6,1,0
BRDA:43,7,0,0
BRDA:43,7,1,0
BRDA:43,8,0,0
BRDA:43,8,1,0
BRDA:43,9,0,0
BRDA:43,9,1,0
BRDA:67,10,0,0
BRDA:67,10,1,0
BRDA:75,11,0,0
BRDA:75,11,1,0
BRF:23
BRH:0
end_of_record
TN:
SF:app/api/tickets/transfer/[transferId]/decline/route.ts
FN:8,handleDeclineTransfer
FNF:1
FNH:0
FNDA:0,handleDeclineTransfer
DA:1,0
DA:2,0
DA:3,0
DA:5,0
DA:6,0
DA:9,0
DA:10,0
DA:12,0
DA:14,0
DA:16,0
DA:17,0
DA:24,0
DA:31,0
DA:44,0
DA:45,0
DA:49,0
DA:50,0
DA:54,0
DA:58,0
DA:64,0
DA:65,0
DA:71,0
DA:81,0
LF:23
LH:0
BRDA:16,0,0,0
BRDA:49,1,0,0
BRDA:49,2,0,0
BRDA:49,2,1,0
BRDA:65,3,0,0
BRDA:65,3,1,0
BRDA:73,4,0,0
BRDA:73,4,1,0
BRF:8
BRH:0
end_of_record
TN:
SF:app/api/tickets/transfer/[transferId]/details/route.ts
FN:6,handleGetTransferDetails
FNF:1
FNH:0
FNDA:0,handleGetTransferDetails
DA:1,0
DA:2,0
DA:3,0
DA:4,0
DA:7,0
DA:8,0
DA:10,0
DA:12,0
DA:38,0
DA:39,0
DA:45,0
DA:48,0
DA:49,0
DA:56,0
DA:99,0
DA:100,0
DA:106,0
DA:116,0
LF:18
LH:0
BRDA:38,0,0,0
BRDA:38,1,0,0
BRDA:38,1,1,0
BRDA:48,2,0,0
BRDA:79,3,0,0
BRDA:79,3,1,0
BRDA:91,4,0,0
BRDA:91,4,1,0
BRDA:100,5,0,0
BRDA:100,5,1,0
BRDA:108,6,0,0
BRDA:108,6,1,0
BRF:12
BRH:0
end_of_record
TN:
SF:app/api/users/me/delete/route.ts
FN:12,handleDeleteAccount
FN:72,(anonymous_2)
FNF:2
FNH:0
FNDA:0,handleDeleteAccount
FNDA:0,(anonymous_2)
DA:1,0
DA:2,0
DA:3,0
DA:4,0
DA:5,0
DA:7,0
DA:13,0
DA:15,0
DA:16,0
DA:17,0
DA:20,0
DA:21,0
DA:28,0
DA:38,0
DA:39,0
DA:49,0
DA:61,0
DA:62,0
DA:72,0
DA:74,0
DA:88,0
DA:93,0
DA:108,0
DA:114,0
DA:115,0
DA:121,0
DA:131,0
LF:27
LH:0
BRDA:20,0,0,0
BRDA:38,1,0,0
BRDA:61,2,0,0
BRDA:80,3,0,0
BRDA:80,3,1,0
BRDA:80,4,0,0
BRDA:80,4,1,0
BRDA:81,5,0,0
BRDA:81,5,1,0
BRDA:101,6,0,0
BRDA:101,6,1,0
BRDA:115,7,0,0
BRDA:115,7,1,0
BRDA:123,8,0,0
BRDA:123,8,1,0
BRF:15
BRH:0
end_of_record
TN:
SF:app/api/webhooks/square/route.ts
FN:14,verifyWebhookSignature
FN:36,POST
FN:93,processWebhookEvent
FN:153,handlePaymentCreated
FN:174,handlePaymentUpdated
FN:208,handleRefundCreated
FN:228,handleRefundUpdated
FN:255,handleOrderCreated
FN:270,handleOrderUpdated
FN:285,mapPaymentStatus
FNF:10
FNH:0
FNDA:0,verifyWebhookSignature
FNDA:0,POST
FNDA:0,processWebhookEvent
FNDA:0,handlePaymentCreated
FNDA:0,handlePaymentUpdated
FNDA:0,handleRefundCreated
FNDA:0,handleRefundUpdated
FNDA:0,handleOrderCreated
FNDA:0,handleOrderUpdated
FNDA:0,mapPaymentStatus
DA:1,0
DA:2,0
DA:3,0
DA:4,0
DA:5,0
DA:20,0
DA:22,0
DA:23,0
DA:24,0
DA:26,0
DA:31,0
DA:32,0
DA:36,0
DA:37,0
DA:38,0
DA:39,0
DA:40,0
DA:41,0
DA:44,0
DA:45,0
DA:46,0
DA:52,0
DA:53,0
DA:54,0
DA:60,0
DA:66,0
DA:68,0
DA:71,0
DA:74,0
DA:86,0
DA:94,0
DA:95,0
DA:97,0
DA:98,0
DA:99,0
DA:102,0
DA:103,0
DA:105,0
DA:106,0
DA:109,0
DA:110,0
DA:113,0
DA:114,0
DA:117,0
DA:118,0
DA:121,0
DA:122,0
DA:125,0
DA:126,0
DA:129,0
DA:136,0
DA:138,0
DA:154,0
DA:155,0
DA:159,0
DA:175,0
DA:176,0
DA:179,0
DA:183,0
DA:184,0
DA:193,0
DA:209,0
DA:210,0
DA:213,0
DA:229,0
DA:230,0
DA:233,0
DA:242,0
DA:257,0
DA:272,0
DA:286,0
DA:288,0
DA:290,0
DA:292,0
DA:294,0
DA:296,0
DA:298,0
LF:77
LH:0
BRDA:40,0,0,0
BRDA:40,0,1,0
BRDA:44,1,0,0
BRDA:52,2,0,0
BRDA:97,3,0,0
BRDA:103,4,0,0
BRDA:103,4,1,0
BRDA:103,4,2,0
BRDA:103,4,3,0
BRDA:103,4,4,0
BRDA:103,4,5,0
BRDA:103,4,6,0
BRDA:155,5,0,0
BRDA:176,6,0,0
BRDA:183,7,0,0
BRDA:188,8,0,0
BRDA:188,8,1,0
BRDA:210,9,0,0
BRDA:230,10,0,0
BRDA:236,11,0,0
BRDA:236,11,1,0
BRDA:286,12,0,0
BRDA:286,12,1,0
BRDA:286,12,2,0
BRDA:286,12,3,0
BRDA:286,12,4,0
BRDA:286,12,5,0
BRF:27
BRH:0
end_of_record
TN:
SF:app/auth/login/page.tsx
FN:35,LoginForm
FN:56,(anonymous_3)
FN:81,(anonymous_4)
FN:160,(anonymous_5)
FN:231,LoginPage
FNF:5
FNH:0
FNDA:0,LoginForm
FNDA:0,(anonymous_3)
FNDA:0,(anonymous_4)
FNDA:0,(anonymous_5)
FNDA:0,LoginPage
DA:3,0
DA:4,0
DA:5,0
DA:6,0
DA:7,0
DA:8,0
DA:9,0
DA:10,0
DA:12,0
DA:13,0
DA:14,0
DA:15,0
DA:16,0
DA:17,0
DA:20,0
DA:28,0
DA:36,0
DA:37,0
DA:38,0
DA:39,0
DA:40,0
DA:42,0
DA:43,0
DA:49,0
DA:56,0
DA:57,0
DA:58,0
DA:60,0
DA:61,0
DA:67,0
DA:68,0
DA:70,0
DA:71,0
DA:74,0
DA:76,0
DA:77,0
DA:78,0
DA:81,0
DA:83,0
DA:87,0
DA:88,0
DA:90,0
DA:160,0
DA:231,0
LF:44
LH:0
BRDA:42,0,0,0
BRDA:42,0,1,0
BRDA:67,1,0,0
BRDA:68,2,0,0
BRDA:68,2,1,0
BRDA:74,3,0,0
BRDA:111,4,0,0
BRDA:111,4,1,0
BRDA:115,5,0,0
BRDA:115,5,1,0
BRDA:115,5,2,0
BRDA:129,6,0,0
BRDA:129,6,1,0
BRDA:131,7,0,0
BRDA:150,8,0,0
BRDA:150,8,1,0
BRDA:153,9,0,0
BRDA:153,9,1,0
BRDA:162,10,0,0
BRDA:165,11,0,0
BRDA:183,12,0,0
BRDA:183,12,1,0
BRF:22
BRH:0
end_of_record
TN:
SF:app/auth/register/page.tsx
FN:27,(anonymous_2)
FN:40,(anonymous_3)
FN:66,RegisterPage
FN:88,(anonymous_5)
FN:141,(anonymous_6)
FN:242,(anonymous_7)
FNF:6
FNH:0
FNDA:0,(anonymous_2)
FNDA:0,(anonymous_3)
FNDA:0,RegisterPage
FNDA:0,(anonymous_5)
FNDA:0,(anonymous_6)
FNDA:0,(anonymous_7)
DA:3,0
DA:4,0
DA:5,0
DA:6,0
DA:7,0
DA:8,0
DA:9,0
DA:11,0
DA:12,0
DA:13,0
DA:14,0
DA:15,0
DA:16,0
DA:17,0
DA:20,0
DA:27,0
DA:40,0
DA:41,0
DA:42,0
DA:44,0
DA:45,0
DA:47,0
DA:48,0
DA:50,0
DA:51,0
DA:53,0
DA:54,0
DA:56,0
DA:57,0
DA:59,0
DA:60,0
DA:61,0
DA:63,0
DA:66,0
DA:67,0
DA:68,0
DA:69,0
DA:70,0
DA:77,0
DA:85,0
DA:86,0
DA:88,0
DA:89,0
DA:91,0
DA:92,0
DA:100,0
DA:102,0
DA:103,0
DA:106,0
DA:108,0
DA:109,0
DA:111,0
DA:115,0
DA:141,0
DA:242,0
LF:55
LH:0
BRDA:44,0,0,0
BRDA:44,0,1,0
BRDA:47,1,0,0
BRDA:47,1,1,0
BRDA:50,2,0,0
BRDA:50,2,1,0
BRDA:53,3,0,0
BRDA:53,3,1,0
BRDA:56,4,0,0
BRDA:56,4,1,0
BRDA:60,5,0,0
BRDA:60,5,1,0
BRDA:61,6,0,0
BRDA:102,7,0,0
BRDA:103,8,0,0
BRDA:103,8,1,0
BRDA:109,9,0,0
BRDA:109,9,1,0
BRDA:115,10,0,0
BRDA:177,11,0,0
BRDA:177,11,1,0
BRDA:179,12,0,0
BRDA:190,13,0,0
BRDA:190,13,1,0
BRDA:192,14,0,0
BRDA:207,15,0,0
BRDA:207,15,1,0
BRDA:209,16,0,0
BRDA:232,17,0,0
BRDA:232,17,1,0
BRDA:235,18,0,0
BRDA:235,18,1,0
BRDA:244,19,0,0
BRDA:249,20,0,0
BRDA:260,21,0,0
BRDA:269,22,0,0
BRDA:290,23,0,0
BRDA:290,23,1,0
BRDA:303,24,0,0
BRDA:309,25,0,0
BRDA:309,25,1,0
BRF:41
BRH:0
end_of_record
TN:
SF:app/auth/reset-password/page.tsx
FN:27,(anonymous_2)
FN:41,(anonymous_3)
FN:67,ResetPasswordForm
FN:92,(anonymous_5)
FN:119,(anonymous_6)
FN:304,(anonymous_7)
FN:354,(anonymous_8)
FN:393,ResetPasswordPage
FNF:8
FNH:0
FNDA:0,(anonymous_2)
FNDA:0,(anonymous_3)
FNDA:0,ResetPasswordForm
FNDA:0,(anonymous_5)
FNDA:0,(anonymous_6)
FNDA:0,(anonymous_7)
FNDA:0,(anonymous_8)
FNDA:0,ResetPasswordPage
DA:3,0
DA:4,0
DA:5,0
DA:6,0
DA:7,0
DA:8,0
DA:9,0
DA:11,0
DA:12,0
DA:13,0
DA:14,0
DA:15,0
DA:16,0
DA:19,0
DA:24,0
DA:27,0
DA:41,0
DA:42,0
DA:43,0
DA:45,0
DA:46,0
DA:48,0
DA:49,0
DA:51,0
DA:52,0
DA:54,0
DA:55,0
DA:57,0
DA:58,0
DA:60,0
DA:61,0
DA:62,0
DA:64,0
DA:68,0
DA:69,0
DA:70,0
DA:71,0
DA:72,0
DA:73,0
DA:74,0
DA:76,0
DA:77,0
DA:80,0
DA:85,0
DA:89,0
DA:90,0
DA:92,0
DA:93,0
DA:94,0
DA:96,0
DA:97,0
DA:105,0
DA:107,0
DA:108,0
DA:111,0
DA:113,0
DA:115,0
DA:119,0
DA:120,0
DA:121,0
DA:123,0
DA:124,0
DA:135,0
DA:137,0
DA:138,0
DA:141,0
DA:143,0
DA:145,0
DA:150,0
DA:151,0
DA:246,0
DA:304,0
DA:354,0
DA:393,0
LF:74
LH:0
BRDA:45,0,0,0
BRDA:45,0,1,0
BRDA:48,1,0,0
BRDA:48,1,1,0
BRDA:51,2,0,0
BRDA:51,2,1,0
BRDA:54,3,0,0
BRDA:54,3,1,0
BRDA:57,4,0,0
BRDA:57,4,1,0
BRDA:61,5,0,0
BRDA:61,5,1,0
BRDA:62,6,0,0
BRDA:107,7,0,0
BRDA:108,8,0,0
BRDA:108,8,1,0
BRDA:113,9,0,0
BRDA:113,9,1,0
BRDA:137,10,0,0
BRDA:138,11,0,0
BRDA:138,11,1,0
BRDA:143,12,0,0
BRDA:143,12,1,0
BRDA:150,13,0,0
BRDA:151,14,0,0
BRDA:195,15,0,0
BRDA:209,16,0,0
BRDA:209,16,1,0
BRDA:211,17,0,0
BRDA:219,18,0,0
BRDA:219,18,1,0
BRDA:246,19,0,0
BRDA:282,20,0,0
BRDA:294,21,0,0
BRDA:294,21,1,0
BRDA:297,22,0,0
BRDA:297,22,1,0
BRDA:306,23,0,0
BRDA:311,24,0,0
BRDA:322,25,0,0
BRDA:331,26,0,0
BRDA:344,27,0,0
BRDA:344,27,1,0
BRDA:347,28,0,0
BRDA:347,28,1,0
BRDA:356,29,0,0
BRDA:359,30,0,0
BRDA:367,31,0,0
BRDA:367,31,1,0
BRF:49
BRH:0
end_of_record
TN:
SF:app/auth/verify/page.tsx
FN:20,(anonymous_2)
FN:38,(anonymous_3)
FN:160,VerifyPageContent
FN:169,(anonymous_5)
FN:184,(anonymous_6)
FN:216,(anonymous_7)
FN:286,VerifyPage
FNF:7
FNH:0
FNDA:0,(anonymous_2)
FNDA:0,(anonymous_3)
FNDA:0,VerifyPageContent
FNDA:0,(anonymous_5)
FNDA:0,(anonymous_6)
FNDA:0,(anonymous_7)
FNDA:0,VerifyPage
DA:3,0
DA:4,0
DA:5,0
DA:6,0
DA:8,0
DA:9,0
DA:10,0
DA:20,0
DA:21,0
DA:38,0
DA:45,0
DA:47,0
DA:54,0
DA:74,0
DA:93,0
DA:112,0
DA:133,0
DA:161,0
DA:162,0
DA:163,0
DA:164,0
DA:166,0
DA:167,0
DA:169,0
DA:171,0
DA:172,0
DA:173,0
DA:177,0
DA:178,0
DA:180,0
DA:184,0
DA:185,0
DA:186,0
DA:194,0
DA:196,0
DA:197,0
DA:199,0
DA:201,0
DA:202,0
DA:204,0
DA:205,0
DA:207,0
DA:211,0
DA:212,0
DA:216,0
DA:217,0
DA:220,0
DA:222,0
DA:224,0
DA:226,0
DA:230,0
DA:286,0
LF:52
LH:0
BRDA:21,0,0,0
BRDA:45,1,0,0
BRDA:45,1,1,0
BRDA:45,1,2,0
BRDA:45,1,3,0
BRDA:45,1,4,0
BRDA:45,1,5,0
BRDA:45,1,6,0
BRDA:171,2,0,0
BRDA:177,3,0,0
BRDA:177,3,1,0
BRDA:196,4,0,0
BRDA:196,4,1,0
BRDA:199,5,0,0
BRDA:199,5,1,0
BRDA:199,5,2,0
BRDA:248,6,0,0
BRDA:275,7,0,0
BRF:18
BRH:0
end_of_record
TN:
SF:app/dashboard/page.tsx
FN:22,DashboardPage
FN:26,(anonymous_3)
FN:47,(anonymous_4)
FN:51,(anonymous_5)
FN:179,(anonymous_6)
FNF:5
FNH:0
FNDA:0,DashboardPage
FNDA:0,(anonymous_3)
FNDA:0,(anonymous_4)
FNDA:0,(anonymous_5)
FNDA:0,(anonymous_6)
DA:3,0
DA:4,0
DA:5,0
DA:6,0
DA:7,0
DA:8,0
DA:9,0
DA:20,0
DA:22,0
DA:23,0
DA:24,0
DA:26,0
DA:27,0
DA:29,0
DA:30,0
DA:31,0
DA:35,0
DA:43,0
DA:44,0
DA:47,0
DA:48,0
DA:51,0
DA:52,0
DA:54,0
DA:56,0
DA:58,0
DA:60,0
DA:62,0
DA:66,0
DA:180,0
LF:30
LH:0
BRDA:27,0,0,0
BRDA:29,1,0,0
BRDA:35,2,0,0
BRDA:43,3,0,0
BRDA:52,4,0,0
BRDA:52,4,1,0
BRDA:52,4,2,0
BRDA:52,4,3,0
BRDA:52,4,4,0
BRDA:105,5,0,0
BRDA:105,5,1,0
BRF:11
BRH:0
end_of_record
TN:
SF:app/dashboard/analytics/page.tsx
FN:22,AnalyticsPage
FN:135,(anonymous_3)
FN:220,(anonymous_4)
FNF:3
FNH:0
FNDA:0,AnalyticsPage
FNDA:0,(anonymous_3)
FNDA:0,(anonymous_4)
DA:3,0
DA:4,0
DA:5,0
DA:6,0
DA:7,0
DA:8,0
DA:20,0
DA:22,0
DA:23,0
DA:24,0
DA:26,0
DA:34,0
DA:35,0
DA:36,0
DA:39,0
DA:74,0
DA:136,0
DA:221,0
LF:18
LH:0
BRDA:26,0,0,0
BRDA:34,1,0,0
BRDA:144,2,0,0
BRDA:144,2,1,0
BRDA:145,3,0,0
BRDA:145,3,1,0
BRDA:148,4,0,0
BRDA:148,4,1,0
BRDA:149,5,0,0
BRDA:149,5,1,0
BRDA:232,6,0,0
BRDA:232,6,1,0
BRDA:233,7,0,0
BRDA:233,7,1,0
BRDA:238,8,0,0
BRDA:238,8,1,0
BRDA:239,9,0,0
BRDA:239,9,1,0
BRF:18
BRH:0
end_of_record
TN:
SF:app/dashboard/billing/page.tsx
FN:56,BillingDashboardPage
FN:64,(anonymous_3)
FN:70,(anonymous_4)
FN:129,(anonymous_5)
FN:142,(anonymous_6)
FN:287,(anonymous_7)
FNF:6
FNH:0
FNDA:0,BillingDashboardPage
FNDA:0,(anonymous_3)
FNDA:0,(anonymous_4)
FNDA:0,(anonymous_5)
FNDA:0,(anonymous_6)
FNDA:0,(anonymous_7)
DA:3,0
DA:4,0
DA:5,0
DA:16,0
DA:56,0
DA:57,0
DA:58,0
DA:59,0
DA:60,0
DA:61,0
DA:62,0
DA:64,0
DA:65,0
DA:66,0
DA:70,0
DA:71,0
DA:72,0
DA:75,0
DA:76,0
DA:77,0
DA:78,0
DA:81,0
DA:82,0
DA:83,0
DA:84,0
DA:87,0
DA:88,0
DA:89,0
DA:90,0
DA:92,0
DA:94,0
DA:95,0
DA:96,0
DA:100,0
DA:111,0
DA:129,0
DA:130,0
DA:132,0
DA:134,0
DA:136,0
DA:138,0
DA:142,0
DA:143,0
DA:288,0
LF:44
LH:0
BRDA:65,0,0,0
BRDA:76,1,0,0
BRDA:82,2,0,0
BRDA:84,3,0,0
BRDA:84,3,1,0
BRDA:88,4,0,0
BRDA:95,5,0,0
BRDA:95,5,1,0
BRDA:100,6,0,0
BRDA:111,7,0,0
BRDA:111,8,0,0
BRDA:111,8,1,0
BRDA:117,9,0,0
BRDA:117,9,1,0
BRDA:130,10,0,0
BRDA:130,10,1,0
BRDA:130,10,2,0
BRDA:130,10,3,0
BRDA:254,11,0,0
BRDA:305,12,0,0
BRDA:305,12,1,0
BRF:21
BRH:0
end_of_record
TN:
SF:app/dashboard/events/page.tsx
FN:54,EventsListPage
FN:63,(anonymous_3)
FN:74,(anonymous_4)
FN:108,(anonymous_5)
FN:121,(anonymous_6)
FN:183,(anonymous_7)
FN:190,(anonymous_8)
FN:207,(anonymous_9)
FN:249,(anonymous_10)
FN:288,(anonymous_11)
FN:288,(anonymous_12)
FNF:11
FNH:0
FNDA:0,EventsListPage
FNDA:0,(anonymous_3)
FNDA:0,(anonymous_4)
FNDA:0,(anonymous_5)
FNDA:0,(anonymous_6)
FNDA:0,(anonymous_7)
FNDA:0,(anonymous_8)
FNDA:0,(anonymous_9)
FNDA:0,(anonymous_10)
FNDA:0,(anonymous_11)
FNDA:0,(anonymous_12)
DA:3,0
DA:4,0
DA:5,0
DA:6,0
DA:7,0
DA:8,0
DA:9,0
DA:10,0
DA:23,0
DA:54,0
DA:55,0
DA:56,0
DA:57,0
DA:58,0
DA:59,0
DA:60,0
DA:61,0
DA:63,0
DA:64,0
DA:66,0
DA:67,0
DA:68,0
DA:71,0
DA:74,0
DA:75,0
DA:76,0
DA:77,0
DA:78,0
DA:79,0
DA:81,0
DA:82,0
DA:84,0
DA:85,0
DA:88,0
DA:90,0
DA:92,0
DA:96,0
DA:104,0
DA:105,0
DA:108,0
DA:109,0
DA:111,0
DA:113,0
DA:115,0
DA:117,0
DA:121,0
DA:122,0
DA:124,0
DA:126,0
DA:128,0
DA:130,0
DA:132,0
DA:134,0
DA:136,0
DA:183,0
DA:190,0
DA:207,0
DA:250,0
DA:288,0
LF:59
LH:0
BRDA:64,0,0,0
BRDA:66,1,0,0
BRDA:77,2,0,0
BRDA:78,3,0,0
BRDA:79,4,0,0
BRDA:84,5,0,0
BRDA:85,6,0,0
BRDA:85,6,1,0
BRDA:88,7,0,0
BRDA:88,7,1,0
BRDA:96,8,0,0
BRDA:104,9,0,0
BRDA:109,10,0,0
BRDA:109,10,1,0
BRDA:109,10,2,0
BRDA:109,10,3,0
BRDA:122,11,0,0
BRDA:122,11,1,0
BRDA:122,11,2,0
BRDA:122,11,3,0
BRDA:122,11,4,0
BRDA:122,11,5,0
BRDA:122,11,6,0
BRDA:226,12,0,0
BRDA:230,13,0,0
BRDA:235,14,0,0
BRDA:235,14,1,0
BRDA:235,15,0,0
BRDA:235,15,1,0
BRDA:235,15,2,0
BRDA:287,16,0,0
BRDA:287,16,1,0
BRDA:295,17,0,0
BRF:33
BRH:0
end_of_record
TN:
SF:app/dashboard/events/[eventId]/page.tsx
FN:55,EventDetailsPage
FN:64,(anonymous_3)
FN:75,(anonymous_4)
FN:142,(anonymous_5)
FN:155,(anonymous_6)
FN:286,(anonymous_7)
FNF:6
FNH:0
FNDA:0,EventDetailsPage
FNDA:0,(anonymous_3)
FNDA:0,(anonymous_4)
FNDA:0,(anonymous_5)
FNDA:0,(anonymous_6)
FNDA:0,(anonymous_7)
DA:3,0
DA:4,0
DA:5,0
DA:6,0
DA:7,0
DA:8,0
DA:9,0
DA:24,0
DA:55,0
DA:56,0
DA:57,0
DA:58,0
DA:59,0
DA:60,0
DA:61,0
DA:62,0
DA:64,0
DA:65,0
DA:67,0
DA:68,0
DA:69,0
DA:72,0
DA:75,0
DA:76,0
DA:77,0
DA:78,0
DA:80,0
DA:81,0
DA:84,0
DA:86,0
DA:87,0
DA:89,0
DA:93,0
DA:101,0
DA:102,0
DA:105,0
DA:138,0
DA:139,0
DA:142,0
DA:143,0
DA:145,0
DA:147,0
DA:149,0
DA:151,0
DA:155,0
DA:156,0
DA:158,0
DA:160,0
DA:162,0
DA:164,0
DA:166,0
DA:168,0
DA:170,0
DA:287,0
LF:54
LH:0
BRDA:65,0,0,0
BRDA:67,1,0,0
BRDA:80,2,0,0
BRDA:81,3,0,0
BRDA:81,3,1,0
BRDA:87,4,0,0
BRDA:87,4,1,0
BRDA:93,5,0,0
BRDA:93,6,0,0
BRDA:93,6,1,0
BRDA:101,7,0,0
BRDA:105,8,0,0
BRDA:138,9,0,0
BRDA:143,10,0,0
BRDA:143,10,1,0
BRDA:143,10,2,0
BRDA:143,10,3,0
BRDA:156,11,0,0
BRDA:156,11,1,0
BRDA:156,11,2,0
BRDA:156,11,3,0
BRDA:156,11,4,0
BRDA:156,11,5,0
BRDA:156,11,6,0
BRDA:239,12,0,0
BRDA:267,13,0,0
BRF:26
BRH:0
end_of_record
TN:
SF:app/dashboard/events/[eventId]/analytics/page.tsx
FN:114,EventAnalyticsPage
FN:125,(anonymous_3)
FN:136,(anonymous_4)
FN:157,(anonymous_5)
FN:164,(anonymous_6)
FN:237,(anonymous_7)
FN:333,(anonymous_8)
FN:338,(anonymous_9)
FN:339,(anonymous_10)
FN:385,(anonymous_11)
FN:390,(anonymous_12)
FN:394,(anonymous_13)
FN:411,(anonymous_14)
FN:457,(anonymous_15)
FN:522,(anonymous_16)
FN:585,(anonymous_17)
FNF:16
FNH:0
FNDA:0,EventAnalyticsPage
FNDA:0,(anonymous_3)
FNDA:0,(anonymous_4)
FNDA:0,(anonymous_5)
FNDA:0,(anonymous_6)
FNDA:0,(anonymous_7)
FNDA:0,(anonymous_8)
FNDA:0,(anonymous_9)
FNDA:0,(anonymous_10)
FNDA:0,(anonymous_11)
FNDA:0,(anonymous_12)
FNDA:0,(anonymous_13)
FNDA:0,(anonymous_14)
FNDA:0,(anonymous_15)
FNDA:0,(anonymous_16)
FNDA:0,(anonymous_17)
DA:3,0
DA:4,0
DA:5,0
DA:6,0
DA:7,0
DA:8,0
DA:9,0
DA:26,0
DA:40,0
DA:41,0
DA:112,0
DA:114,0
DA:115,0
DA:116,0
DA:117,0
DA:118,0
DA:120,0
DA:121,0
DA:122,0
DA:123,0
DA:125,0
DA:126,0
DA:128,0
DA:129,0
DA:130,0
DA:133,0
DA:136,0
DA:137,0
DA:138,0
DA:140,0
DA:141,0
DA:142,0
DA:144,0
DA:145,0
DA:148,0
DA:150,0
DA:151,0
DA:153,0
DA:157,0
DA:158,0
DA:164,0
DA:165,0
DA:168,0
DA:176,0
DA:177,0
DA:180,0
DA:214,0
DA:237,0
DA:333,0
DA:338,0
DA:339,0
DA:385,0
DA:391,0
DA:394,0
DA:411,0
DA:458,0
DA:523,0
DA:586,0
LF:58
LH:0
BRDA:126,0,0,0
BRDA:128,1,0,0
BRDA:144,2,0,0
BRDA:145,3,0,0
BRDA:145,3,1,0
BRDA:151,4,0,0
BRDA:151,4,1,0
BRDA:168,5,0,0
BRDA:168,6,0,0
BRDA:168,6,1,0
BRDA:176,7,0,0
BRDA:180,8,0,0
BRDA:180,9,0,0
BRDA:180,9,1,0
BRDA:340,10,0,0
BRDA:340,10,1,0
BRDA:341,11,0,0
BRDA:341,11,1,0
BRDA:385,12,0,0
BRDA:385,12,1,0
BRF:20
BRH:0
end_of_record
TN:
SF:app/dashboard/events/[eventId]/checkin/page.tsx
FN:50,EventCheckInPage
FN:73,(anonymous_3)
FN:85,(anonymous_4)
FN:103,(anonymous_5)
FN:116,(anonymous_6)
FN:141,(anonymous_7)
FN:160,(anonymous_8)
FN:187,(anonymous_9)
FN:372,(anonymous_10)
FN:373,(anonymous_11)
FN:386,(anonymous_12)
FN:396,(anonymous_13)
FN:431,(anonymous_14)
FNF:13
FNH:0
FNDA:0,EventCheckInPage
FNDA:0,(anonymous_3)
FNDA:0,(anonymous_4)
FNDA:0,(anonymous_5)
FNDA:0,(anonymous_6)
FNDA:0,(anonymous_7)
FNDA:0,(anonymous_8)
FNDA:0,(anonymous_9)
FNDA:0,(anonymous_10)
FNDA:0,(anonymous_11)
FNDA:0,(anonymous_12)
FNDA:0,(anonymous_13)
FNDA:0,(anonymous_14)
DA:3,0
DA:4,0
DA:5,0
DA:6,0
DA:7,0
DA:8,0
DA:10,0
DA:25,0
DA:50,0
DA:51,0
DA:52,0
DA:53,0
DA:54,0
DA:56,0
DA:57,0
DA:58,0
DA:59,0
DA:62,0
DA:63,0
DA:66,0
DA:67,0
DA:68,0
DA:71,0
DA:73,0
DA:74,0
DA:76,0
DA:77,0
DA:78,0
DA:81,0
DA:82,0
DA:85,0
DA:86,0
DA:87,0
DA:88,0
DA:90,0
DA:91,0
DA:94,0
DA:96,0
DA:97,0
DA:99,0
DA:103,0
DA:104,0
DA:105,0
DA:106,0
DA:108,0
DA:109,0
DA:112,0
DA:116,0
DA:117,0
DA:118,0
DA:120,0
DA:121,0
DA:134,0
DA:136,0
DA:137,0
DA:141,0
DA:144,0
DA:146,0
DA:147,0
DA:150,0
DA:153,0
DA:154,0
DA:156,0
DA:160,0
DA:161,0
DA:163,0
DA:164,0
DA:166,0
DA:169,0
DA:180,0
DA:181,0
DA:183,0
DA:187,0
DA:188,0
DA:189,0
DA:191,0
DA:195,0
DA:203,0
DA:204,0
DA:207,0
DA:372,0
DA:373,0
DA:387,0
DA:396,0
DA:432,0
LF:85
LH:0
BRDA:74,0,0,0
BRDA:76,1,0,0
BRDA:90,2,0,0
BRDA:91,3,0,0
BRDA:91,3,1,0
BRDA:97,4,0,0
BRDA:97,4,1,0
BRDA:108,5,0,0
BRDA:136,6,0,0
BRDA:137,7,0,0
BRDA:137,7,1,0
BRDA:154,8,0,0
BRDA:154,8,1,0
BRDA:161,9,0,0
BRDA:189,10,0,0
BRDA:195,11,0,0
BRDA:195,12,0,0
BRDA:195,12,1,0
BRDA:203,13,0,0
BRDA:207,14,0,0
BRDA:207,15,0,0
BRDA:207,15,1,0
BRDA:286,16,0,0
BRDA:286,16,1,0
BRDA:296,17,0,0
BRDA:296,17,1,0
BRDA:298,18,0,0
BRDA:298,18,1,0
BRDA:309,19,0,0
BRDA:309,19,1,0
BRDA:328,20,0,0
BRDA:373,21,0,0
BRDA:373,21,1,0
BRDA:375,22,0,0
BRDA:375,22,1,0
BRDA:377,23,0,0
BRDA:384,24,0,0
BRDA:397,25,0,0
BRDA:397,25,1,0
BRDA:400,26,0,0
BRDA:402,27,0,0
BRDA:412,28,0,0
BRDA:431,29,0,0
BRDA:437,30,0,0
BRF:44
BRH:0
end_of_record
TN:
SF:app/dashboard/events/[eventId]/manage/page.tsx
FN:85,EventManagementPage
FN:99,(anonymous_3)
FN:110,(anonymous_4)
FN:126,(anonymous_5)
FN:128,(anonymous_6)
FN:130,(anonymous_7)
FN:220,(anonymous_8)
FN:280,(anonymous_9)
FN:406,(anonymous_10)
FN:442,(anonymous_11)
FN:536,(anonymous_12)
FN:537,(anonymous_13)
FNF:12
FNH:0
FNDA:0,EventManagementPage
FNDA:0,(anonymous_3)
FNDA:0,(anonymous_4)
FNDA:0,(anonymous_5)
FNDA:0,(anonymous_6)
FNDA:0,(anonymous_7)
FNDA:0,(anonymous_8)
FNDA:0,(anonymous_9)
FNDA:0,(anonymous_10)
FNDA:0,(anonymous_11)
FNDA:0,(anonymous_12)
FNDA:0,(anonymous_13)
DA:3,0
DA:4,0
DA:5,0
DA:6,0
DA:7,0
DA:8,0
DA:9,0
DA:10,0
DA:30,0
DA:31,0
DA:85,0
DA:86,0
DA:87,0
DA:88,0
DA:89,0
DA:91,0
DA:92,0
DA:93,0
DA:94,0
DA:95,0
DA:96,0
DA:97,0
DA:99,0
DA:100,0
DA:102,0
DA:103,0
DA:104,0
DA:107,0
DA:110,0
DA:111,0
DA:112,0
DA:115,0
DA:116,0
DA:118,0
DA:119,0
DA:122,0
DA:125,0
DA:126,0
DA:127,0
DA:128,0
DA:129,0
DA:130,0
DA:131,0
DA:133,0
DA:143,0
DA:167,0
DA:168,0
DA:170,0
DA:174,0
DA:182,0
DA:183,0
DA:186,0
DA:220,0
DA:221,0
DA:224,0
DA:226,0
DA:228,0
DA:230,0
DA:232,0
DA:280,0
DA:407,0
DA:443,0
DA:536,0
DA:538,0
DA:539,0
LF:65
LH:0
BRDA:100,0,0,0
BRDA:102,1,0,0
BRDA:118,2,0,0
BRDA:119,3,0,0
BRDA:119,3,1,0
BRDA:130,4,0,0
BRDA:130,4,1,0
BRDA:137,5,0,0
BRDA:137,5,1,0
BRDA:139,6,0,0
BRDA:139,6,1,0
BRDA:168,7,0,0
BRDA:168,7,1,0
BRDA:174,8,0,0
BRDA:174,9,0,0
BRDA:174,9,1,0
BRDA:182,10,0,0
BRDA:186,11,0,0
BRDA:186,12,0,0
BRDA:186,12,1,0
BRDA:221,13,0,0
BRDA:221,13,1,0
BRDA:221,13,2,0
BRDA:221,13,3,0
BRDA:221,13,4,0
BRDA:221,13,5,0
BRDA:276,14,0,0
BRDA:310,15,0,0
BRDA:310,15,1,0
BRDA:312,16,0,0
BRDA:312,16,1,0
BRDA:323,17,0,0
BRDA:323,17,1,0
BRDA:325,18,0,0
BRDA:325,18,1,0
BRDA:339,19,0,0
BRDA:339,19,1,0
BRDA:352,20,0,0
BRDA:352,20,1,0
BRDA:374,21,0,0
BRDA:390,22,0,0
BRDA:468,23,0,0
BRDA:534,24,0,0
BRDA:534,24,1,0
BRF:44
BRH:0
end_of_record
TN:
SF:app/dashboard/events/create/page.tsx
FN:14,CreateEventPage
FN:32,(anonymous_3)
FNF:2
FNH:0
FNDA:0,CreateEventPage
FNDA:0,(anonymous_3)
DA:3,0
DA:4,0
DA:5,0
DA:6,0
DA:7,0
DA:8,0
DA:9,0
DA:10,0
DA:11,0
DA:12,0
DA:14,0
DA:15,0
DA:16,0
DA:17,0
DA:19,0
DA:27,0
DA:28,0
DA:29,0
DA:32,0
DA:33,0
DA:34,0
DA:36,0
DA:37,0
DA:38,0
DA:55,0
DA:63,0
DA:65,0
DA:66,0
DA:69,0
DA:70,0
DA:73,0
DA:74,0
DA:76,0
LF:33
LH:0
BRDA:19,0,0,0
BRDA:27,1,0,0
BRDA:47,2,0,0
BRDA:47,2,1,0
BRDA:48,3,0,0
BRDA:48,3,1,0
BRDA:49,4,0,0
BRDA:49,4,1,0
BRDA:50,5,0,0
BRDA:50,5,1,0
BRDA:65,6,0,0
BRDA:66,7,0,0
BRDA:66,7,1,0
BRDA:74,8,0,0
BRDA:74,8,1,0
BRDA:307,9,0,0
BRDA:307,9,1,0
BRF:17
BRH:0
end_of_record
TN:
SF:app/dashboard/orders/[orderId]/page.tsx
FN:33,OrderDetailsPage
FN:42,(anonymous_2)
FN:48,(anonymous_3)
FN:63,(anonymous_4)
FN:82,(anonymous_5)
FN:124,(anonymous_6)
FN:139,(anonymous_7)
FN:215,(anonymous_8)
FNF:8
FNH:0
FNDA:0,OrderDetailsPage
FNDA:0,(anonymous_2)
FNDA:0,(anonymous_3)
FNDA:0,(anonymous_4)
FNDA:0,(anonymous_5)
FNDA:0,(anonymous_6)
FNDA:0,(anonymous_7)
FNDA:0,(anonymous_8)
DA:3,0
DA:4,0
DA:5,0
DA:33,0
DA:34,0
DA:35,0
DA:36,0
DA:38,0
DA:39,0
DA:40,0
DA:42,0
DA:43,0
DA:44,0
DA:48,0
DA:49,0
DA:50,0
DA:51,0
DA:52,0
DA:54,0
DA:55,0
DA:57,0
DA:59,0
DA:63,0
DA:64,0
DA:65,0
DA:66,0
DA:68,0
DA:69,0
DA:70,0
DA:71,0
DA:72,0
DA:73,0
DA:74,0
DA:75,0
DA:76,0
DA:78,0
DA:82,0
DA:83,0
DA:84,0
DA:85,0
DA:87,0
DA:88,0
DA:89,0
DA:90,0
DA:91,0
DA:92,0
DA:93,0
DA:94,0
DA:95,0
DA:97,0
DA:101,0
DA:112,0
DA:124,0
DA:139,0
DA:216,0
LF:55
LH:0
BRDA:43,0,0,0
BRDA:51,1,0,0
BRDA:57,2,0,0
BRDA:57,2,1,0
BRDA:66,3,0,0
BRDA:85,4,0,0
BRDA:101,5,0,0
BRDA:112,6,0,0
BRDA:112,7,0,0
BRDA:112,7,1,0
BRDA:122,8,0,0
BRDA:122,8,1,0
BRDA:155,9,0,0
BRDA:155,9,1,0
BRDA:156,10,0,0
BRDA:156,10,1,0
BRDA:195,11,0,0
BRDA:260,12,0,0
BRF:18
BRH:0
end_of_record
TN:
SF:app/dashboard/settings/page.tsx
FN:30,SettingsPage
FN:60,(anonymous_3)
FN:65,(anonymous_4)
FN:130,(anonymous_5)
FN:133,(anonymous_6)
FN:516,(anonymous_7)
FN:567,(anonymous_8)
FN:578,(anonymous_9)
FN:587,(anonymous_10)
FNF:9
FNH:0
FNDA:0,SettingsPage
FNDA:0,(anonymous_3)
FNDA:0,(anonymous_4)
FNDA:0,(anonymous_5)
FNDA:0,(anonymous_6)
FNDA:0,(anonymous_7)
FNDA:0,(anonymous_8)
FNDA:0,(anonymous_9)
FNDA:0,(anonymous_10)
DA:3,0
DA:4,0
DA:5,0
DA:6,0
DA:7,0
DA:8,0
DA:9,0
DA:10,0
DA:11,0
DA:12,0
DA:28,0
DA:30,0
DA:31,0
DA:32,0
DA:33,0
DA:34,0
DA:35,0
DA:36,0
DA:37,0
DA:39,0
DA:47,0
DA:48,0
DA:49,0
DA:52,0
DA:60,0
DA:62,0
DA:65,0
DA:66,0
DA:67,0
DA:68,0
DA:71,0
DA:72,0
DA:73,0
DA:82,0
DA:84,0
DA:85,0
DA:88,0
DA:89,0
DA:91,0
DA:92,0
DA:131,0
DA:133,0
DA:516,0
DA:567,0
DA:578,0
DA:588,0
DA:589,0
DA:590,0
LF:48
LH:0
BRDA:39,0,0,0
BRDA:47,1,0,0
BRDA:66,2,0,0
BRDA:66,3,0,0
BRDA:66,3,1,0
BRDA:84,4,0,0
BRDA:85,5,0,0
BRDA:85,5,1,0
BRDA:91,6,0,0
BRDA:91,6,1,0
BRDA:135,7,0,0
BRDA:135,7,1,0
BRDA:151,8,0,0
BRDA:232,9,0,0
BRDA:291,10,0,0
BRDA:358,11,0,0
BRDA:401,12,0,0
BRDA:533,13,0,0
BRDA:600,14,0,0
BRDA:600,14,1,0
BRDA:604,15,0,0
BRF:21
BRH:0
end_of_record
TN:
SF:app/dashboard/users/page.tsx
FN:61,UsersPage
FN:68,(anonymous_3)
FN:70,(anonymous_4)
FN:94,(anonymous_5)
FN:109,(anonymous_6)
FN:163,(anonymous_7)
FN:197,(anonymous_8)
FNF:7
FNH:0
FNDA:0,UsersPage
FNDA:0,(anonymous_3)
FNDA:0,(anonymous_4)
FNDA:0,(anonymous_5)
FNDA:0,(anonymous_6)
FNDA:0,(anonymous_7)
FNDA:0,(anonymous_8)
DA:3,0
DA:4,0
DA:5,0
DA:6,0
DA:7,0
DA:8,0
DA:9,0
DA:10,0
DA:22,0
DA:25,0
DA:61,0
DA:62,0
DA:63,0
DA:64,0
DA:65,0
DA:66,0
DA:68,0
DA:69,0
DA:70,0
DA:71,0
DA:75,0
DA:77,0
DA:81,0
DA:89,0
DA:90,0
DA:91,0
DA:94,0
DA:95,0
DA:97,0
DA:99,0
DA:101,0
DA:103,0
DA:105,0
DA:109,0
DA:110,0
DA:112,0
DA:114,0
DA:116,0
DA:118,0
DA:163,0
DA:198,0
LF:41
LH:0
BRDA:69,0,0,0
BRDA:69,0,1,0
BRDA:71,1,0,0
BRDA:71,1,1,0
BRDA:71,1,2,0
BRDA:81,2,0,0
BRDA:89,3,0,0
BRDA:95,4,0,0
BRDA:95,4,1,0
BRDA:95,4,2,0
BRDA:95,4,3,0
BRDA:95,4,4,0
BRDA:110,5,0,0
BRDA:110,5,1,0
BRDA:110,5,2,0
BRDA:110,5,3,0
BRDA:229,6,0,0
BRDA:229,6,1,0
BRDA:230,7,0,0
BRDA:230,7,1,0
BRDA:231,8,0,0
BRDA:231,8,1,0
BRDA:237,9,0,0
BRDA:237,9,1,0
BRDA:256,10,0,0
BRDA:269,11,0,0
BRF:26
BRH:0
end_of_record
TN:
SF:app/events/[eventId]/purchase/failed/page.tsx
FN:51,PurchaseFailedContent
FN:61,(anonymous_2)
FN:69,(anonymous_3)
FN:83,(anonymous_4)
FN:204,(anonymous_5)
FN:272,PurchaseFailedPage
FNF:6
FNH:0
FNDA:0,PurchaseFailedContent
FNDA:0,(anonymous_2)
FNDA:0,(anonymous_3)
FNDA:0,(anonymous_4)
FNDA:0,(anonymous_5)
FNDA:0,PurchaseFailedPage
DA:3,0
DA:4,0
DA:5,0
DA:8,0
DA:52,0
DA:53,0
DA:54,0
DA:55,0
DA:56,0
DA:58,0
DA:59,0
DA:61,0
DA:62,0
DA:63,0
DA:65,0
DA:69,0
DA:70,0
DA:71,0
DA:72,0
DA:73,0
DA:74,0
DA:77,0
DA:79,0
DA:83,0
DA:84,0
DA:85,0
DA:87,0
DA:91,0
DA:92,0
DA:93,0
DA:94,0
DA:96,0
DA:204,0
DA:272,0
LF:34
LH:0
BRDA:55,0,0,0
BRDA:55,0,1,0
BRDA:62,1,0,0
BRDA:62,1,1,0
BRDA:72,2,0,0
BRDA:84,3,0,0
BRDA:84,3,1,0
BRDA:91,4,0,0
BRDA:91,4,1,0
BRDA:92,5,0,0
BRDA:92,5,1,0
BRDA:93,6,0,0
BRDA:93,6,1,0
BRDA:96,7,0,0
BRDA:119,8,0,0
BRDA:119,8,1,0
BRDA:122,9,0,0
BRDA:147,10,0,0
BRF:18
BRH:0
end_of_record
TN:
SF:app/events/[eventId]/purchase/success/page.tsx
FN:33,PurchaseSuccessContent
FN:42,(anonymous_2)
FN:52,(anonymous_3)
FN:67,(anonymous_4)
FN:109,(anonymous_5)
FN:228,(anonymous_6)
FN:245,(anonymous_7)
FN:319,PurchaseSuccessPage
FNF:8
FNH:0
FNDA:0,PurchaseSuccessContent
FNDA:0,(anonymous_2)
FNDA:0,(anonymous_3)
FNDA:0,(anonymous_4)
FNDA:0,(anonymous_5)
FNDA:0,(anonymous_6)
FNDA:0,(anonymous_7)
FNDA:0,PurchaseSuccessPage
DA:3,0
DA:4,0
DA:5,0
DA:34,0
DA:35,0
DA:36,0
DA:38,0
DA:39,0
DA:40,0
DA:42,0
DA:43,0
DA:44,0
DA:45,0
DA:46,0
DA:49,0
DA:52,0
DA:53,0
DA:54,0
DA:55,0
DA:56,0
DA:58,0
DA:59,0
DA:61,0
DA:63,0
DA:67,0
DA:68,0
DA:69,0
DA:70,0
DA:72,0
DA:73,0
DA:74,0
DA:75,0
DA:76,0
DA:77,0
DA:78,0
DA:79,0
DA:80,0
DA:82,0
DA:86,0
DA:97,0
DA:109,0
DA:228,0
DA:246,0
DA:247,0
DA:248,0
DA:250,0
DA:251,0
DA:252,0
DA:253,0
DA:254,0
DA:255,0
DA:256,0
DA:257,0
DA:258,0
DA:260,0
DA:319,0
LF:56
LH:0
BRDA:43,0,0,0
BRDA:55,1,0,0
BRDA:61,2,0,0
BRDA:61,2,1,0
BRDA:70,3,0,0
BRDA:86,4,0,0
BRDA:97,5,0,0
BRDA:97,6,0,0
BRDA:97,6,1,0
BRDA:107,7,0,0
BRDA:107,7,1,0
BRDA:172,8,0,0
BRDA:191,9,0,0
BRDA:212,10,0,0
BRDA:212,10,1,0
BRDA:248,11,0,0
BRF:16
BRH:0
end_of_record
TN:
SF:app/unauthorized/page.tsx
FN:9,UnauthorizedPage
FNF:1
FNH:0
FNDA:0,UnauthorizedPage
DA:3,0
DA:4,0
DA:5,0
DA:6,0
DA:7,0
DA:9,0
DA:10,0
LF:7
LH:0
BRDA:26,0,0,0
BRF:1
BRH:0
end_of_record
TN:
SF:components/events/CancelEventDialog.tsx
FN:20,CancelEventDialog
FN:42,(anonymous_2)
FN:51,(anonymous_3)
FN:179,(anonymous_4)
FN:179,(anonymous_5)
FN:195,(anonymous_6)
FN:195,(anonymous_7)
FN:213,(anonymous_8)
FN:213,(anonymous_9)
FN:234,(anonymous_10)
FN:234,(anonymous_11)
FN:241,(anonymous_12)
FN:313,(anonymous_13)
FNF:13
FNH:0
FNDA:0,CancelEventDialog
FNDA:0,(anonymous_2)
FNDA:0,(anonymous_3)
FNDA:0,(anonymous_4)
FNDA:0,(anonymous_5)
FNDA:0,(anonymous_6)
FNDA:0,(anonymous_7)
FNDA:0,(anonymous_8)
FNDA:0,(anonymous_9)
FNDA:0,(anonymous_10)
FNDA:0,(anonymous_11)
FNDA:0,(anonymous_12)
FNDA:0,(anonymous_13)
DA:3,0
DA:4,0
DA:5,0
DA:6,0
DA:7,0
DA:8,0
DA:9,0
DA:20,0
DA:28,0
DA:29,0
DA:30,0
DA:31,0
DA:33,0
DA:40,0
DA:42,0
DA:43,0
DA:44,0
DA:47,0
DA:51,0
DA:52,0
DA:53,0
DA:54,0
DA:57,0
DA:58,0
DA:59,0
DA:62,0
DA:63,0
DA:64,0
DA:66,0
DA:67,0
DA:79,0
DA:81,0
DA:82,0
DA:85,0
DA:86,0
DA:88,0
DA:89,0
DA:92,0
DA:93,0
DA:94,0
DA:96,0
DA:100,0
DA:179,0
DA:195,0
DA:213,0
DA:234,0
DA:241,0
DA:313,0
LF:48
LH:0
BRDA:43,0,0,0
BRDA:43,0,1,0
BRDA:52,1,0,0
BRDA:52,2,0,0
BRDA:52,2,1,0
BRDA:57,3,0,0
BRDA:57,4,0,0
BRDA:57,4,1,0
BRDA:73,5,0,0
BRDA:73,5,1,0
BRDA:81,6,0,0
BRDA:82,7,0,0
BRDA:82,7,1,0
BRDA:88,8,0,0
BRDA:93,9,0,0
BRDA:93,9,1,0
BRDA:100,10,0,0
BRDA:105,11,0,0
BRDA:119,12,0,0
BRDA:125,13,0,0
BRDA:125,13,1,0
BRDA:150,14,0,0
BRDA:150,14,1,0
BRDA:156,15,0,0
BRDA:165,16,0,0
BRDA:203,17,0,0
BRDA:203,17,1,0
BRDA:247,18,0,0
BRDA:247,18,1,0
BRDA:247,18,2,0
BRDA:249,19,0,0
BRDA:249,19,1,0
BRDA:262,20,0,0
BRDA:274,21,0,0
BRDA:274,21,1,0
BRDA:291,22,0,0
BRDA:291,22,1,0
BRDA:292,23,0,0
BRDA:294,24,0,0
BRDA:294,24,1,0
BRDA:295,25,0,0
BRDA:295,25,1,0
BRDA:298,26,0,0
BRDA:304,27,0,0
BRF:44
BRH:0
end_of_record
TN:
SF:components/events/EventCard.tsx
FN:51,(anonymous_2)
FN:76,EventCard
FN:79,(anonymous_4)
FN:81,(anonymous_5)
FNF:4
FNH:0
FNDA:0,(anonymous_2)
FNDA:0,EventCard
FNDA:0,(anonymous_4)
FNDA:0,(anonymous_5)
DA:3,0
DA:4,0
DA:5,0
DA:6,0
DA:14,0
DA:51,0
DA:52,0
DA:54,0
DA:56,0
DA:58,0
DA:60,0
DA:62,0
DA:64,0
DA:66,0
DA:68,0
DA:70,0
DA:72,0
DA:76,0
DA:77,0
DA:78,0
DA:79,0
DA:81,0
DA:85,0
DA:164,0
LF:24
LH:0
BRDA:52,0,0,0
BRDA:52,0,1,0
BRDA:52,0,2,0
BRDA:52,0,3,0
BRDA:52,0,4,0
BRDA:52,0,5,0
BRDA:52,0,6,0
BRDA:52,0,7,0
BRDA:52,0,8,0
BRDA:52,0,9,0
BRDA:76,1,0,0
BRDA:78,2,0,0
BRDA:78,2,1,0
BRDA:79,3,0,0
BRDA:79,3,1,0
BRDA:85,4,0,0
BRDA:92,5,0,0
BRDA:115,6,0,0
BRDA:115,6,1,0
BRDA:145,7,0,0
BRDA:164,8,0,0
BRDA:169,9,0,0
BRDA:190,10,0,0
BRDA:212,11,0,0
BRDA:212,11,1,0
BRDA:245,12,0,0
BRF:26
BRH:0
end_of_record
TN:
SF:components/events/ViewToggle.tsx
FN:13,ViewToggle
FN:19,(anonymous_2)
FN:29,(anonymous_3)
FN:39,(anonymous_4)
FNF:4
FNH:0
FNDA:0,ViewToggle
FNDA:0,(anonymous_2)
FNDA:0,(anonymous_3)
FNDA:0,(anonymous_4)
DA:3,0
DA:4,0
DA:13,0
DA:19,0
DA:29,0
DA:39,0
LF:6
LH:0
BRDA:17,0,0,0
BRDA:17,0,1,0
BRDA:27,1,0,0
BRDA:27,1,1,0
BRDA:37,2,0,0
BRDA:37,2,1,0
BRF:6
BRH:0
end_of_record
TN:
SF:components/layout/Footer.tsx
FN:7,Footer
FN:56,(anonymous_3)
FN:75,(anonymous_4)
FN:92,(anonymous_5)
FN:109,(anonymous_6)
FN:126,(anonymous_7)
FNF:6
FNH:0
FNDA:0,Footer
FNDA:0,(anonymous_3)
FNDA:0,(anonymous_4)
FNDA:0,(anonymous_5)
FNDA:0,(anonymous_6)
FNDA:0,(anonymous_7)
DA:3,0
DA:4,0
DA:5,0
DA:7,0
DA:8,0
DA:10,0
DA:37,0
DA:57,0
DA:76,0
DA:93,0
DA:110,0
DA:127,0
LF:12
LH:0
BRF:0
BRH:0
end_of_record
TN:
SF:components/layout/Header.tsx
FN:32,Header
FN:40,(anonymous_3)
FN:51,(anonymous_4)
FN:55,(anonymous_5)
FN:73,(anonymous_6)
FN:91,(anonymous_7)
FN:107,(anonymous_8)
FN:187,(anonymous_9)
FN:205,(anonymous_10)
FN:210,(anonymous_11)
FN:221,(anonymous_12)
FN:231,(anonymous_13)
FN:270,(anonymous_14)
FN:279,(anonymous_15)
FNF:14
FNH:0
FNDA:0,Header
FNDA:0,(anonymous_3)
FNDA:0,(anonymous_4)
FNDA:0,(anonymous_5)
FNDA:0,(anonymous_6)
FNDA:0,(anonymous_7)
FNDA:0,(anonymous_8)
FNDA:0,(anonymous_9)
FNDA:0,(anonymous_10)
FNDA:0,(anonymous_11)
FNDA:0,(anonymous_12)
FNDA:0,(anonymous_13)
FNDA:0,(anonymous_14)
FNDA:0,(anonymous_15)
DA:3,0
DA:4,0
DA:5,0
DA:6,0
DA:7,0
DA:15,0
DA:28,0
DA:29,0
DA:30,0
DA:32,0
DA:33,0
DA:34,0
DA:35,0
DA:36,0
DA:37,0
DA:38,0
DA:40,0
DA:41,0
DA:44,0
DA:51,0
DA:52,0
DA:55,0
DA:56,0
DA:57,0
DA:58,0
DA:74,0
DA:91,0
DA:107,0
DA:187,0
DA:206,0
DA:210,0
DA:221,0
DA:231,0
DA:270,0
DA:279,0
LF:35
LH:0
BRDA:57,0,0,0
BRDA:87,1,0,0
BRDA:91,2,0,0
BRDA:91,2,1,0
BRDA:95,3,0,0
BRDA:114,4,0,0
BRDA:116,5,0,0
BRDA:137,6,0,0
BRDA:137,6,1,0
BRDA:189,7,0,0
BRDA:196,8,0,0
BRDA:215,9,0,0
BRDA:229,10,0,0
BRDA:231,11,0,0
BRDA:231,11,1,0
BRDA:235,12,0,0
BRDA:254,13,0,0
BRF:17
BRH:0
end_of_record
TN:
SF:components/payments/SquarePaymentForm.tsx
FN:23,SquarePaymentForm
FN:38,(anonymous_3)
FN:39,(anonymous_4)
FN:52,(anonymous_5)
FN:56,(anonymous_6)
FN:66,(anonymous_7)
FN:67,(anonymous_8)
FN:83,(anonymous_9)
FN:87,(anonymous_10)
FN:91,(anonymous_11)
FN:95,(anonymous_12)
FN:107,(anonymous_13)
FN:115,(anonymous_14)
FNF:13
FNH:0
FNDA:0,SquarePaymentForm
FNDA:0,(anonymous_3)
FNDA:0,(anonymous_4)
FNDA:0,(anonymous_5)
FNDA:0,(anonymous_6)
FNDA:0,(anonymous_7)
FNDA:0,(anonymous_8)
FNDA:0,(anonymous_9)
FNDA:0,(anonymous_10)
FNDA:0,(anonymous_11)
FNDA:0,(anonymous_12)
FNDA:0,(anonymous_13)
FNDA:0,(anonymous_14)
DA:3,0
DA:4,0
DA:5,0
DA:6,0
DA:23,0
DA:31,0
DA:32,0
DA:33,0
DA:34,0
DA:35,0
DA:36,0
DA:38,0
DA:39,0
DA:40,0
DA:41,0
DA:42,0
DA:43,0
DA:46,0
DA:47,0
DA:48,0
DA:51,0
DA:52,0
DA:53,0
DA:54,0
DA:56,0
DA:57,0
DA:58,0
DA:60,0
DA:63,0
DA:66,0
DA:67,0
DA:68,0
DA:70,0
DA:72,0
DA:73,0
DA:76,0
DA:77,0
DA:80,0
DA:83,0
DA:84,0
DA:87,0
DA:88,0
DA:91,0
DA:92,0
DA:95,0
DA:96,0
DA:100,0
DA:101,0
DA:105,0
DA:107,0
DA:108,0
DA:109,0
DA:110,0
DA:115,0
DA:116,0
DA:118,0
DA:120,0
DA:122,0
DA:124,0
DA:126,0
DA:132,0
DA:133,0
DA:136,0
DA:137,0
DA:139,0
DA:143,0
LF:66
LH:0
BRDA:29,0,0,0
BRDA:40,1,0,0
BRDA:47,2,0,0
BRDA:47,2,1,0
BRDA:48,3,0,0
BRDA:48,3,1,0
BRDA:68,4,0,0
BRDA:68,5,0,0
BRDA:68,5,1,0
BRDA:68,5,2,0
BRDA:108,6,0,0
BRDA:116,7,0,0
BRDA:116,8,0,0
BRDA:116,8,1,0
BRDA:116,8,2,0
BRDA:124,9,0,0
BRDA:124,9,1,0
BRDA:132,10,0,0
BRDA:132,10,1,0
BRDA:143,11,0,0
BRDA:193,12,0,0
BRDA:193,12,1,0
BRDA:198,13,0,0
BRF:23
BRH:0
end_of_record
TN:
SF:components/providers/theme-provider.tsx
FN:8,ThemeProvider
FNF:1
FNH:0
FNDA:0,ThemeProvider
DA:3,0
DA:4,0
DA:8,0
LF:3
LH:0
BRF:0
BRH:0
end_of_record
TN:
SF:components/tickets/RefundRequestDialog.tsx
FN:19,RefundRequestDialog
FN:36,(anonymous_2)
FN:42,(anonymous_3)
FN:66,(anonymous_4)
FN:104,(anonymous_5)
FN:200,(anonymous_6)
FN:283,(anonymous_7)
FN:322,(anonymous_8)
FNF:8
FNH:0
FNDA:0,RefundRequestDialog
FNDA:0,(anonymous_2)
FNDA:0,(anonymous_3)
FNDA:0,(anonymous_4)
FNDA:0,(anonymous_5)
FNDA:0,(anonymous_6)
FNDA:0,(anonymous_7)
FNDA:0,(anonymous_8)
DA:3,0
DA:4,0
DA:5,0
DA:6,0
DA:7,0
DA:19,0
DA:28,0
DA:29,0
DA:30,0
DA:31,0
DA:32,0
DA:34,0
DA:36,0
DA:37,0
DA:38,0
DA:42,0
DA:43,0
DA:44,0
DA:45,0
DA:47,0
DA:48,0
DA:51,0
DA:53,0
DA:54,0
DA:56,0
DA:57,0
DA:60,0
DA:61,0
DA:62,0
DA:66,0
DA:67,0
DA:68,0
DA:69,0
DA:71,0
DA:72,0
DA:83,0
DA:85,0
DA:86,0
DA:89,0
DA:90,0
DA:92,0
DA:93,0
DA:96,0
DA:97,0
DA:98,0
DA:100,0
DA:104,0
DA:105,0
DA:106,0
DA:107,0
DA:108,0
DA:109,0
DA:112,0
DA:200,0
DA:284,0
DA:285,0
DA:323,0
DA:324,0
LF:58
LH:0
BRDA:37,0,0,0
BRDA:47,1,0,0
BRDA:48,2,0,0
BRDA:48,2,1,0
BRDA:53,3,0,0
BRDA:53,3,1,0
BRDA:56,4,0,0
BRDA:56,4,1,0
BRDA:61,5,0,0
BRDA:61,5,1,0
BRDA:79,6,0,0
BRDA:79,6,1,0
BRDA:85,7,0,0
BRDA:86,8,0,0
BRDA:86,8,1,0
BRDA:92,9,0,0
BRDA:97,10,0,0
BRDA:97,10,1,0
BRDA:112,11,0,0
BRDA:117,12,0,0
BRDA:129,13,0,0
BRDA:129,13,1,0
BRDA:156,14,0,0
BRDA:156,14,1,0
BRDA:158,15,0,0
BRDA:164,16,0,0
BRDA:164,16,1,0
BRDA:186,17,0,0
BRDA:217,18,0,0
BRDA:232,19,0,0
BRDA:244,20,0,0
BRDA:244,20,1,0
BRDA:262,21,0,0
BRDA:293,22,0,0
BRDA:298,23,0,0
BRDA:298,23,1,0
BRDA:298,24,0,0
BRDA:298,24,1,0
BRDA:306,25,0,0
BRDA:306,25,1,0
BRF:40
BRH:0
end_of_record
TN:
SF:components/tickets/TransferTicketDialog.tsx
FN:19,TransferTicketDialog
FN:38,(anonymous_2)
FN:83,(anonymous_3)
FN:146,(anonymous_4)
FN:146,(anonymous_5)
FN:163,(anonymous_6)
FN:163,(anonymous_7)
FN:236,(anonymous_8)
FNF:8
FNH:0
FNDA:0,TransferTicketDialog
FNDA:0,(anonymous_2)
FNDA:0,(anonymous_3)
FNDA:0,(anonymous_4)
FNDA:0,(anonymous_5)
FNDA:0,(anonymous_6)
FNDA:0,(anonymous_7)
FNDA:0,(anonymous_8)
DA:3,0
DA:4,0
DA:5,0
DA:6,0
DA:7,0
DA:8,0
DA:19,0
DA:27,0
DA:28,0
DA:29,0
DA:31,0
DA:36,0
DA:38,0
DA:39,0
DA:41,0
DA:42,0
DA:43,0
DA:46,0
DA:47,0
DA:48,0
DA:50,0
DA:51,0
DA:62,0
DA:64,0
DA:65,0
DA:68,0
DA:69,0
DA:71,0
DA:72,0
DA:75,0
DA:76,0
DA:77,0
DA:79,0
DA:83,0
DA:84,0
DA:85,0
DA:86,0
DA:87,0
DA:90,0
DA:146,0
DA:163,0
DA:237,0
DA:238,0
LF:43
LH:0
BRDA:41,0,0,0
BRDA:41,1,0,0
BRDA:41,1,1,0
BRDA:58,2,0,0
BRDA:58,2,1,0
BRDA:64,3,0,0
BRDA:65,4,0,0
BRDA:65,4,1,0
BRDA:71,5,0,0
BRDA:76,6,0,0
BRDA:76,6,1,0
BRDA:90,7,0,0
BRDA:95,8,0,0
BRDA:131,9,0,0
BRDA:178,10,0,0
BRDA:178,10,1,0
BRDA:180,11,0,0
BRDA:195,12,0,0
BRDA:207,13,0,0
BRDA:207,13,1,0
BRDA:246,14,0,0
BRF:21
BRH:0
end_of_record
TN:
SF:components/ui/alert.tsx
FNF:0
FNH:0
DA:1,0
DA:2,0
DA:4,0
DA:6,0
DA:33,0
DA:45,0
DA:57,0
DA:59,0
LF:8
LH:0
BRF:0
BRH:0
end_of_record
TN:
SF:components/ui/badge.tsx
FN:30,Badge
FNF:1
FNH:0
FNDA:0,Badge
DA:1,0
DA:2,0
DA:4,0
DA:6,0
DA:36,0
LF:5
LH:0
BRF:0
BRH:0
end_of_record
TN:
SF:components/ui/button.tsx
FN:44,(anonymous_6)
FNF:1
FNH:0
FNDA:0,(anonymous_6)
DA:1,0
DA:2,0
DA:3,0
DA:5,0
DA:7,0
DA:43,0
DA:45,0
DA:55,0
DA:57,0
LF:9
LH:0
BRDA:44,0,0,0
BRDA:45,1,0,0
BRDA:45,1,1,0
BRF:3
BRH:0
end_of_record
TN:
SF:components/ui/card.tsx
FNF:0
FNH:0
DA:1,0
DA:3,0
DA:18,0
DA:30,0
DA:42,0
DA:54,0
DA:62,0
DA:74,0
DA:76,0
LF:9
LH:0
BRF:0
BRH:0
end_of_record
TN:
SF:components/ui/checkbox.tsx
FNF:0
FNH:0
DA:3,0
DA:4,0
DA:5,0
DA:7,0
DA:28,0
DA:30,0
LF:6
LH:0
BRF:0
BRH:0
end_of_record
TN:
SF:components/ui/dialog.tsx
FNF:0
FNH:0
DA:3,0
DA:4,0
DA:5,0
DA:6,0
DA:8,0
DA:10,0
DA:12,0
DA:14,0
DA:29,0
DA:53,0
DA:67,0
DA:81,0
DA:96,0
DA:108,0
DA:111,0
DA:112,0
DA:113,0
DA:114,0
DA:115,0
DA:116,0
DA:117,0
DA:118,0
DA:119,0
DA:120,0
LF:24
LH:0
BRF:0
BRH:0
end_of_record
TN:
SF:components/ui/dropdown-menu.tsx
FN:171,(anonymous_27)
FNF:1
FNH:0
FNDA:0,(anonymous_27)
DA:3,0
DA:4,0
DA:5,0
DA:6,0
DA:8,0
DA:10,0
DA:12,0
DA:14,0
DA:16,0
DA:18,0
DA:39,0
DA:55,0
DA:75,0
DA:93,0
DA:116,0
DA:139,0
DA:157,0
DA:169,0
DA:171,0
DA:182,0
DA:185,0
DA:186,0
DA:187,0
DA:188,0
DA:189,0
DA:190,0
DA:191,0
DA:192,0
DA:193,0
DA:194,0
DA:195,0
DA:196,0
DA:197,0
DA:198,0
DA:199,0
LF:35
LH:0
BRDA:30,0,0,0
BRDA:30,0,1,0
BRDA:61,1,0,0
BRDA:87,2,0,0
BRDA:87,2,1,0
BRDA:151,3,0,0
BRDA:151,3,1,0
BRF:7
BRH:0
end_of_record
TN:
SF:components/ui/input.tsx
FN:6,(anonymous_4)
FNF:1
FNH:0
FNDA:0,(anonymous_4)
DA:1,0
DA:3,0
DA:5,0
DA:20,0
DA:22,0
LF:5
LH:0
BRF:0
BRH:0
end_of_record
TN:
SF:components/ui/label.tsx
FNF:0
FNH:0
DA:3,0
DA:4,0
DA:5,0
DA:7,0
DA:9,0
DA:24,0
DA:26,0
LF:7
LH:0
BRF:0
BRH:0
end_of_record
TN:
SF:components/ui/logo.tsx
FN:14,Logo
FN:19,(anonymous_6)
FN:54,LogoCompact
FN:59,LogoLarge
FNF:4
FNH:0
FNDA:0,Logo
FNDA:0,(anonymous_6)
FNDA:0,LogoCompact
FNDA:0,LogoLarge
DA:3,0
DA:4,0
DA:5,0
DA:14,0
DA:15,0
DA:16,0
DA:19,0
DA:20,0
DA:24,0
DA:25,0
DA:28,0
DA:54,0
DA:59,0
LF:13
LH:0
BRDA:14,0,0,0
BRDA:14,1,0,0
BRDA:14,2,0,0
BRDA:14,3,0,0
BRDA:24,4,0,0
BRDA:24,4,1,0
BRDA:28,5,0,0
BRDA:43,6,0,0
BRDA:43,6,1,0
BRDA:54,7,0,0
BRDA:54,8,0,0
BRDA:59,9,0,0
BRDA:59,10,0,0
BRF:13
BRH:0
end_of_record
TN:
SF:components/ui/progress.tsx
FNF:0
FNH:0
DA:3,0
DA:4,0
DA:6,0
DA:26,0
DA:28,0
LF:5
LH:0
BRDA:22,0,0,0
BRDA:22,0,1,0
BRF:2
BRH:0
end_of_record
TN:
SF:components/ui/tabs.tsx
FNF:0
FNH:0
DA:3,0
DA:4,0
DA:6,0
DA:8,0
DA:23,0
DA:38,0
DA:53,0
DA:55,0
LF:8
LH:0
BRF:0
BRH:0
end_of_record
TN:
SF:components/ui/textarea.tsx
FN:9,(anonymous_4)
FNF:1
FNH:0
FNDA:0,(anonymous_4)
DA:1,0
DA:3,0
DA:8,0
DA:22,0
DA:24,0
LF:5
LH:0
BRF:0
BRH:0
end_of_record
TN:
SF:components/ui/theme-toggle.tsx
FN:7,ThemeToggle
FN:11,(anonymous_5)
FN:26,(anonymous_6)
FNF:3
FNH:0
FNDA:0,ThemeToggle
FNDA:0,(anonymous_5)
FNDA:0,(anonymous_6)
DA:3,0
DA:4,0
DA:5,0
DA:7,0
DA:8,0
DA:9,0
DA:11,0
DA:12,0
DA:15,0
DA:26,0
LF:10
LH:0
BRDA:15,0,0,0
BRDA:26,1,0,0
BRDA:26,1,1,0
BRDA:31,2,0,0
BRF:4
BRH:0
end_of_record
TN:
SF:components/ui/toast.tsx
FN:46,(anonymous_12)
FNF:1
FNH:0
FNDA:0,(anonymous_12)
DA:3,0
DA:4,0
DA:5,0
DA:6,0
DA:7,0
DA:9,0
DA:24,0
DA:26,0
DA:42,0
DA:55,0
DA:70,0
DA:88,0
DA:100,0
DA:112,0
DA:121,0
DA:122,0
DA:123,0
DA:124,0
DA:125,0
DA:126,0
DA:127,0
LF:21
LH:0
BRF:0
BRH:0
end_of_record
TN:
SF:components/ui/toaster.tsx
FN:13,Toaster
FN:18,(anonymous_2)
FNF:2
FNH:0
FNDA:0,Toaster
FNDA:0,(anonymous_2)
DA:3,0
DA:11,0
DA:13,0
DA:14,0
DA:19,0
LF:5
LH:0
BRDA:22,0,0,0
BRDA:23,1,0,0
BRF:2
BRH:0
end_of_record
TN:
SF:lib/prisma.ts
FNF:0
FNH:0
DA:1,2
DA:3,2
DA:7,2
DA:9,2
LF:4
LH:4
BRDA:7,0,0,2
BRDA:7,0,1,2
BRDA:9,1,0,2
BRF:3
BRH:3
end_of_record
TN:
SF:lib/redis.ts
FN:20,(anonymous_6)
FN:24,(anonymous_7)
FN:34,(anonymous_8)
FN:49,(anonymous_9)
FN:58,(anonymous_10)
FN:68,(anonymous_11)
FN:78,(anonymous_12)
FN:90,(anonymous_13)
FN:100,(anonymous_14)
FN:110,(anonymous_15)
FN:120,(anonymous_16)
FN:134,(anonymous_17)
FN:135,(anonymous_18)
FN:136,(anonymous_19)
FN:138,(anonymous_20)
FN:139,(anonymous_21)
FN:140,(anonymous_22)
FN:141,(anonymous_23)
FN:142,(anonymous_24)
FNF:19
FNH:0
FNDA:0,(anonymous_6)
FNDA:0,(anonymous_7)
FNDA:0,(anonymous_8)
FNDA:0,(anonymous_9)
FNDA:0,(anonymous_10)
FNDA:0,(anonymous_11)
FNDA:0,(anonymous_12)
FNDA:0,(anonymous_13)
FNDA:0,(anonymous_14)
FNDA:0,(anonymous_15)
FNDA:0,(anonymous_16)
FNDA:0,(anonymous_17)
FNDA:0,(anonymous_18)
FNDA:0,(anonymous_19)
FNDA:0,(anonymous_20)
FNDA:0,(anonymous_21)
FNDA:0,(anonymous_22)
FNDA:0,(anonymous_23)
FNDA:0,(anonymous_24)
DA:1,0
DA:3,0
DA:7,0
DA:8,0
DA:14,0
DA:17,0
DA:21,0
DA:25,0
DA:26,0
DA:27,0
DA:29,0
DA:30,0
DA:35,0
DA:36,0
DA:37,0
DA:38,0
DA:40,0
DA:42,0
DA:44,0
DA:45,0
DA:50,0
DA:51,0
DA:53,0
DA:54,0
DA:59,0
DA:60,0
DA:61,0
DA:63,0
DA:64,0
DA:69,0
DA:70,0
DA:71,0
DA:73,0
DA:74,0
DA:79,0
DA:80,0
DA:81,0
DA:82,0
DA:84,0
DA:85,0
DA:91,0
DA:92,0
DA:94,0
DA:95,0
DA:101,0
DA:102,0
DA:104,0
DA:105,0
DA:111,0
DA:112,0
DA:114,0
DA:115,0
DA:121,0
DA:122,0
DA:124,0
DA:125,0
DA:130,0
DA:133,0
DA:134,0
DA:135,0
DA:137,0
DA:138,0
DA:139,0
DA:140,0
DA:141,0
DA:142,0
LF:66
LH:0
BRDA:8,0,0,0
BRDA:8,0,1,0
BRDA:9,1,0,0
BRDA:9,1,1,0
BRDA:14,2,0,0
BRDA:27,3,0,0
BRDA:27,3,1,0
BRDA:37,4,0,0
BRDA:37,4,1,0
BRDA:51,5,0,0
BRDA:51,5,1,0
BRDA:81,6,0,0
BRDA:137,7,0,0
BRDA:137,7,1,0
BRF:14
BRH:0
end_of_record
TN:
SF:lib/utils.ts
FN:4,cn
FN:8,formatPrice
FN:27,formatDate
FN:39,absoluteUrl
FN:43,generateSlug
FN:51,truncate
FN:56,getInitials
FN:59,(anonymous_23)
FN:65,sleep
FN:66,(anonymous_25)
FN:69,debounce
FN:74,(anonymous_27)
FN:76,(anonymous_28)
FN:80,isValidEmail
FN:85,isValidUrl
FN:94,getBaseUrl
FN:100,getErrorMessage
FN:105,capitalize
FN:109,pluralize
FNF:19
FNH:0
FNDA:0,cn
FNDA:0,formatPrice
FNDA:0,formatDate
FNDA:0,absoluteUrl
FNDA:0,generateSlug
FNDA:0,truncate
FNDA:0,getInitials
FNDA:0,(anonymous_23)
FNDA:0,sleep
FNDA:0,(anonymous_25)
FNDA:0,debounce
FNDA:0,(anonymous_27)
FNDA:0,(anonymous_28)
FNDA:0,isValidEmail
FNDA:0,isValidUrl
FNDA:0,getBaseUrl
FNDA:0,getErrorMessage
FNDA:0,capitalize
FNDA:0,pluralize
DA:1,0
DA:2,0
DA:4,0
DA:5,0
DA:8,0
DA:15,0
DA:17,0
DA:19,0
DA:27,0
DA:31,0
DA:39,0
DA:40,0
DA:43,0
DA:51,0
DA:52,0
DA:53,0
DA:56,0
DA:57,0
DA:59,0
DA:65,0
DA:66,0
DA:69,0
DA:74,0
DA:75,0
DA:76,0
DA:80,0
DA:81,0
DA:82,0
DA:85,0
DA:86,0
DA:87,0
DA:88,0
DA:90,0
DA:94,0
DA:95,0
DA:96,0
DA:97,0
DA:100,0
DA:101,0
DA:102,0
DA:105,0
DA:106,0
DA:109,0
DA:110,0
DA:111,0
LF:45
LH:0
BRDA:10,0,0,0
BRDA:15,1,0,0
BRDA:15,2,0,0
BRDA:17,3,0,0
BRDA:17,3,1,0
BRDA:29,4,0,0
BRDA:51,5,0,0
BRDA:52,6,0,0
BRDA:95,7,0,0
BRDA:96,8,0,0
BRDA:97,9,0,0
BRDA:97,9,1,0
BRDA:101,10,0,0
BRDA:110,11,0,0
BRDA:111,12,0,0
BRDA:111,12,1,0
BRF:16
BRH:0
end_of_record
TN:
SF:lib/auth/auth.config.ts
FN:18,(anonymous_2)
FN:107,(anonymous_3)
FN:118,(anonymous_4)
FN:129,(anonymous_5)
FN:155,(anonymous_6)
FN:158,(anonymous_7)
FNF:6
FNH:0
FNDA:0,(anonymous_2)
FNDA:0,(anonymous_3)
FNDA:0,(anonymous_4)
FNDA:0,(anonymous_5)
FNDA:0,(anonymous_6)
FNDA:0,(anonymous_7)
DA:2,0
DA:3,0
DA:4,0
DA:5,0
DA:7,0
DA:19,0
DA:20,0
DA:24,0
DA:39,0
DA:40,0
DA:44,0
DA:45,0
DA:49,0
DA:50,0
DA:54,0
DA:59,0
DA:61,0
DA:73,0
DA:77,0
DA:83,0
DA:95,0
DA:108,0
DA:109,0
DA:110,0
DA:111,0
DA:112,0
DA:115,0
DA:119,0
DA:120,0
DA:121,0
DA:122,0
DA:123,0
DA:126,0
DA:131,0
DA:156,0
DA:159,0
LF:36
LH:0
BRDA:19,0,0,0
BRDA:19,1,0,0
BRDA:19,1,1,0
BRDA:39,2,0,0
BRDA:39,3,0,0
BRDA:39,3,1,0
BRDA:44,4,0,0
BRDA:49,5,0,0
BRDA:59,6,0,0
BRDA:108,7,0,0
BRDA:111,8,0,0
BRDA:111,8,1,0
BRDA:112,9,0,0
BRDA:112,9,1,0
BRDA:119,10,0,0
BRF:15
BRH:0
end_of_record
TN:
SF:lib/auth/auth.ts
FNF:0
FNH:0
DA:1,0
DA:2,0
DA:4,0
DA:7,0
LF:4
LH:0
BRF:0
BRH:0
end_of_record
TN:
SF:lib/auth/middleware-config.ts
FN:10,(anonymous_1)
FN:31,(anonymous_2)
FNF:2
FNH:0
[...]
FNDA:0,(anonymous_16)
FNDA:0,(anonymous_17)
FNDA:0,(anonymous_18)
FNDA:0,(anonymous_19)
DA:1,0
DA:2,0
DA:3,0
DA:4,0
DA:5,0
DA:6,0
DA:8,0
DA:23,0
DA:27,0
DA:34,0
DA:35,0
DA:36,0
DA:37,0
DA:40,0
DA:43,0
DA:45,0
DA:49,0
DA:52,0
DA:55,0
DA:61,0
DA:65,0
DA:67,0
DA:71,0
DA:75,0
DA:83,0
DA:84,0
DA:85,0
DA:86,0
DA:89,0
DA:107,0
DA:109,0
DA:111,0
DA:117,0
DA:121,0
DA:123,0
DA:127,0
DA:131,0
DA:139,0
DA:140,0
DA:141,0
DA:144,0
DA:147,0
DA:151,0
DA:156,0
DA:160,0
DA:165,0
DA:173,0
DA:174,0
DA:176,0
DA:178,0
DA:180,0
DA:182,0
DA:186,0
DA:190,0
DA:194,0
DA:207,0
DA:209,0
DA:210,0
DA:213,0
DA:214,0
DA:221,0
DA:223,0
DA:227,0
DA:234,0
DA:235,0
DA:237,0
DA:238,0
DA:241,0
DA:248,0
DA:249,0
DA:259,0
DA:268,0
DA:280,0
DA:281,0
DA:289,0
DA:292,0
DA:293,0
DA:297,0
DA:298,0
DA:306,0
DA:307,0
DA:310,0
DA:314,0
DA:315,0
DA:323,0
DA:324,0
DA:327,0
DA:331,0
DA:332,0
DA:338,0
DA:351,0
LF:91
LH:0
BRDA:67,0,0,0
BRDA:67,0,1,0
BRDA:91,1,0,0
BRDA:91,1,1,0
BRDA:92,2,0,0
BRDA:92,2,1,0
BRDA:123,3,0,0
BRDA:123,3,1,0
BRDA:139,4,0,0
BRDA:156,5,0,0
BRDA:156,5,1,0
BRDA:190,6,0,0
BRDA:190,6,1,0
BRDA:213,7,0,0
BRDA:237,8,0,0
BRDA:340,9,0,0
BRDA:340,9,1,0
BRDA:341,10,0,0
BRDA:341,10,1,0
BRDA:342,11,0,0
BRDA:342,11,1,0
BRDA:346,12,0,0
BRDA:346,12,1,0
BRF:23
BRH:0
end_of_record
TN:
SF:lib/monitoring/sentry.ts
FN:5,initSentry
FN:19,(anonymous_11)
FN:39,(anonymous_12)
FN:65,logError
FN:85,(anonymous_14)
FN:91,(anonymous_15)
FN:97,(anonymous_16)
FN:112,logMessage
FN:131,(anonymous_18)
FN:137,(anonymous_19)
FN:143,(anonymous_20)
FN:155,startTransaction
FN:162,addBreadcrumb
FNF:13
FNH:0
FNDA:0,initSentry
FNDA:0,(anonymous_11)
FNDA:0,(anonymous_12)
FNDA:0,logError
FNDA:0,(anonymous_14)
FNDA:0,(anonymous_15)
FNDA:0,(anonymous_16)
FNDA:0,logMessage
FNDA:0,(anonymous_18)
FNDA:0,(anonymous_19)
FNDA:0,(anonymous_20)
FNDA:0,startTransaction
FNDA:0,addBreadcrumb
DA:1,0
DA:3,0
DA:5,0
DA:6,0
DA:7,0
DA:8,0
DA:11,0
DA:21,0
DA:22,0
DA:26,0
DA:27,0
DA:28,0
DA:31,0
DA:39,0
DA:40,0
DA:44,0
DA:65,0
DA:75,0
DA:76,0
DA:77,0
DA:78,0
DA:79,0
DA:84,0
DA:85,0
DA:86,0
DA:87,0
DA:90,0
DA:91,0
DA:92,0
DA:96,0
DA:97,0
DA:98,0
DA:102,0
DA:103,0
DA:106,0
DA:112,0
DA:122,0
DA:123,0
DA:124,0
DA:125,0
DA:130,0
DA:131,0
DA:132,0
DA:133,0
DA:136,0
DA:137,0
DA:138,0
DA:142,0
DA:143,0
DA:144,0
DA:148,0
DA:149,0
DA:155,0
DA:156,0
DA:159,0
DA:162,0
DA:163,0
DA:171,0
LF:58
LH:0
BRDA:6,0,0,0
BRDA:13,1,0,0
BRDA:13,1,1,0
BRDA:16,2,0,0
BRDA:16,2,1,0
BRDA:21,3,0,0
BRDA:21,4,0,0
BRDA:21,4,1,0
BRDA:27,5,0,0
BRDA:39,6,0,0
BRDA:48,7,0,0
BRDA:48,7,1,0
BRDA:58,8,0,0
BRDA:58,8,1,0
BRDA:75,9,0,0
BRDA:78,10,0,0
BRDA:84,11,0,0
BRDA:86,12,0,0
BRDA:90,13,0,0
BRDA:96,14,0,0
BRDA:102,15,0,0
BRDA:114,16,0,0
BRDA:122,17,0,0
BRDA:124,18,0,0
BRDA:130,19,0,0
BRDA:132,20,0,0
BRDA:136,21,0,0
BRDA:142,22,0,0
BRDA:156,23,0,0
BRDA:165,24,0,0
BRDA:165,24,1,0
BRDA:166,25,0,0
BRDA:166,25,1,0
BRF:33
BRH:0
end_of_record
TN:
SF:lib/payments/errors.ts
FN:27,(anonymous_4)
FN:179,(anonymous_5)
FN:197,(anonymous_6)
FNF:3
FNH:0
FNDA:0,(anonymous_4)
FNDA:0,(anonymous_5)
FNDA:0,(anonymous_6)
DA:4,0
DA:23,0
DA:28,0
DA:29,0
DA:31,0
DA:38,0
DA:61,0
DA:83,0
DA:103,0
DA:124,0
DA:143,0
DA:159,0
DA:180,0
DA:198,0
DA:201,0
DA:202,0
DA:203,0
DA:204,0
DA:205,0
DA:208,0
DA:209,0
DA:212,0
LF:22
LH:0
BRDA:28,0,0,0
BRDA:28,0,1,0
BRDA:28,0,2,0
BRDA:31,1,0,0
BRDA:31,1,1,0
BRDA:31,1,2,0
BRDA:31,1,3,0
BRDA:31,1,4,0
BRDA:31,1,5,0
BRDA:31,1,6,0
BRDA:31,1,7,0
BRDA:31,1,8,0
BRDA:31,1,9,0
BRDA:31,1,10,0
BRDA:31,1,11,0
BRDA:31,1,12,0
BRDA:31,1,13,0
BRDA:31,1,14,0
BRDA:31,1,15,0
BRDA:31,1,16,0
BRDA:31,1,17,0
BRDA:31,1,18,0
BRDA:31,1,19,0
BRDA:31,1,20,0
BRDA:31,1,21,0
BRDA:31,1,22,0
BRDA:31,1,23,0
BRDA:31,1,24,0
BRDA:31,1,25,0
BRDA:31,1,26,0
BRDA:31,1,27,0
BRDA:31,1,28,0
BRDA:208,2,0,0
BRF:33
BRH:0
end_of_record
TN:
SF:lib/payments/square.config.ts
FNF:0
FNH:0
DA:1,0
DA:4,0
DA:12,0
DA:15,0
DA:16,0
DA:17,0
DA:18,0
DA:19,0
DA:20,0
DA:21,0
DA:24,0
DA:32,0
DA:33,0
DA:36,0
DA:37,0
DA:40,0
DA:41,0
LF:17
LH:0
BRDA:5,0,0,0
BRDA:5,0,1,0
BRDA:32,1,0,0
BRDA:36,2,0,0
BRDA:40,3,0,0
BRF:5
BRH:0
end_of_record
TN:
SF:lib/services/billing.service.ts
FN:35,(anonymous_3)
FN:67,(anonymous_4)
FN:104,(anonymous_5)
FN:129,(anonymous_6)
FN:209,(anonymous_7)
FN:224,(anonymous_8)
FN:284,(anonymous_9)
FN:299,(anonymous_10)
FN:351,(anonymous_11)
FN:388,(anonymous_12)
FN:412,(anonymous_13)
FN:432,(anonymous_14)
FN:433,(anonymous_15)
FN:436,(anonymous_16)
FN:437,(anonymous_17)
FN:440,(anonymous_18)
FN:441,(anonymous_19)
FN:444,(anonymous_20)
FN:445,(anonymous_21)
FN:462,(anonymous_22)
FN:478,(anonymous_23)
FN:494,(anonymous_24)
FNF:22
FNH:0
FNDA:0,(anonymous_3)
FNDA:0,(anonymous_4)
FNDA:0,(anonymous_5)
FNDA:0,(anonymous_6)
FNDA:0,(anonymous_7)
FNDA:0,(anonymous_8)
FNDA:0,(anonymous_9)
FNDA:0,(anonymous_10)
FNDA:0,(anonymous_11)
FNDA:0,(anonymous_12)
FNDA:0,(anonymous_13)
FNDA:0,(anonymous_14)
FNDA:0,(anonymous_15)
FNDA:0,(anonymous_16)
FNDA:0,(anonymous_17)
FNDA:0,(anonymous_18)
FNDA:0,(anonymous_19)
FNDA:0,(anonymous_20)
FNDA:0,(anonymous_21)
FNDA:0,(anonymous_22)
FNDA:0,(anonymous_23)
FNDA:0,(anonymous_24)
DA:10,1
DA:31,0
DA:36,0
DA:40,0
DA:41,0
DA:61,0
DA:72,0
DA:75,0
DA:78,0
DA:79,0
DA:80,0
DA:83,0
DA:86,0
DA:87,0
DA:89,0
DA:112,0
DA:115,0
DA:122,0
DA:125,0
DA:126,0
DA:127,0
DA:129,0
DA:131,0
DA:133,0
DA:149,0
DA:167,0
DA:187,0
DA:215,0
DA:217,0
DA:220,0
DA:221,0
DA:222,0
DA:224,0
DA:226,0
DA:234,0
DA:236,0
DA:249,0
DA:266,0
DA:291,0
DA:293,0
DA:296,0
DA:299,0
DA:301,0
DA:316,0
DA:329,0
DA:342,0
DA:345,0
DA:355,0
DA:357,0
DA:359,0
DA:360,0
DA:361,0
DA:362,0
DA:365,0
DA:366,0
DA:367,0
DA:368,0
DA:371,0
DA:372,0
DA:375,0
DA:376,0
DA:379,0
DA:389,0
DA:417,0
DA:419,0
DA:421,0
DA:431,0
DA:432,0
DA:433,0
DA:435,0
DA:436,0
DA:437,0
DA:439,0
DA:440,0
DA:441,0
DA:443,0
DA:444,0
DA:445,0
DA:447,0
DA:463,0
DA:465,0
DA:479,0
DA:481,0
DA:495,0
DA:499,0
DA:500,0
DA:501,0
DA:503,0
DA:508,1
LF:89
LH:2
BRDA:40,0,0,0
BRDA:131,1,0,0
BRDA:131,1,1,0
BRDA:196,2,0,0
BRDA:196,2,1,0
BRDA:234,3,0,0
BRDA:234,3,1,0
BRDA:359,4,0,0
BRDA:365,5,0,0
BRDA:371,6,0,0
BRDA:375,7,0,0
BRDA:499,8,0,0
BRDA:500,9,0,0
BRDA:501,10,0,0
BRF:14
BRH:0
end_of_record
TN:
SF:lib/services/calendar.service.ts
FN:25,(anonymous_3)
FN:97,(anonymous_4)
FN:105,(anonymous_5)
FN:113,(anonymous_6)
FN:124,(anonymous_7)
FN:125,(anonymous_8)
FN:140,(anonymous_9)
FN:152,(anonymous_10)
FNF:8
FNH:0
FNDA:0,(anonymous_3)
FNDA:0,(anonymous_4)
FNDA:0,(anonymous_5)
FNDA:0,(anonymous_6)
FNDA:0,(anonymous_7)
FNDA:0,(anonymous_8)
FNDA:0,(anonymous_9)
FNDA:0,(anonymous_10)
DA:21,0
DA:26,0
DA:27,0
DA:30,0
DA:33,0
DA:34,0
DA:37,0
DA:52,0
DA:53,0
DA:56,0
DA:57,0
DA:60,0
DA:61,0
DA:64,0
DA:65,0
DA:69,0
DA:83,0
DA:91,0
DA:98,0
DA:99,0
DA:106,0
DA:107,0
DA:114,0
DA:118,0
DA:125,0
DA:127,0
DA:128,0
DA:129,0
DA:130,0
DA:131,0
DA:132,0
DA:134,0
DA:141,0
DA:162,0
DA:163,0
DA:165,0
DA:166,0
DA:167,0
DA:169,0
DA:170,0
DA:172,0
DA:174,0
DA:188,0
LF:43
LH:0
BRDA:52,0,0,0
BRDA:56,1,0,0
BRDA:60,2,0,0
BRDA:60,3,0,0
BRDA:60,3,1,0
BRDA:64,4,0,0
BRDA:162,5,0,0
BRDA:162,5,1,0
BRDA:166,6,0,0
BRDA:167,7,0,0
BRDA:167,7,1,0
BRDA:169,8,0,0
BRF:12
BRH:0
end_of_record
TN:
SF:lib/services/email.ts
FN:47,(anonymous_1)
FN:64,(anonymous_2)
FN:85,(anonymous_3)
FN:95,(anonymous_4)
FN:105,(anonymous_5)
FN:111,(anonymous_6)
FN:123,(anonymous_7)
FN:137,(anonymous_8)
FN:151,(anonymous_9)
FN:164,(anonymous_10)
FN:203,(anonymous_11)
FN:237,(anonymous_12)
FN:296,(anonymous_13)
FN:358,(anonymous_14)
FN:409,(anonymous_15)
FN:460,(anonymous_16)
FN:513,(anonymous_17)
FN:533,(anonymous_18)
FN:550,(anonymous_19)
FN:631,(anonymous_20)
FN:688,(anonymous_21)
FN:735,(anonymous_22)
FN:775,(anonymous_23)
FN:810,(anonymous_24)
FN:865,(anonymous_25)
FN:960,(anonymous_26)
FNF:26
FNH:0
FNDA:0,(anonymous_1)
FNDA:0,(anonymous_2)
FNDA:0,(anonymous_3)
FNDA:0,(anonymous_4)
FNDA:0,(anonymous_5)
FNDA:0,(anonymous_6)
FNDA:0,(anonymous_7)
FNDA:0,(anonymous_8)
FNDA:0,(anonymous_9)
FNDA:0,(anonymous_10)
FNDA:0,(anonymous_11)
FNDA:0,(anonymous_12)
FNDA:0,(anonymous_13)
FNDA:0,(anonymous_14)
FNDA:0,(anonymous_15)
FNDA:0,(anonymous_16)
FNDA:0,(anonymous_17)
FNDA:0,(anonymous_18)
FNDA:0,(anonymous_19)
FNDA:0,(anonymous_20)
FNDA:0,(anonymous_21)
FNDA:0,(anonymous_22)
FNDA:0,(anonymous_23)
FNDA:0,(anonymous_24)
FNDA:0,(anonymous_25)
FNDA:0,(anonymous_26)
DA:1,0
DA:4,0
DA:44,0
DA:45,0
DA:48,0
DA:49,0
DA:50,0
DA:53,0
DA:54,0
DA:63,0
DA:64,0
DA:70,0
DA:72,0
DA:73,0
DA:74,0
DA:77,0
DA:78,0
DA:80,0
DA:81,0
DA:86,0
DA:92,0
DA:96,0
DA:102,0
DA:111,0
DA:112,0
DA:117,0
DA:120,0
DA:128,0
DA:134,0
DA:142,0
DA:148,0
DA:155,0
DA:161,0
DA:165,0
DA:203,0
DA:238,0
DA:302,0
DA:359,0
DA:410,0
DA:461,0
DA:523,0
DA:525,0
DA:540,0
DA:542,0
DA:559,0
DA:637,0
DA:700,0
DA:727,0
DA:743,0
DA:767,0
DA:782,0
DA:802,0
DA:823,0
DA:857,0
DA:866,0
DA:961,0
DA:965,0
LF:57
LH:0
BRDA:48,0,0,0
BRDA:59,1,0,0
BRDA:59,1,1,0
BRDA:63,2,0,0
BRDA:63,3,0,0
BRDA:63,3,1,0
BRDA:66,4,0,0
BRDA:66,4,1,0
BRDA:72,5,0,0
BRDA:212,6,0,0
BRDA:212,6,1,0
BRDA:215,7,0,0
BRDA:215,7,1,0
BRDA:495,8,0,0
BRDA:495,8,1,0
BRDA:496,9,0,0
BRDA:496,9,1,0
BRDA:592,10,0,0
BRDA:592,10,1,0
BRDA:713,11,0,0
BRDA:713,11,1,0
BRDA:44,12,0,0
BRDA:44,12,1,0
BRF:23
BRH:0
end_of_record
TN:
SF:lib/services/payout.service.ts
FN:23,(anonymous_3)
FN:35,(anonymous_4)
FN:80,(anonymous_5)
FN:119,(anonymous_6)
FN:120,(anonymous_7)
FN:123,(anonymous_8)
FN:124,(anonymous_9)
FN:133,(anonymous_10)
FN:178,(anonymous_11)
FN:243,(anonymous_12)
FN:262,(anonymous_13)
FN:281,(anonymous_14)
FN:327,(anonymous_15)
FN:341,(anonymous_16)
FN:369,(anonymous_17)
FN:385,(anonymous_18)
FN:386,(anonymous_19)
FN:387,(anonymous_20)
FN:388,(anonymous_21)
FNF:19
FNH:0
FNDA:0,(anonymous_3)
FNDA:0,(anonymous_4)
FNDA:0,(anonymous_5)
FNDA:0,(anonymous_6)
FNDA:0,(anonymous_7)
FNDA:0,(anonymous_8)
FNDA:0,(anonymous_9)
FNDA:0,(anonymous_10)
FNDA:0,(anonymous_11)
FNDA:0,(anonymous_12)
FNDA:0,(anonymous_13)
FNDA:0,(anonymous_14)
FNDA:0,(anonymous_15)
FNDA:0,(anonymous_16)
FNDA:0,(anonymous_17)
FNDA:0,(anonymous_18)
FNDA:0,(anonymous_19)
FNDA:0,(anonymous_20)
FNDA:0,(anonymous_21)
DA:10,0
DA:11,0
DA:20,0
DA:24,0
DA:36,0
DA:40,0
DA:41,0
DA:49,0
DA:50,0
DA:58,0
DA:59,0
DA:61,0
DA:62,0
DA:70,0
DA:85,0
DA:88,0
DA:89,0
DA:90,0
DA:93,0
DA:100,0
DA:101,0
DA:105,0
DA:118,0
DA:119,0
DA:120,0
DA:122,0
DA:123,0
DA:124,0
DA:127,0
DA:130,0
DA:133,0
DA:135,0
DA:152,0
DA:165,0
DA:170,0
DA:172,0
DA:184,0
DA:185,0
DA:186,0
DA:187,0
DA:190,0
DA:203,0
DA:210,0
DA:211,0
DA:212,0
DA:214,0
DA:215,0
DA:218,0
DA:224,0
DA:225,0
DA:228,0
DA:229,0
DA:230,0
DA:237,0
DA:244,0
DA:248,0
DA:249,0
DA:252,0
DA:262,0
DA:282,0
DA:293,0
DA:294,0
DA:297,0
DA:298,0
DA:301,0
DA:302,0
DA:306,0
DA:319,0
DA:321,0
DA:328,0
DA:332,0
DA:333,0
DA:336,0
DA:337,0
DA:341,0
DA:342,0
DA:350,0
DA:363,0
DA:373,0
DA:375,0
DA:376,0
DA:377,0
DA:378,0
DA:379,0
DA:382,0
DA:384,0
DA:385,0
DA:386,0
DA:387,0
DA:388,0
DA:390,0
DA:403,0
LF:92
LH:0
BRDA:26,0,0,0
BRDA:26,0,1,0
BRDA:40,1,0,0
BRDA:49,2,0,0
BRDA:61,3,0,0
BRDA:89,4,0,0
BRDA:90,5,0,0
BRDA:90,5,1,0
BRDA:100,6,0,0
BRDA:214,7,0,0
BRDA:232,8,0,0
BRDA:232,8,1,0
BRDA:243,9,0,0
BRDA:248,10,0,0
BRDA:293,11,0,0
BRDA:297,12,0,0
BRDA:301,13,0,0
BRDA:332,14,0,0
BRDA:336,15,0,0
BRDA:376,16,0,0
BRDA:376,17,0,0
BRDA:376,17,1,0
BRDA:378,18,0,0
BRDA:379,19,0,0
BRDA:396,20,0,0
BRDA:396,20,1,0
BRDA:397,21,0,0
BRDA:397,21,1,0
BRF:28
BRH:0
end_of_record
TN:
SF:lib/services/pdf-ticket.service.ts
FN:42,(anonymous_2)
FN:43,(anonymous_3)
FN:54,(anonymous_4)
FN:246,(anonymous_5)
FN:272,(anonymous_6)
FN:273,(anonymous_7)
FN:282,(anonymous_8)
FNF:7
FNH:0
FNDA:0,(anonymous_2)
FNDA:0,(anonymous_3)
FNDA:0,(anonymous_4)
FNDA:0,(anonymous_5)
FNDA:0,(anonymous_6)
FNDA:0,(anonymous_7)
FNDA:0,(anonymous_8)
DA:8,0
DA:9,0
DA:43,0
DA:44,0
DA:46,0
DA:52,0
DA:53,0
DA:54,0
DA:55,0
DA:56,0
DA:58,0
DA:61,0
DA:73,0
DA:74,0
DA:77,0
DA:82,0
DA:88,0
DA:93,0
DA:95,0
DA:100,0
DA:103,0
DA:104,0
DA:110,0
DA:115,0
DA:120,0
DA:125,0
DA:128,0
DA:133,0
DA:138,0
DA:143,0
DA:145,0
DA:151,0
DA:153,0
DA:157,0
DA:159,0
DA:164,0
DA:166,0
DA:171,0
DA:175,0
DA:177,0
DA:181,0
DA:185,0
DA:187,0
DA:191,0
DA:195,0
DA:197,0
DA:201,0
DA:206,0
DA:208,0
DA:212,0
DA:214,0
DA:219,0
DA:225,0
DA:227,0
DA:232,0
DA:234,0
DA:242,0
DA:246,0
DA:247,0
DA:251,0
DA:261,0
DA:264,0
DA:273,0
DA:274,0
DA:275,0
DA:280,0
DA:281,0
DA:282,0
DA:283,0
DA:284,0
DA:286,0
DA:289,0
DA:290,0
DA:291,0
DA:299,0
DA:302,0
DA:308,0
LF:77
LH:0
BRDA:290,0,0,0
BRF:1
BRH:0
end_of_record
TN:
SF:lib/services/qrcode.ts
FN:26,(anonymous_2)
FN:53,(anonymous_3)
FN:83,(anonymous_4)
FN:108,(anonymous_5)
FN:130,(anonymous_6)
FN:151,(anonymous_7)
FNF:6
FNH:0
FNDA:0,(anonymous_2)
FNDA:0,(anonymous_3)
FNDA:0,(anonymous_4)
FNDA:0,(anonymous_5)
FNDA:0,(anonymous_6)
FNDA:0,(anonymous_7)
DA:1,0
DA:27,0
DA:29,0
DA:32,0
DA:42,0
DA:44,0
DA:45,0
DA:54,0
DA:55,0
DA:62,0
DA:72,0
DA:74,0
DA:75,0
DA:84,0
DA:85,0
DA:87,0
DA:98,0
DA:100,0
DA:101,0
DA:109,0
DA:110,0
DA:120,0
DA:122,0
DA:123,0
DA:131,0
DA:133,0
DA:134,0
DA:137,0
DA:138,0
DA:139,0
DA:143,0
DA:152,0
DA:154,0
DA:155,0
DA:156,0
DA:164,0
DA:165,0
DA:166,0
DA:167,0
DA:168,0
DA:170,0
DA:171,0
DA:174,0
DA:178,0
DA:182,0
LF:45
LH:0
BRDA:134,0,0,0
BRDA:134,0,1,0
BRDA:134,0,2,0
BRDA:139,1,0,0
BRDA:139,1,1,0
BRDA:139,1,2,0
BRDA:155,2,0,0
BRDA:155,3,0,0
BRDA:155,3,1,0
BRDA:155,3,2,0
BRDA:170,4,0,0
BRDA:170,5,0,0
BRDA:170,5,1,0
BRDA:170,5,2,0
BRF:14
BRH:0
end_of_record
TN:
SF:lib/services/receipt.service.ts
FN:40,(anonymous_4)
FN:41,(anonymous_5)
FN:54,(anonymous_6)
FN:55,(anonymous_7)
FN:77,(anonymous_8)
FN:91,(anonymous_9)
FN:116,(anonymous_10)
FN:134,(anonymous_11)
FN:153,(anonymous_12)
FN:176,(anonymous_13)
FN:194,(anonymous_14)
FN:269,(anonymous_15)
FN:292,(anonymous_16)
FN:312,(anonymous_17)
FN:323,(anonymous_18)
FN:338,(anonymous_19)
FN:345,(anonymous_20)
FNF:17
FNH:0
FNDA:0,(anonymous_4)
FNDA:0,(anonymous_5)
FNDA:0,(anonymous_6)
FNDA:0,(anonymous_7)
FNDA:0,(anonymous_8)
FNDA:0,(anonymous_9)
FNDA:0,(anonymous_10)
FNDA:0,(anonymous_11)
FNDA:0,(anonymous_12)
FNDA:0,(anonymous_13)
FNDA:0,(anonymous_14)
FNDA:0,(anonymous_15)
FNDA:0,(anonymous_16)
FNDA:0,(anonymous_17)
FNDA:0,(anonymous_18)
FNDA:0,(anonymous_19)
FNDA:0,(anonymous_20)
DA:10,0
DA:36,0
DA:41,0
DA:42,0
DA:43,0
DA:53,0
DA:54,0
DA:55,0
DA:56,0
DA:59,0
DA:60,0
DA:61,0
DA:62,0
DA:63,0
DA:64,0
DA:65,0
DA:67,0
DA:69,0
DA:78,0
DA:92,0
DA:95,0
DA:104,0
DA:110,0
DA:117,0
DA:119,0
DA:135,0
DA:137,0
DA:143,0
DA:144,0
DA:147,0
DA:154,0
DA:156,0
DA:157,0
DA:160,0
DA:169,0
DA:175,0
DA:176,0
DA:177,0
DA:185,0
DA:188,0
DA:195,0
DA:198,0
DA:203,0
DA:205,0
DA:206,0
DA:207,0
DA:210,0
DA:216,0
DA:219,0
DA:220,0
DA:223,0
DA:227,0
DA:231,0
DA:234,0
DA:239,0
DA:242,0
DA:248,0
DA:251,0
DA:256,0
DA:257,0
DA:258,0
DA:263,0
DA:270,0
DA:271,0
DA:273,0
DA:293,0
DA:294,0
DA:299,0
DA:306,0
DA:313,0
DA:324,0
DA:339,0
DA:346,0
DA:351,0
LF:74
LH:0
BRDA:143,0,0,0
BRDA:219,1,0,0
BRDA:256,2,0,0
BRF:3
BRH:0
end_of_record
TN:
SF:lib/services/refund.service.ts
FN:49,(anonymous_3)
FN:61,(anonymous_4)
FN:73,(anonymous_5)
FN:183,(anonymous_6)
FN:222,(anonymous_7)
FN:262,(anonymous_8)
FN:358,(anonymous_9)
FN:376,(anonymous_10)
FNF:8
FNH:2
FNDA:6,(anonymous_3)
FNDA:5,(anonymous_4)
FNDA:0,(anonymous_5)
FNDA:0,(anonymous_6)
FNDA:0,(anonymous_7)
FNDA:0,(anonymous_8)
FNDA:0,(anonymous_9)
FNDA:0,(anonymous_10)
DA:10,1
DA:11,1
DA:12,1
DA:13,1
DA:46,6
DA:50,6
DA:62,5
DA:77,0
DA:80,0
DA:91,0
DA:92,0
DA:99,0
DA:100,0
DA:107,0
DA:108,0
DA:115,0
DA:116,0
DA:123,0
DA:125,0
DA:126,0
DA:133,0
DA:134,0
DA:135,0
DA:138,0
DA:139,0
DA:146,0
DA:147,0
DA:154,0
DA:155,0
DA:156,0
DA:157,0
DA:165,0
DA:171,0
DA:188,0
DA:191,0
DA:192,0
DA:193,0
DA:195,0
DA:196,0
DA:200,0
DA:203,0
DA:205,0
DA:228,0
DA:231,0
DA:233,0
DA:234,0
DA:238,0
DA:254,0
DA:255,0
DA:258,0
DA:259,0
DA:262,0
DA:264,0
DA:266,0
DA:278,0
DA:279,0
DA:290,0
DA:300,0
DA:308,0
DA:319,0
DA:320,0
DA:327,0
DA:331,0
DA:339,0
DA:342,0
DA:350,0
DA:359,0
DA:377,0
DA:392,1
LF:69
LH:8
BRDA:52,0,0,0
BRDA:52,0,1,6
BRDA:91,1,0,0
BRDA:99,2,0,0
BRDA:107,3,0,0
BRDA:107,4,0,0
BRDA:107,4,1,0
BRDA:115,5,0,0
BRDA:125,6,0,0
BRDA:138,7,0,0
BRDA:146,8,0,0
BRDA:146,9,0,0
BRDA:146,9,1,0
BRDA:154,10,0,0
BRDA:156,11,0,0
BRDA:192,12,0,0
BRDA:195,13,0,0
BRDA:233,14,0,0
BRDA:234,15,0,0
BRDA:234,15,1,0
BRDA:254,16,0,0
BRDA:254,17,0,0
BRDA:254,17,1,0
BRDA:271,18,0,0
BRDA:271,18,1,0
BRDA:272,19,0,0
BRDA:272,19,1,0
BRDA:286,20,0,0
BRDA:286,20,1,0
BRF:29
BRH:1
end_of_record
TN:
SF:lib/services/tax.service.ts
FN:130,(anonymous_5)
FN:179,(anonymous_6)
FN:187,(anonymous_7)
FN:215,(anonymous_8)
FN:222,(anonymous_9)
FN:245,(anonymous_10)
FN:272,(anonymous_11)
FN:284,(anonymous_12)
FN:297,(anonymous_13)
FN:305,(anonymous_14)
FN:312,(anonymous_15)
FNF:11
FNH:0
FNDA:0,(anonymous_5)
FNDA:0,(anonymous_6)
FNDA:0,(anonymous_7)
FNDA:0,(anonymous_8)
FNDA:0,(anonymous_9)
FNDA:0,(anonymous_10)
FNDA:0,(anonymous_11)
FNDA:0,(anonymous_12)
FNDA:0,(anonymous_13)
FNDA:0,(anonymous_14)
FNDA:0,(anonymous_15)
DA:10,0
DA:14,0
DA:69,0
DA:123,0
DA:124,0
DA:137,0
DA:140,0
DA:141,0
DA:142,0
DA:156,0
DA:157,0
DA:158,0
DA:161,0
DA:162,0
DA:164,0
DA:180,0
DA:181,0
DA:188,0
DA:190,0
DA:191,0
DA:192,0
DA:195,0
DA:196,0
DA:197,0
DA:201,0
DA:204,0
DA:209,0
DA:216,0
DA:223,0
DA:224,0
DA:235,0
DA:237,0
DA:238,0
DA:252,0
DA:253,0
DA:254,0
DA:256,0
DA:260,0
DA:274,0
DA:275,0
DA:276,0
DA:278,0
DA:286,0
DA:287,0
DA:288,0
DA:289,0
DA:291,0
DA:298,0
DA:299,0
DA:306,0
DA:314,0
DA:315,0
DA:319,0
DA:322,0
DA:323,0
DA:327,0
DA:328,0
DA:329,0
DA:332,0
DA:337,0
DA:340,0
LF:61
LH:0
BRDA:141,0,0,0
BRDA:181,1,0,0
BRDA:181,1,1,0
BRDA:188,2,0,0
BRDA:196,3,0,0
BRDA:196,4,0,0
BRDA:196,4,1,0
BRDA:201,5,0,0
BRDA:201,5,1,0
BRDA:256,6,0,0
BRDA:256,6,1,0
BRDA:275,7,0,0
BRDA:275,8,0,0
BRDA:275,8,1,0
BRDA:275,8,2,0
BRDA:287,9,0,0
BRDA:289,10,0,0
BRDA:289,10,1,0
BRDA:299,11,0,0
BRDA:299,11,1,0
BRDA:299,12,0,0
BRDA:299,12,1,0
BRDA:314,13,0,0
BRDA:314,14,0,0
BRDA:314,14,1,0
BRDA:322,15,0,0
BRDA:328,16,0,0
BRF:27
BRH:0
end_of_record
TN:
SF:lib/services/ticket-transfer.service.ts
FN:42,(anonymous_5)
FN:149,(anonymous_6)
FN:247,(anonymous_7)
FN:308,(anonymous_8)
FN:365,(anonymous_9)
FN:411,(anonymous_10)
FN:451,(anonymous_11)
FN:464,(anonymous_12)
FN:475,(anonymous_13)
FNF:9
FNH:0
FNDA:0,(anonymous_5)
FNDA:0,(anonymous_6)
FNDA:0,(anonymous_7)
FNDA:0,(anonymous_8)
FNDA:0,(anonymous_9)
FNDA:0,(anonymous_10)
FNDA:0,(anonymous_11)
FNDA:0,(anonymous_12)
FNDA:0,(anonymous_13)
DA:10,1
DA:11,1
DA:13,1
DA:38,4
DA:46,0
DA:49,0
DA:60,0
DA:61,0
DA:68,0
DA:69,0
DA:76,0
DA:77,0
DA:84,0
DA:85,0
DA:92,0
DA:93,0
DA:94,0
DA:96,0
DA:97,0
DA:104,0
DA:105,0
DA:112,0
DA:119,0
DA:120,0
DA:127,0
DA:133,0
DA:134,0
DA:135,0
DA:141,0
DA:155,0
DA:158,0
DA:163,0
DA:164,0
DA:168,0
DA:172,0
DA:173,0
DA:177,0
DA:188,0
DA:189,0
DA:193,0
DA:199,0
DA:200,0
DA:202,0
DA:221,0
DA:229,0
DA:231,0
DA:251,0
DA:254,0
DA:260,0
DA:261,0
DA:264,0
DA:267,0
DA:268,0
DA:272,0
DA:274,0
DA:279,0
DA:283,0
DA:287,0
DA:288,0
DA:292,0
DA:303,0
DA:304,0
DA:308,0
DA:310,0
DA:311,0
DA:314,0
DA:327,0
DA:337,0
DA:353,0
DA:370,0
DA:373,0
DA:379,0
DA:380,0
DA:383,0
DA:386,0
DA:390,0
DA:391,0
DA:395,0
DA:396,0
DA:400,0
DA:415,0
DA:418,0
DA:424,0
DA:425,0
DA:428,0
DA:431,0
DA:432,0
DA:436,0
DA:437,0
DA:441,0
DA:452,0
DA:458,0
DA:465,0
DA:479,0
DA:482,0
DA:488,0
DA:489,0
DA:491,0
DA:492,0
DA:493,0
DA:498,0
DA:500,0
DA:504,0
DA:508,1
LF:104
LH:5
BRDA:60,0,0,0
BRDA:68,1,0,0
BRDA:76,2,0,0
BRDA:84,3,0,0
BRDA:96,4,0,0
BRDA:104,5,0,0
BRDA:119,6,0,0
BRDA:119,7,0,0
BRDA:119,7,1,0
BRDA:133,8,0,0
BRDA:133,8,1,0
BRDA:134,9,0,0
BRDA:163,10,0,0
BRDA:164,11,0,0
BRDA:164,11,1,0
BRDA:172,12,0,0
BRDA:188,13,0,0
BRDA:212,14,0,0
BRDA:212,14,1,0
BRDA:214,15,0,0
BRDA:214,15,1,0
BRDA:237,16,0,0
BRDA:237,16,1,0
BRDA:238,17,0,0
BRDA:238,17,1,0
BRDA:260,18,0,0
BRDA:260,19,0,0
BRDA:260,19,1,0
BRDA:267,20,0,0
BRDA:272,21,0,0
BRDA:287,22,0,0
BRDA:287,23,0,0
BRDA:287,23,1,0
BRDA:303,24,0,0
BRDA:318,25,0,0
BRDA:318,25,1,0
BRDA:318,26,0,0
BRDA:318,26,1,0
BRDA:318,27,0,0
BRDA:318,27,1,0
BRDA:379,28,0,0
BRDA:379,29,0,0
BRDA:379,29,1,0
BRDA:390,30,0,0
BRDA:390,31,0,0
BRDA:390,31,1,0
BRDA:395,32,0,0
BRDA:424,33,0,0
BRDA:424,34,0,0
BRDA:424,34,1,0
BRDA:431,35,0,0
BRDA:436,36,0,0
BRDA:458,37,0,0
BRDA:458,37,1,0
BRDA:458,38,0,0
BRDA:458,38,1,0
BRF:56
BRH:0
end_of_record
